{"/Users/topher/Code/rhizome-v2/worker/engines/base-engine.ts": {"path":"/Users/topher/Code/rhizome-v2/worker/engines/base-engine.ts","statementMap":{"0":{"start":{"line":25,"column":50},"end":{"line":25,"column":59}},"1":{"start":{"line":28,"column":20},"end":{"line":33,"column":4}},"2":{"start":{"line":40,"column":22},"end":{"line":40,"column":39}},"3":{"start":{"line":42,"column":4},"end":{"line":82,"column":5}},"4":{"start":{"line":44,"column":6},"end":{"line":46,"column":7}},"5":{"start":{"line":45,"column":8},"end":{"line":45,"column":18}},"6":{"start":{"line":49,"column":23},"end":{"line":49,"column":46}},"7":{"start":{"line":50,"column":6},"end":{"line":53,"column":7}},"8":{"start":{"line":51,"column":8},"end":{"line":51,"column":33}},"9":{"start":{"line":52,"column":8},"end":{"line":52,"column":41}},"10":{"start":{"line":55,"column":6},"end":{"line":55,"column":33}},"11":{"start":{"line":58,"column":6},"end":{"line":60,"column":7}},"12":{"start":{"line":59,"column":8},"end":{"line":59,"column":42}},"13":{"start":{"line":63,"column":22},"end":{"line":63,"column":50}},"14":{"start":{"line":66,"column":31},"end":{"line":66,"column":70}},"15":{"start":{"line":69,"column":6},"end":{"line":71,"column":7}},"16":{"start":{"line":70,"column":8},"end":{"line":70,"column":51}},"17":{"start":{"line":74,"column":6},"end":{"line":74,"column":37}},"18":{"start":{"line":75,"column":6},"end":{"line":75,"column":62}},"19":{"start":{"line":77,"column":6},"end":{"line":77,"column":30}},"20":{"start":{"line":80,"column":6},"end":{"line":80,"column":62}},"21":{"start":{"line":81,"column":6},"end":{"line":81,"column":18}},"22":{"start":{"line":99,"column":4},"end":{"line":101,"column":5}},"23":{"start":{"line":100,"column":6},"end":{"line":100,"column":19}},"24":{"start":{"line":104,"column":4},"end":{"line":104,"column":55}},"25":{"start":{"line":118,"column":4},"end":{"line":124,"column":7}},"26":{"start":{"line":131,"column":19},"end":{"line":131,"column":41}},"27":{"start":{"line":132,"column":4},"end":{"line":132,"column":25}},"28":{"start":{"line":142,"column":20},"end":{"line":142,"column":32}},"29":{"start":{"line":145,"column":4},"end":{"line":147,"column":5}},"30":{"start":{"line":146,"column":6},"end":{"line":146,"column":68}},"31":{"start":{"line":146,"column":40},"end":{"line":146,"column":66}},"32":{"start":{"line":150,"column":4},"end":{"line":150,"column":48}},"33":{"start":{"line":150,"column":29},"end":{"line":150,"column":46}},"34":{"start":{"line":153,"column":4},"end":{"line":155,"column":5}},"35":{"start":{"line":154,"column":6},"end":{"line":154,"column":56}},"36":{"start":{"line":157,"column":4},"end":{"line":157,"column":21}},"37":{"start":{"line":164,"column":22},"end":{"line":164,"column":72}},"38":{"start":{"line":164,"column":50},"end":{"line":164,"column":54}},"39":{"start":{"line":165,"column":4},"end":{"line":165,"column":63}},"40":{"start":{"line":175,"column":4},"end":{"line":175,"column":59}},"41":{"start":{"line":175,"column":50},"end":{"line":175,"column":59}},"42":{"start":{"line":177,"column":17},"end":{"line":177,"column":66}},"43":{"start":{"line":177,"column":44},"end":{"line":177,"column":64}},"44":{"start":{"line":178,"column":17},"end":{"line":178,"column":66}},"45":{"start":{"line":178,"column":44},"end":{"line":178,"column":64}},"46":{"start":{"line":180,"column":25},"end":{"line":180,"column":68}},"47":{"start":{"line":180,"column":55},"end":{"line":180,"column":66}},"48":{"start":{"line":181,"column":18},"end":{"line":181,"column":45}},"49":{"start":{"line":183,"column":4},"end":{"line":183,"column":42}},"50":{"start":{"line":193,"column":4},"end":{"line":193,"column":38}},"51":{"start":{"line":193,"column":26},"end":{"line":193,"column":38}},"52":{"start":{"line":195,"column":4},"end":{"line":207,"column":5}},"53":{"start":{"line":196,"column":20},"end":{"line":196,"column":35}},"54":{"start":{"line":197,"column":20},"end":{"line":197,"column":35}},"55":{"start":{"line":199,"column":6},"end":{"line":201,"column":7}},"56":{"start":{"line":200,"column":8},"end":{"line":200,"column":20}},"57":{"start":{"line":204,"column":6},"end":{"line":204,"column":76}},"58":{"start":{"line":206,"column":6},"end":{"line":206,"column":18}},"59":{"start":{"line":217,"column":4},"end":{"line":217,"column":35}},"60":{"start":{"line":217,"column":26},"end":{"line":217,"column":35}},"61":{"start":{"line":219,"column":21},"end":{"line":219,"column":22}},"62":{"start":{"line":222,"column":4},"end":{"line":224,"column":5}},"63":{"start":{"line":223,"column":6},"end":{"line":223,"column":24}},"64":{"start":{"line":227,"column":4},"end":{"line":230,"column":5}},"65":{"start":{"line":228,"column":27},"end":{"line":228,"column":68}},"66":{"start":{"line":229,"column":6},"end":{"line":229,"column":49}},"67":{"start":{"line":232,"column":4},"end":{"line":232,"column":22}},"68":{"start":{"line":239,"column":4},"end":{"line":239,"column":23}},"69":{"start":{"line":240,"column":4},"end":{"line":245,"column":6}},"70":{"start":{"line":252,"column":4},"end":{"line":257,"column":6}}},"fnMap":{"0":{"name":"(anonymous_0)","decl":{"start":{"line":39,"column":2},"end":{"line":39,"column":7}},"loc":{"start":{"line":39,"column":45},"end":{"line":83,"column":3}}},"1":{"name":"(anonymous_1)","decl":{"start":{"line":97,"column":2},"end":{"line":97,"column":12}},"loc":{"start":{"line":97,"column":43},"end":{"line":105,"column":3}}},"2":{"name":"(anonymous_2)","decl":{"start":{"line":117,"column":2},"end":{"line":117,"column":17}},"loc":{"start":{"line":117,"column":17},"end":{"line":125,"column":3}}},"3":{"name":"(anonymous_3)","decl":{"start":{"line":130,"column":12},"end":{"line":130,"column":26}},"loc":{"start":{"line":130,"column":47},"end":{"line":133,"column":3}}},"4":{"name":"(anonymous_4)","decl":{"start":{"line":138,"column":12},"end":{"line":138,"column":23}},"loc":{"start":{"line":140,"column":25},"end":{"line":158,"column":3}}},"5":{"name":"(anonymous_5)","decl":{"start":{"line":146,"column":35},"end":{"line":146,"column":36}},"loc":{"start":{"line":146,"column":40},"end":{"line":146,"column":66}}},"6":{"name":"(anonymous_6)","decl":{"start":{"line":150,"column":19},"end":{"line":150,"column":20}},"loc":{"start":{"line":150,"column":29},"end":{"line":150,"column":46}}},"7":{"name":"(anonymous_7)","decl":{"start":{"line":163,"column":12},"end":{"line":163,"column":23}},"loc":{"start":{"line":163,"column":54},"end":{"line":166,"column":3}}},"8":{"name":"(anonymous_8)","decl":{"start":{"line":164,"column":45},"end":{"line":164,"column":46}},"loc":{"start":{"line":164,"column":50},"end":{"line":164,"column":54}}},"9":{"name":"(anonymous_9)","decl":{"start":{"line":171,"column":12},"end":{"line":171,"column":35}},"loc":{"start":{"line":173,"column":58},"end":{"line":184,"column":3}}},"10":{"name":"(anonymous_10)","decl":{"start":{"line":177,"column":39},"end":{"line":177,"column":40}},"loc":{"start":{"line":177,"column":44},"end":{"line":177,"column":64}}},"11":{"name":"(anonymous_11)","decl":{"start":{"line":178,"column":39},"end":{"line":178,"column":40}},"loc":{"start":{"line":178,"column":44},"end":{"line":178,"column":64}}},"12":{"name":"(anonymous_12)","decl":{"start":{"line":180,"column":50},"end":{"line":180,"column":51}},"loc":{"start":{"line":180,"column":55},"end":{"line":180,"column":66}}},"13":{"name":"(anonymous_13)","decl":{"start":{"line":189,"column":12},"end":{"line":189,"column":37}},"loc":{"start":{"line":191,"column":18},"end":{"line":208,"column":3}}},"14":{"name":"(anonymous_14)","decl":{"start":{"line":213,"column":12},"end":{"line":213,"column":40}},"loc":{"start":{"line":215,"column":59},"end":{"line":233,"column":3}}},"15":{"name":"(anonymous_15)","decl":{"start":{"line":238,"column":2},"end":{"line":238,"column":7}},"loc":{"start":{"line":238,"column":15},"end":{"line":246,"column":3}}},"16":{"name":"(anonymous_16)","decl":{"start":{"line":251,"column":2},"end":{"line":251,"column":12}},"loc":{"start":{"line":251,"column":12},"end":{"line":258,"column":3}}}},"branchMap":{"0":{"loc":{"start":{"line":44,"column":6},"end":{"line":46,"column":7}},"type":"if","locations":[{"start":{"line":44,"column":6},"end":{"line":46,"column":7}},{"start":{},"end":{}}]},"1":{"loc":{"start":{"line":50,"column":6},"end":{"line":53,"column":7}},"type":"if","locations":[{"start":{"line":50,"column":6},"end":{"line":53,"column":7}},{"start":{},"end":{}}]},"2":{"loc":{"start":{"line":50,"column":10},"end":{"line":50,"column":63}},"type":"binary-expr","locations":[{"start":{"line":50,"column":10},"end":{"line":50,"column":35}},{"start":{"line":50,"column":39},"end":{"line":50,"column":63}}]},"3":{"loc":{"start":{"line":58,"column":6},"end":{"line":60,"column":7}},"type":"if","locations":[{"start":{"line":58,"column":6},"end":{"line":60,"column":7}},{"start":{},"end":{}}]},"4":{"loc":{"start":{"line":69,"column":6},"end":{"line":71,"column":7}},"type":"if","locations":[{"start":{"line":69,"column":6},"end":{"line":71,"column":7}},{"start":{},"end":{}}]},"5":{"loc":{"start":{"line":99,"column":4},"end":{"line":101,"column":5}},"type":"if","locations":[{"start":{"line":99,"column":4},"end":{"line":101,"column":5}},{"start":{},"end":{}}]},"6":{"loc":{"start":{"line":99,"column":8},"end":{"line":99,"column":84}},"type":"binary-expr","locations":[{"start":{"line":99,"column":8},"end":{"line":99,"column":26}},{"start":{"line":99,"column":30},"end":{"line":99,"column":49}},{"start":{"line":99,"column":53},"end":{"line":99,"column":84}}]},"7":{"loc":{"start":{"line":145,"column":4},"end":{"line":147,"column":5}},"type":"if","locations":[{"start":{"line":145,"column":4},"end":{"line":147,"column":5}},{"start":{},"end":{}}]},"8":{"loc":{"start":{"line":153,"column":4},"end":{"line":155,"column":5}},"type":"if","locations":[{"start":{"line":153,"column":4},"end":{"line":155,"column":5}},{"start":{},"end":{}}]},"9":{"loc":{"start":{"line":175,"column":4},"end":{"line":175,"column":59}},"type":"if","locations":[{"start":{"line":175,"column":4},"end":{"line":175,"column":59}},{"start":{},"end":{}}]},"10":{"loc":{"start":{"line":175,"column":8},"end":{"line":175,"column":48}},"type":"binary-expr","locations":[{"start":{"line":175,"column":8},"end":{"line":175,"column":26}},{"start":{"line":175,"column":30},"end":{"line":175,"column":48}}]},"11":{"loc":{"start":{"line":193,"column":4},"end":{"line":193,"column":38}},"type":"if","locations":[{"start":{"line":193,"column":4},"end":{"line":193,"column":38}},{"start":{},"end":{}}]},"12":{"loc":{"start":{"line":193,"column":8},"end":{"line":193,"column":24}},"type":"binary-expr","locations":[{"start":{"line":193,"column":8},"end":{"line":193,"column":14}},{"start":{"line":193,"column":18},"end":{"line":193,"column":24}}]},"13":{"loc":{"start":{"line":199,"column":6},"end":{"line":201,"column":7}},"type":"if","locations":[{"start":{"line":199,"column":6},"end":{"line":201,"column":7}},{"start":{},"end":{}}]},"14":{"loc":{"start":{"line":199,"column":10},"end":{"line":199,"column":58}},"type":"binary-expr","locations":[{"start":{"line":199,"column":10},"end":{"line":199,"column":32}},{"start":{"line":199,"column":36},"end":{"line":199,"column":58}}]},"15":{"loc":{"start":{"line":217,"column":4},"end":{"line":217,"column":35}},"type":"if","locations":[{"start":{"line":217,"column":4},"end":{"line":217,"column":35}},{"start":{},"end":{}}]},"16":{"loc":{"start":{"line":217,"column":8},"end":{"line":217,"column":24}},"type":"binary-expr","locations":[{"start":{"line":217,"column":8},"end":{"line":217,"column":14}},{"start":{"line":217,"column":18},"end":{"line":217,"column":24}}]},"17":{"loc":{"start":{"line":222,"column":4},"end":{"line":224,"column":5}},"type":"if","locations":[{"start":{"line":222,"column":4},"end":{"line":224,"column":5}},{"start":{},"end":{}}]},"18":{"loc":{"start":{"line":227,"column":4},"end":{"line":230,"column":5}},"type":"if","locations":[{"start":{"line":227,"column":4},"end":{"line":230,"column":5}},{"start":{},"end":{}}]},"19":{"loc":{"start":{"line":227,"column":8},"end":{"line":227,"column":68}},"type":"binary-expr","locations":[{"start":{"line":227,"column":8},"end":{"line":227,"column":36}},{"start":{"line":227,"column":40},"end":{"line":227,"column":68}}]},"20":{"loc":{"start":{"line":254,"column":20},"end":{"line":255,"column":64}},"type":"binary-expr","locations":[{"start":{"line":254,"column":20},"end":{"line":255,"column":59}},{"start":{"line":255,"column":63},"end":{"line":255,"column":64}}]},"21":{"loc":{"start":{"line":256,"column":24},"end":{"line":256,"column":82}},"type":"binary-expr","locations":[{"start":{"line":256,"column":24},"end":{"line":256,"column":77}},{"start":{"line":256,"column":81},"end":{"line":256,"column":82}}]}},"s":{"0":94,"1":94,"2":81,"3":81,"4":81,"5":31,"6":50,"7":50,"8":0,"9":0,"10":50,"11":50,"12":3,"13":50,"14":50,"15":50,"16":0,"17":50,"18":50,"19":50,"20":0,"21":0,"22":84,"23":6,"24":78,"25":3,"26":3,"27":3,"28":50,"29":50,"30":0,"31":0,"32":50,"33":148,"34":50,"35":1,"36":50,"37":50,"38":118,"39":50,"40":0,"41":0,"42":0,"43":0,"44":0,"45":0,"46":0,"47":0,"48":0,"49":0,"50":0,"51":0,"52":0,"53":0,"54":0,"55":0,"56":0,"57":0,"58":0,"59":0,"60":0,"61":0,"62":0,"63":0,"64":0,"65":0,"66":0,"67":0,"68":0,"69":0,"70":0},"f":{"0":81,"1":84,"2":3,"3":3,"4":50,"5":0,"6":148,"7":50,"8":118,"9":0,"10":0,"11":0,"12":0,"13":0,"14":0,"15":0,"16":0},"b":{"0":[31,50],"1":[0,50],"2":[50,0],"3":[3,47],"4":[0,50],"5":[6,78],"6":[84,84,84],"7":[0,50],"8":[1,49],"9":[0,0],"10":[0,0],"11":[0,0],"12":[0,0],"13":[0,0],"14":[0,0],"15":[0,0],"16":[0,0],"17":[0,0],"18":[0,0],"19":[0,0],"20":[0,0],"21":[0,0]}}
,"/Users/topher/Code/rhizome-v2/worker/engines/citation-network.ts": {"path":"/Users/topher/Code/rhizome-v2/worker/engines/citation-network.ts","statementMap":{"0":{"start":{"line":39,"column":26},"end":{"line":52,"column":2}},"1":{"start":{"line":55,"column":30},"end":{"line":55,"column":57}},"2":{"start":{"line":58,"column":35},"end":{"line":58,"column":36}},"3":{"start":{"line":59,"column":33},"end":{"line":59,"column":37}},"4":{"start":{"line":60,"column":42},"end":{"line":60,"column":45}},"5":{"start":{"line":63,"column":52},"end":{"line":63,"column":61}},"6":{"start":{"line":71,"column":39},"end":{"line":71,"column":41}},"7":{"start":{"line":74,"column":4},"end":{"line":76,"column":6}},"8":{"start":{"line":78,"column":23},"end":{"line":78,"column":66}},"9":{"start":{"line":79,"column":4},"end":{"line":81,"column":5}},"10":{"start":{"line":80,"column":6},"end":{"line":80,"column":21}},"11":{"start":{"line":84,"column":4},"end":{"line":125,"column":5}},"12":{"start":{"line":86,"column":6},"end":{"line":86,"column":60}},"13":{"start":{"line":86,"column":51},"end":{"line":86,"column":60}},"14":{"start":{"line":88,"column":25},"end":{"line":88,"column":62}},"15":{"start":{"line":89,"column":6},"end":{"line":89,"column":69}},"16":{"start":{"line":89,"column":60},"end":{"line":89,"column":69}},"17":{"start":{"line":92,"column":22},"end":{"line":92,"column":75}},"18":{"start":{"line":95,"column":6},"end":{"line":124,"column":7}},"19":{"start":{"line":96,"column":22},"end":{"line":99,"column":null}},"20":{"start":{"line":102,"column":8},"end":{"line":123,"column":9}},"21":{"start":{"line":103,"column":10},"end":{"line":122,"column":13}},"22":{"start":{"line":127,"column":4},"end":{"line":127,"column":19}},"23":{"start":{"line":135,"column":4},"end":{"line":135,"column":30}},"24":{"start":{"line":138,"column":4},"end":{"line":146,"column":5}},"25":{"start":{"line":139,"column":24},"end":{"line":139,"column":52}},"26":{"start":{"line":140,"column":6},"end":{"line":145,"column":9}},"27":{"start":{"line":149,"column":4},"end":{"line":149,"column":38}},"28":{"start":{"line":152,"column":4},"end":{"line":152,"column":37}},"29":{"start":{"line":155,"column":4},"end":{"line":155,"column":34}},"30":{"start":{"line":162,"column":34},"end":{"line":162,"column":36}},"31":{"start":{"line":163,"column":20},"end":{"line":163,"column":33}},"32":{"start":{"line":166,"column":4},"end":{"line":168,"column":5}},"33":{"start":{"line":167,"column":6},"end":{"line":167,"column":52}},"34":{"start":{"line":171,"column":4},"end":{"line":179,"column":5}},"35":{"start":{"line":172,"column":22},"end":{"line":172,"column":47}},"36":{"start":{"line":173,"column":6},"end":{"line":178,"column":7}},"37":{"start":{"line":174,"column":25},"end":{"line":174,"column":53}},"38":{"start":{"line":175,"column":8},"end":{"line":177,"column":9}},"39":{"start":{"line":176,"column":10},"end":{"line":176,"column":35}},"40":{"start":{"line":182,"column":4},"end":{"line":182,"column":48}},"41":{"start":{"line":190,"column":4},"end":{"line":190,"column":23}},"42":{"start":{"line":191,"column":4},"end":{"line":191,"column":27}},"43":{"start":{"line":191,"column":15},"end":{"line":191,"column":27}},"44":{"start":{"line":193,"column":31},"end":{"line":193,"column":39}},"45":{"start":{"line":196,"column":22},"end":{"line":196,"column":52}},"46":{"start":{"line":197,"column":4},"end":{"line":199,"column":5}},"47":{"start":{"line":198,"column":6},"end":{"line":198,"column":45}},"48":{"start":{"line":202,"column":24},"end":{"line":202,"column":82}},"49":{"start":{"line":203,"column":4},"end":{"line":205,"column":5}},"50":{"start":{"line":204,"column":6},"end":{"line":204,"column":65}},"51":{"start":{"line":208,"column":4},"end":{"line":214,"column":5}},"52":{"start":{"line":209,"column":6},"end":{"line":209,"column":32}},"53":{"start":{"line":210,"column":11},"end":{"line":214,"column":5}},"54":{"start":{"line":211,"column":6},"end":{"line":211,"column":28}},"55":{"start":{"line":213,"column":6},"end":{"line":213,"column":30}},"56":{"start":{"line":216,"column":4},"end":{"line":216,"column":20}},"57":{"start":{"line":223,"column":31},"end":{"line":223,"column":33}},"58":{"start":{"line":224,"column":17},"end":{"line":224,"column":34}},"59":{"start":{"line":226,"column":4},"end":{"line":233,"column":5}},"60":{"start":{"line":228,"column":18},"end":{"line":228,"column":101}},"61":{"start":{"line":229,"column":6},"end":{"line":232,"column":7}},"62":{"start":{"line":230,"column":8},"end":{"line":230,"column":22}},"63":{"start":{"line":231,"column":8},"end":{"line":231,"column":30}},"64":{"start":{"line":235,"column":4},"end":{"line":235,"column":18}},"65":{"start":{"line":242,"column":18},"end":{"line":242,"column":56}},"66":{"start":{"line":245,"column":4},"end":{"line":267,"column":5}},"67":{"start":{"line":245,"column":17},"end":{"line":245,"column":18}},"68":{"start":{"line":246,"column":6},"end":{"line":266,"column":7}},"69":{"start":{"line":246,"column":19},"end":{"line":246,"column":24}},"70":{"start":{"line":247,"column":22},"end":{"line":247,"column":30}},"71":{"start":{"line":248,"column":22},"end":{"line":248,"column":30}},"72":{"start":{"line":252,"column":8},"end":{"line":257,"column":9}},"73":{"start":{"line":253,"column":10},"end":{"line":256,"column":11}},"74":{"start":{"line":254,"column":12},"end":{"line":254,"column":41}},"75":{"start":{"line":255,"column":12},"end":{"line":255,"column":18}},"76":{"start":{"line":260,"column":8},"end":{"line":265,"column":9}},"77":{"start":{"line":261,"column":10},"end":{"line":264,"column":11}},"78":{"start":{"line":262,"column":12},"end":{"line":262,"column":41}},"79":{"start":{"line":263,"column":12},"end":{"line":263,"column":18}},"80":{"start":{"line":275,"column":4},"end":{"line":284,"column":5}},"81":{"start":{"line":276,"column":6},"end":{"line":283,"column":7}},"82":{"start":{"line":277,"column":8},"end":{"line":282,"column":9}},"83":{"start":{"line":278,"column":10},"end":{"line":281,"column":11}},"84":{"start":{"line":280,"column":12},"end":{"line":280,"column":24}},"85":{"start":{"line":285,"column":4},"end":{"line":285,"column":17}},"86":{"start":{"line":292,"column":18},"end":{"line":292,"column":56}},"87":{"start":{"line":293,"column":20},"end":{"line":293,"column":24}},"88":{"start":{"line":294,"column":23},"end":{"line":294,"column":25}},"89":{"start":{"line":297,"column":4},"end":{"line":299,"column":5}},"90":{"start":{"line":298,"column":6},"end":{"line":298,"column":41}},"91":{"start":{"line":302,"column":4},"end":{"line":327,"column":5}},"92":{"start":{"line":302,"column":20},"end":{"line":302,"column":21}},"93":{"start":{"line":303,"column":24},"end":{"line":303,"column":49}},"94":{"start":{"line":305,"column":6},"end":{"line":318,"column":7}},"95":{"start":{"line":306,"column":20},"end":{"line":306,"column":48}},"96":{"start":{"line":309,"column":8},"end":{"line":315,"column":9}},"97":{"start":{"line":310,"column":24},"end":{"line":310,"column":54}},"98":{"start":{"line":311,"column":10},"end":{"line":314,"column":11}},"99":{"start":{"line":312,"column":30},"end":{"line":312,"column":57}},"100":{"start":{"line":313,"column":12},"end":{"line":313,"column":62}},"101":{"start":{"line":317,"column":8},"end":{"line":317,"column":38}},"102":{"start":{"line":321,"column":6},"end":{"line":326,"column":7}},"103":{"start":{"line":322,"column":21},"end":{"line":322,"column":46}},"104":{"start":{"line":323,"column":8},"end":{"line":325,"column":9}},"105":{"start":{"line":324,"column":10},"end":{"line":324,"column":34}},"106":{"start":{"line":334,"column":18},"end":{"line":334,"column":56}},"107":{"start":{"line":335,"column":23},"end":{"line":335,"column":24}},"108":{"start":{"line":338,"column":4},"end":{"line":352,"column":5}},"109":{"start":{"line":339,"column":6},"end":{"line":351,"column":7}},"110":{"start":{"line":340,"column":8},"end":{"line":340,"column":38}},"111":{"start":{"line":343,"column":8},"end":{"line":350,"column":9}},"112":{"start":{"line":344,"column":10},"end":{"line":349,"column":11}},"113":{"start":{"line":345,"column":28},"end":{"line":345,"column":70}},"114":{"start":{"line":346,"column":12},"end":{"line":348,"column":13}},"115":{"start":{"line":347,"column":14},"end":{"line":347,"column":43}},"116":{"start":{"line":362,"column":40},"end":{"line":362,"column":42}},"117":{"start":{"line":363,"column":34},"end":{"line":363,"column":36}},"118":{"start":{"line":366,"column":4},"end":{"line":373,"column":5}},"119":{"start":{"line":367,"column":6},"end":{"line":372,"column":7}},"120":{"start":{"line":368,"column":8},"end":{"line":371,"column":9}},"121":{"start":{"line":369,"column":10},"end":{"line":369,"column":43}},"122":{"start":{"line":370,"column":10},"end":{"line":370,"column":44}},"123":{"start":{"line":376,"column":27},"end":{"line":376,"column":76}},"124":{"start":{"line":377,"column":34},"end":{"line":379,"column":9}},"125":{"start":{"line":381,"column":4},"end":{"line":385,"column":6}},"126":{"start":{"line":393,"column":4},"end":{"line":404,"column":5}},"127":{"start":{"line":394,"column":6},"end":{"line":403,"column":7}},"128":{"start":{"line":396,"column":8},"end":{"line":402,"column":9}},"129":{"start":{"line":397,"column":10},"end":{"line":401,"column":11}},"130":{"start":{"line":398,"column":12},"end":{"line":400,"column":13}},"131":{"start":{"line":399,"column":14},"end":{"line":399,"column":26}},"132":{"start":{"line":407,"column":4},"end":{"line":409,"column":5}},"133":{"start":{"line":408,"column":6},"end":{"line":408,"column":18}},"134":{"start":{"line":411,"column":4},"end":{"line":411,"column":17}},"135":{"start":{"line":423,"column":4},"end":{"line":425,"column":5}},"136":{"start":{"line":424,"column":6},"end":{"line":424,"column":18}},"137":{"start":{"line":428,"column":4},"end":{"line":430,"column":5}},"138":{"start":{"line":429,"column":6},"end":{"line":429,"column":18}},"139":{"start":{"line":433,"column":4},"end":{"line":437,"column":5}},"140":{"start":{"line":436,"column":6},"end":{"line":436,"column":18}},"141":{"start":{"line":439,"column":4},"end":{"line":439,"column":17}},"142":{"start":{"line":450,"column":16},"end":{"line":450,"column":17}},"143":{"start":{"line":453,"column":4},"end":{"line":453,"column":49}},"144":{"start":{"line":456,"column":4},"end":{"line":458,"column":5}},"145":{"start":{"line":457,"column":6},"end":{"line":457,"column":19}},"146":{"start":{"line":461,"column":26},"end":{"line":461,"column":69}},"147":{"start":{"line":462,"column":4},"end":{"line":462,"column":33}},"148":{"start":{"line":465,"column":4},"end":{"line":467,"column":5}},"149":{"start":{"line":466,"column":6},"end":{"line":466,"column":19}},"150":{"start":{"line":469,"column":4},"end":{"line":469,"column":30}},"151":{"start":{"line":479,"column":4},"end":{"line":479,"column":76}},"152":{"start":{"line":479,"column":62},"end":{"line":479,"column":76}},"153":{"start":{"line":480,"column":4},"end":{"line":480,"column":77}},"154":{"start":{"line":480,"column":61},"end":{"line":480,"column":77}},"155":{"start":{"line":481,"column":4},"end":{"line":481,"column":17}},"156":{"start":{"line":492,"column":24},"end":{"line":492,"column":54}},"157":{"start":{"line":494,"column":4},"end":{"line":497,"column":5}},"158":{"start":{"line":495,"column":6},"end":{"line":496,"column":52}},"159":{"start":{"line":499,"column":4},"end":{"line":502,"column":5}},"160":{"start":{"line":500,"column":6},"end":{"line":501,"column":45}},"161":{"start":{"line":504,"column":4},"end":{"line":507,"column":5}},"162":{"start":{"line":505,"column":6},"end":{"line":506,"column":125}},"163":{"start":{"line":509,"column":4},"end":{"line":512,"column":5}},"164":{"start":{"line":510,"column":6},"end":{"line":511,"column":143}},"165":{"start":{"line":514,"column":4},"end":{"line":515,"column":88}},"166":{"start":{"line":523,"column":4},"end":{"line":523,"column":57}},"167":{"start":{"line":530,"column":4},"end":{"line":530,"column":26}},"168":{"start":{"line":531,"column":4},"end":{"line":531,"column":30}}},"fnMap":{"0":{"name":"(anonymous_0)","decl":{"start":{"line":68,"column":12},"end":{"line":68,"column":17}},"loc":{"start":{"line":69,"column":34},"end":{"line":128,"column":3}}},"1":{"name":"(anonymous_1)","decl":{"start":{"line":133,"column":10},"end":{"line":133,"column":30}},"loc":{"start":{"line":133,"column":58},"end":{"line":156,"column":3}}},"2":{"name":"(anonymous_2)","decl":{"start":{"line":161,"column":10},"end":{"line":161,"column":26}},"loc":{"start":{"line":161,"column":51},"end":{"line":183,"column":3}}},"3":{"name":"(anonymous_3)","decl":{"start":{"line":188,"column":10},"end":{"line":188,"column":23}},"loc":{"start":{"line":188,"column":36},"end":{"line":217,"column":3}}},"4":{"name":"(anonymous_4)","decl":{"start":{"line":222,"column":10},"end":{"line":222,"column":30}},"loc":{"start":{"line":222,"column":52},"end":{"line":236,"column":3}}},"5":{"name":"(anonymous_5)","decl":{"start":{"line":241,"column":10},"end":{"line":241,"column":36}},"loc":{"start":{"line":241,"column":36},"end":{"line":268,"column":3}}},"6":{"name":"(anonymous_6)","decl":{"start":{"line":273,"column":10},"end":{"line":273,"column":31}},"loc":{"start":{"line":273,"column":70},"end":{"line":286,"column":3}}},"7":{"name":"(anonymous_7)","decl":{"start":{"line":291,"column":10},"end":{"line":291,"column":35}},"loc":{"start":{"line":291,"column":35},"end":{"line":328,"column":3}}},"8":{"name":"(anonymous_8)","decl":{"start":{"line":333,"column":10},"end":{"line":333,"column":32}},"loc":{"start":{"line":333,"column":32},"end":{"line":353,"column":3}}},"9":{"name":"(anonymous_9)","decl":{"start":{"line":358,"column":10},"end":{"line":358,"column":34}},"loc":{"start":{"line":360,"column":24},"end":{"line":386,"column":3}}},"10":{"name":"(anonymous_10)","decl":{"start":{"line":391,"column":10},"end":{"line":391,"column":25}},"loc":{"start":{"line":391,"column":58},"end":{"line":412,"column":3}}},"11":{"name":"(anonymous_11)","decl":{"start":{"line":417,"column":10},"end":{"line":417,"column":36}},"loc":{"start":{"line":420,"column":28},"end":{"line":440,"column":3}}},"12":{"name":"(anonymous_12)","decl":{"start":{"line":445,"column":10},"end":{"line":445,"column":34}},"loc":{"start":{"line":448,"column":28},"end":{"line":470,"column":3}}},"13":{"name":"(anonymous_13)","decl":{"start":{"line":475,"column":10},"end":{"line":475,"column":28}},"loc":{"start":{"line":477,"column":28},"end":{"line":482,"column":3}}},"14":{"name":"(anonymous_14)","decl":{"start":{"line":487,"column":10},"end":{"line":487,"column":29}},"loc":{"start":{"line":490,"column":28},"end":{"line":516,"column":3}}},"15":{"name":"(anonymous_15)","decl":{"start":{"line":521,"column":12},"end":{"line":521,"column":31}},"loc":{"start":{"line":521,"column":56},"end":{"line":524,"column":3}}},"16":{"name":"(anonymous_16)","decl":{"start":{"line":529,"column":2},"end":{"line":529,"column":7}},"loc":{"start":{"line":529,"column":15},"end":{"line":532,"column":3}}}},"branchMap":{"0":{"loc":{"start":{"line":79,"column":4},"end":{"line":81,"column":5}},"type":"if","locations":[{"start":{"line":79,"column":4},"end":{"line":81,"column":5}},{"start":{},"end":{}}]},"1":{"loc":{"start":{"line":79,"column":8},"end":{"line":79,"column":71}},"type":"binary-expr","locations":[{"start":{"line":79,"column":8},"end":{"line":79,"column":19}},{"start":{"line":79,"column":23},"end":{"line":79,"column":71}}]},"2":{"loc":{"start":{"line":86,"column":6},"end":{"line":86,"column":60}},"type":"if","locations":[{"start":{"line":86,"column":6},"end":{"line":86,"column":60}},{"start":{},"end":{}}]},"3":{"loc":{"start":{"line":89,"column":6},"end":{"line":89,"column":69}},"type":"if","locations":[{"start":{"line":89,"column":6},"end":{"line":89,"column":69}},{"start":{},"end":{}}]},"4":{"loc":{"start":{"line":89,"column":10},"end":{"line":89,"column":58}},"type":"binary-expr","locations":[{"start":{"line":89,"column":10},"end":{"line":89,"column":21}},{"start":{"line":89,"column":25},"end":{"line":89,"column":58}}]},"5":{"loc":{"start":{"line":95,"column":6},"end":{"line":124,"column":7}},"type":"if","locations":[{"start":{"line":95,"column":6},"end":{"line":124,"column":7}},{"start":{},"end":{}}]},"6":{"loc":{"start":{"line":102,"column":8},"end":{"line":123,"column":9}},"type":"if","locations":[{"start":{"line":102,"column":8},"end":{"line":123,"column":9}},{"start":{},"end":{}}]},"7":{"loc":{"start":{"line":166,"column":4},"end":{"line":168,"column":5}},"type":"if","locations":[{"start":{"line":166,"column":4},"end":{"line":168,"column":5}},{"start":{},"end":{}}]},"8":{"loc":{"start":{"line":175,"column":8},"end":{"line":177,"column":9}},"type":"if","locations":[{"start":{"line":175,"column":8},"end":{"line":177,"column":9}},{"start":{},"end":{}}]},"9":{"loc":{"start":{"line":191,"column":4},"end":{"line":191,"column":27}},"type":"if","locations":[{"start":{"line":191,"column":4},"end":{"line":191,"column":27}},{"start":{},"end":{}}]},"10":{"loc":{"start":{"line":197,"column":4},"end":{"line":199,"column":5}},"type":"if","locations":[{"start":{"line":197,"column":4},"end":{"line":199,"column":5}},{"start":{},"end":{}}]},"11":{"loc":{"start":{"line":203,"column":4},"end":{"line":205,"column":5}},"type":"if","locations":[{"start":{"line":203,"column":4},"end":{"line":205,"column":5}},{"start":{},"end":{}}]},"12":{"loc":{"start":{"line":208,"column":4},"end":{"line":214,"column":5}},"type":"if","locations":[{"start":{"line":208,"column":4},"end":{"line":214,"column":5}},{"start":{"line":210,"column":11},"end":{"line":214,"column":5}}]},"13":{"loc":{"start":{"line":208,"column":8},"end":{"line":208,"column":53}},"type":"binary-expr","locations":[{"start":{"line":208,"column":8},"end":{"line":208,"column":29}},{"start":{"line":208,"column":33},"end":{"line":208,"column":53}}]},"14":{"loc":{"start":{"line":210,"column":11},"end":{"line":214,"column":5}},"type":"if","locations":[{"start":{"line":210,"column":11},"end":{"line":214,"column":5}},{"start":{"line":212,"column":11},"end":{"line":214,"column":5}}]},"15":{"loc":{"start":{"line":229,"column":6},"end":{"line":232,"column":7}},"type":"if","locations":[{"start":{"line":229,"column":6},"end":{"line":232,"column":7}},{"start":{},"end":{}}]},"16":{"loc":{"start":{"line":253,"column":10},"end":{"line":256,"column":11}},"type":"if","locations":[{"start":{"line":253,"column":10},"end":{"line":256,"column":11}},{"start":{},"end":{}}]},"17":{"loc":{"start":{"line":261,"column":10},"end":{"line":264,"column":11}},"type":"if","locations":[{"start":{"line":261,"column":10},"end":{"line":264,"column":11}},{"start":{},"end":{}}]},"18":{"loc":{"start":{"line":275,"column":4},"end":{"line":284,"column":5}},"type":"if","locations":[{"start":{"line":275,"column":4},"end":{"line":284,"column":5}},{"start":{},"end":{}}]},"19":{"loc":{"start":{"line":275,"column":8},"end":{"line":275,"column":41}},"type":"binary-expr","locations":[{"start":{"line":275,"column":8},"end":{"line":275,"column":24}},{"start":{"line":275,"column":28},"end":{"line":275,"column":41}}]},"20":{"loc":{"start":{"line":278,"column":10},"end":{"line":281,"column":11}},"type":"if","locations":[{"start":{"line":278,"column":10},"end":{"line":281,"column":11}},{"start":{},"end":{}}]},"21":{"loc":{"start":{"line":278,"column":14},"end":{"line":279,"column":49}},"type":"binary-expr","locations":[{"start":{"line":278,"column":14},"end":{"line":278,"column":52}},{"start":{"line":279,"column":14},"end":{"line":279,"column":49}}]},"22":{"loc":{"start":{"line":311,"column":10},"end":{"line":314,"column":11}},"type":"if","locations":[{"start":{"line":311,"column":10},"end":{"line":314,"column":11}},{"start":{},"end":{}}]},"23":{"loc":{"start":{"line":312,"column":30},"end":{"line":312,"column":57}},"type":"binary-expr","locations":[{"start":{"line":312,"column":30},"end":{"line":312,"column":52}},{"start":{"line":312,"column":56},"end":{"line":312,"column":57}}]},"24":{"loc":{"start":{"line":323,"column":8},"end":{"line":325,"column":9}},"type":"if","locations":[{"start":{"line":323,"column":8},"end":{"line":325,"column":9}},{"start":{},"end":{}}]},"25":{"loc":{"start":{"line":339,"column":6},"end":{"line":351,"column":7}},"type":"if","locations":[{"start":{"line":339,"column":6},"end":{"line":351,"column":7}},{"start":{},"end":{}}]},"26":{"loc":{"start":{"line":344,"column":10},"end":{"line":349,"column":11}},"type":"if","locations":[{"start":{"line":344,"column":10},"end":{"line":349,"column":11}},{"start":{},"end":{}}]},"27":{"loc":{"start":{"line":346,"column":12},"end":{"line":348,"column":13}},"type":"if","locations":[{"start":{"line":346,"column":12},"end":{"line":348,"column":13}},{"start":{},"end":{}}]},"28":{"loc":{"start":{"line":368,"column":8},"end":{"line":371,"column":9}},"type":"if","locations":[{"start":{"line":368,"column":8},"end":{"line":371,"column":9}},{"start":{},"end":{}}]},"29":{"loc":{"start":{"line":377,"column":34},"end":{"line":379,"column":9}},"type":"cond-expr","locations":[{"start":{"line":378,"column":8},"end":{"line":378,"column":53}},{"start":{"line":379,"column":8},"end":{"line":379,"column":9}}]},"30":{"loc":{"start":{"line":393,"column":4},"end":{"line":404,"column":5}},"type":"if","locations":[{"start":{"line":393,"column":4},"end":{"line":404,"column":5}},{"start":{},"end":{}}]},"31":{"loc":{"start":{"line":393,"column":8},"end":{"line":393,"column":61}},"type":"binary-expr","locations":[{"start":{"line":393,"column":8},"end":{"line":393,"column":18}},{"start":{"line":393,"column":22},"end":{"line":393,"column":32}},{"start":{"line":393,"column":36},"end":{"line":393,"column":61}}]},"32":{"loc":{"start":{"line":394,"column":6},"end":{"line":403,"column":7}},"type":"if","locations":[{"start":{"line":394,"column":6},"end":{"line":403,"column":7}},{"start":{},"end":{}}]},"33":{"loc":{"start":{"line":394,"column":10},"end":{"line":394,"column":40}},"type":"binary-expr","locations":[{"start":{"line":394,"column":10},"end":{"line":394,"column":23}},{"start":{"line":394,"column":27},"end":{"line":394,"column":40}}]},"34":{"loc":{"start":{"line":398,"column":12},"end":{"line":400,"column":13}},"type":"if","locations":[{"start":{"line":398,"column":12},"end":{"line":400,"column":13}},{"start":{},"end":{}}]},"35":{"loc":{"start":{"line":407,"column":4},"end":{"line":409,"column":5}},"type":"if","locations":[{"start":{"line":407,"column":4},"end":{"line":409,"column":5}},{"start":{},"end":{}}]},"36":{"loc":{"start":{"line":423,"column":4},"end":{"line":425,"column":5}},"type":"if","locations":[{"start":{"line":423,"column":4},"end":{"line":425,"column":5}},{"start":{},"end":{}}]},"37":{"loc":{"start":{"line":423,"column":8},"end":{"line":423,"column":80}},"type":"binary-expr","locations":[{"start":{"line":423,"column":8},"end":{"line":423,"column":42}},{"start":{"line":423,"column":46},"end":{"line":423,"column":80}}]},"38":{"loc":{"start":{"line":428,"column":4},"end":{"line":430,"column":5}},"type":"if","locations":[{"start":{"line":428,"column":4},"end":{"line":430,"column":5}},{"start":{},"end":{}}]},"39":{"loc":{"start":{"line":433,"column":4},"end":{"line":437,"column":5}},"type":"if","locations":[{"start":{"line":433,"column":4},"end":{"line":437,"column":5}},{"start":{},"end":{}}]},"40":{"loc":{"start":{"line":433,"column":8},"end":{"line":435,"column":56}},"type":"binary-expr","locations":[{"start":{"line":433,"column":8},"end":{"line":433,"column":41}},{"start":{"line":434,"column":9},"end":{"line":434,"column":55}},{"start":{"line":435,"column":9},"end":{"line":435,"column":55}}]},"41":{"loc":{"start":{"line":456,"column":4},"end":{"line":458,"column":5}},"type":"if","locations":[{"start":{"line":456,"column":4},"end":{"line":458,"column":5}},{"start":{},"end":{}}]},"42":{"loc":{"start":{"line":456,"column":8},"end":{"line":456,"column":80}},"type":"binary-expr","locations":[{"start":{"line":456,"column":8},"end":{"line":456,"column":42}},{"start":{"line":456,"column":46},"end":{"line":456,"column":80}}]},"43":{"loc":{"start":{"line":465,"column":4},"end":{"line":467,"column":5}},"type":"if","locations":[{"start":{"line":465,"column":4},"end":{"line":467,"column":5}},{"start":{},"end":{}}]},"44":{"loc":{"start":{"line":479,"column":4},"end":{"line":479,"column":76}},"type":"if","locations":[{"start":{"line":479,"column":4},"end":{"line":479,"column":76}},{"start":{},"end":{}}]},"45":{"loc":{"start":{"line":479,"column":8},"end":{"line":479,"column":60}},"type":"binary-expr","locations":[{"start":{"line":479,"column":8},"end":{"line":479,"column":20}},{"start":{"line":479,"column":24},"end":{"line":479,"column":60}}]},"46":{"loc":{"start":{"line":480,"column":4},"end":{"line":480,"column":77}},"type":"if","locations":[{"start":{"line":480,"column":4},"end":{"line":480,"column":77}},{"start":{},"end":{}}]},"47":{"loc":{"start":{"line":480,"column":8},"end":{"line":480,"column":59}},"type":"binary-expr","locations":[{"start":{"line":480,"column":8},"end":{"line":480,"column":20}},{"start":{"line":480,"column":24},"end":{"line":480,"column":59}}]},"48":{"loc":{"start":{"line":494,"column":4},"end":{"line":497,"column":5}},"type":"if","locations":[{"start":{"line":494,"column":4},"end":{"line":497,"column":5}},{"start":{},"end":{}}]},"49":{"loc":{"start":{"line":499,"column":4},"end":{"line":502,"column":5}},"type":"if","locations":[{"start":{"line":499,"column":4},"end":{"line":502,"column":5}},{"start":{},"end":{}}]},"50":{"loc":{"start":{"line":504,"column":4},"end":{"line":507,"column":5}},"type":"if","locations":[{"start":{"line":504,"column":4},"end":{"line":507,"column":5}},{"start":{},"end":{}}]},"51":{"loc":{"start":{"line":509,"column":4},"end":{"line":512,"column":5}},"type":"if","locations":[{"start":{"line":509,"column":4},"end":{"line":512,"column":5}},{"start":{},"end":{}}]},"52":{"loc":{"start":{"line":523,"column":14},"end":{"line":523,"column":55}},"type":"binary-expr","locations":[{"start":{"line":523,"column":14},"end":{"line":523,"column":27}},{"start":{"line":523,"column":31},"end":{"line":523,"column":55}}]}},"s":{"0":1,"1":15,"2":15,"3":15,"4":15,"5":15,"6":13,"7":13,"8":13,"9":13,"10":1,"11":12,"12":18,"13":1,"14":17,"15":17,"16":1,"17":16,"18":16,"19":16,"20":16,"21":16,"22":12,"23":13,"24":13,"25":32,"26":32,"27":13,"28":13,"29":13,"30":32,"31":32,"32":32,"33":32,"34":0,"35":0,"36":0,"37":0,"38":0,"39":0,"40":0,"41":0,"42":0,"43":0,"44":0,"45":0,"46":0,"47":0,"48":0,"49":0,"50":0,"51":0,"52":0,"53":0,"54":0,"55":0,"56":0,"57":0,"58":0,"59":0,"60":0,"61":0,"62":0,"63":0,"64":0,"65":13,"66":13,"67":13,"68":31,"69":31,"70":30,"71":30,"72":30,"73":180,"74":0,"75":0,"76":30,"77":58,"78":0,"79":0,"80":238,"81":0,"82":0,"83":0,"84":0,"85":238,"86":13,"87":13,"88":13,"89":13,"90":31,"91":13,"92":13,"93":130,"94":130,"95":310,"96":310,"97":0,"98":0,"99":0,"100":0,"101":310,"102":130,"103":310,"104":310,"105":310,"106":13,"107":13,"108":13,"109":31,"110":15,"111":15,"112":39,"113":18,"114":18,"115":16,"116":34,"117":34,"118":34,"119":295,"120":610,"121":610,"122":610,"123":34,"124":34,"125":34,"126":610,"127":0,"128":0,"129":0,"130":0,"131":0,"132":610,"133":610,"134":0,"135":16,"136":0,"137":16,"138":16,"139":0,"140":0,"141":0,"142":16,"143":16,"144":16,"145":0,"146":16,"147":16,"148":16,"149":16,"150":16,"151":16,"152":16,"153":0,"154":0,"155":0,"156":16,"157":16,"158":0,"159":16,"160":0,"161":16,"162":16,"163":0,"164":0,"165":0,"166":13,"167":0,"168":0},"f":{"0":13,"1":13,"2":32,"3":0,"4":0,"5":13,"6":238,"7":13,"8":13,"9":34,"10":610,"11":16,"12":16,"13":16,"14":16,"15":13,"16":0},"b":{"0":[1,12],"1":[13,13],"2":[1,17],"3":[1,16],"4":[17,17],"5":[16,0],"6":[16,0],"7":[32,0],"8":[0,0],"9":[0,0],"10":[0,0],"11":[0,0],"12":[0,0],"13":[0,0],"14":[0,0],"15":[0,0],"16":[0,180],"17":[0,58],"18":[0,238],"19":[238,0],"20":[0,0],"21":[0,0],"22":[0,0],"23":[0,0],"24":[310,0],"25":[15,16],"26":[18,21],"27":[16,2],"28":[610,0],"29":[34,0],"30":[0,610],"31":[610,0,0],"32":[0,0],"33":[0,0],"34":[0,0],"35":[610,0],"36":[0,16],"37":[16,16],"38":[16,0],"39":[0,0],"40":[0,0,0],"41":[0,16],"42":[16,16],"43":[16,0],"44":[16,0],"45":[16,16],"46":[0,0],"47":[0,0],"48":[0,16],"49":[0,16],"50":[16,0],"51":[0,0],"52":[13,13]}}
,"/Users/topher/Code/rhizome-v2/worker/engines/conceptual-density.ts": {"path":"/Users/topher/Code/rhizome-v2/worker/engines/conceptual-density.ts","statementMap":{"0":{"start":{"line":30,"column":30},"end":{"line":30,"column":59}},"1":{"start":{"line":33,"column":33},"end":{"line":33,"column":36}},"2":{"start":{"line":34,"column":33},"end":{"line":34,"column":37}},"3":{"start":{"line":35,"column":39},"end":{"line":35,"column":42}},"4":{"start":{"line":43,"column":39},"end":{"line":43,"column":41}},"5":{"start":{"line":44,"column":26},"end":{"line":44,"column":73}},"6":{"start":{"line":47,"column":4},"end":{"line":49,"column":5}},"7":{"start":{"line":48,"column":6},"end":{"line":48,"column":21}},"8":{"start":{"line":51,"column":27},"end":{"line":51,"column":66}},"9":{"start":{"line":52,"column":28},"end":{"line":52,"column":75}},"10":{"start":{"line":55,"column":4},"end":{"line":101,"column":5}},"11":{"start":{"line":57,"column":6},"end":{"line":57,"column":60}},"12":{"start":{"line":57,"column":51},"end":{"line":57,"column":60}},"13":{"start":{"line":59,"column":28},"end":{"line":59,"column":69}},"14":{"start":{"line":62,"column":6},"end":{"line":64,"column":7}},"15":{"start":{"line":63,"column":8},"end":{"line":63,"column":17}},"16":{"start":{"line":66,"column":29},"end":{"line":66,"column":62}},"17":{"start":{"line":67,"column":22},"end":{"line":67,"column":75}},"18":{"start":{"line":70,"column":6},"end":{"line":100,"column":7}},"19":{"start":{"line":71,"column":22},"end":{"line":75,"column":null}},"20":{"start":{"line":78,"column":8},"end":{"line":99,"column":9}},"21":{"start":{"line":79,"column":10},"end":{"line":98,"column":13}},"22":{"start":{"line":103,"column":4},"end":{"line":103,"column":19}},"23":{"start":{"line":110,"column":21},"end":{"line":110,"column":65}},"24":{"start":{"line":111,"column":22},"end":{"line":111,"column":55}},"25":{"start":{"line":114,"column":20},"end":{"line":114,"column":55}},"26":{"start":{"line":117,"column":26},"end":{"line":119,"column":9}},"27":{"start":{"line":118,"column":36},"end":{"line":118,"column":54}},"28":{"start":{"line":122,"column":25},"end":{"line":123,"column":null}},"29":{"start":{"line":123,"column":6},"end":{"line":123,"column":38}},"30":{"start":{"line":125,"column":21},"end":{"line":125,"column":68}},"31":{"start":{"line":127,"column":4},"end":{"line":132,"column":6}},"32":{"start":{"line":141,"column":23},"end":{"line":141,"column":48}},"33":{"start":{"line":142,"column":21},"end":{"line":142,"column":65}},"34":{"start":{"line":144,"column":4},"end":{"line":147,"column":5}},"35":{"start":{"line":145,"column":29},"end":{"line":145,"column":62}},"36":{"start":{"line":146,"column":6},"end":{"line":146,"column":57}},"37":{"start":{"line":149,"column":4},"end":{"line":149,"column":22}},"38":{"start":{"line":159,"column":37},"end":{"line":159,"column":39}},"39":{"start":{"line":160,"column":26},"end":{"line":160,"column":27}},"40":{"start":{"line":163,"column":4},"end":{"line":170,"column":5}},"41":{"start":{"line":164,"column":6},"end":{"line":169,"column":7}},"42":{"start":{"line":165,"column":8},"end":{"line":165,"column":34}},"43":{"start":{"line":166,"column":33},"end":{"line":166,"column":58}},"44":{"start":{"line":168,"column":8},"end":{"line":168,"column":74}},"45":{"start":{"line":173,"column":18},"end":{"line":173,"column":79}},"46":{"start":{"line":174,"column":25},"end":{"line":174,"column":59}},"47":{"start":{"line":177,"column":30},"end":{"line":177,"column":80}},"48":{"start":{"line":178,"column":26},"end":{"line":180,"column":9}},"49":{"start":{"line":182,"column":4},"end":{"line":186,"column":6}},"50":{"start":{"line":199,"column":16},"end":{"line":199,"column":72}},"51":{"start":{"line":202,"column":23},"end":{"line":202,"column":74}},"52":{"start":{"line":203,"column":26},"end":{"line":203,"column":54}},"53":{"start":{"line":204,"column":4},"end":{"line":204,"column":33}},"54":{"start":{"line":207,"column":26},"end":{"line":207,"column":89}},"55":{"start":{"line":208,"column":4},"end":{"line":208,"column":33}},"56":{"start":{"line":211,"column":4},"end":{"line":213,"column":5}},"57":{"start":{"line":212,"column":6},"end":{"line":212,"column":19}},"58":{"start":{"line":215,"column":4},"end":{"line":215,"column":30}},"59":{"start":{"line":225,"column":4},"end":{"line":225,"column":59}},"60":{"start":{"line":225,"column":45},"end":{"line":225,"column":59}},"61":{"start":{"line":226,"column":4},"end":{"line":226,"column":61}},"62":{"start":{"line":226,"column":45},"end":{"line":226,"column":61}},"63":{"start":{"line":227,"column":4},"end":{"line":227,"column":17}},"64":{"start":{"line":239,"column":24},"end":{"line":239,"column":53}},"65":{"start":{"line":240,"column":24},"end":{"line":240,"column":69}},"66":{"start":{"line":242,"column":4},"end":{"line":245,"column":5}},"67":{"start":{"line":243,"column":6},"end":{"line":244,"column":97}},"68":{"start":{"line":247,"column":4},"end":{"line":250,"column":5}},"69":{"start":{"line":248,"column":6},"end":{"line":249,"column":68}},"70":{"start":{"line":252,"column":4},"end":{"line":253,"column":119}},"71":{"start":{"line":260,"column":4},"end":{"line":263,"column":6}}},"fnMap":{"0":{"name":"(anonymous_0)","decl":{"start":{"line":40,"column":12},"end":{"line":40,"column":17}},"loc":{"start":{"line":41,"column":34},"end":{"line":104,"column":3}}},"1":{"name":"(anonymous_1)","decl":{"start":{"line":109,"column":10},"end":{"line":109,"column":33}},"loc":{"start":{"line":109,"column":58},"end":{"line":133,"column":3}}},"2":{"name":"(anonymous_2)","decl":{"start":{"line":118,"column":24},"end":{"line":118,"column":25}},"loc":{"start":{"line":118,"column":36},"end":{"line":118,"column":54}}},"3":{"name":"(anonymous_3)","decl":{"start":{"line":122,"column":41},"end":{"line":122,"column":42}},"loc":{"start":{"line":123,"column":6},"end":{"line":123,"column":38}}},"4":{"name":"(anonymous_4)","decl":{"start":{"line":138,"column":10},"end":{"line":138,"column":25}},"loc":{"start":{"line":139,"column":28},"end":{"line":150,"column":3}}},"5":{"name":"(anonymous_5)","decl":{"start":{"line":155,"column":10},"end":{"line":155,"column":26}},"loc":{"start":{"line":157,"column":39},"end":{"line":187,"column":3}}},"6":{"name":"(anonymous_6)","decl":{"start":{"line":192,"column":10},"end":{"line":192,"column":34}},"loc":{"start":{"line":196,"column":22},"end":{"line":216,"column":3}}},"7":{"name":"(anonymous_7)","decl":{"start":{"line":221,"column":10},"end":{"line":221,"column":28}},"loc":{"start":{"line":223,"column":24},"end":{"line":228,"column":3}}},"8":{"name":"(anonymous_8)","decl":{"start":{"line":233,"column":10},"end":{"line":233,"column":29}},"loc":{"start":{"line":237,"column":22},"end":{"line":254,"column":3}}},"9":{"name":"(anonymous_9)","decl":{"start":{"line":259,"column":12},"end":{"line":259,"column":31}},"loc":{"start":{"line":259,"column":56},"end":{"line":264,"column":3}}}},"branchMap":{"0":{"loc":{"start":{"line":47,"column":4},"end":{"line":49,"column":5}},"type":"if","locations":[{"start":{"line":47,"column":4},"end":{"line":49,"column":5}},{"start":{},"end":{}}]},"1":{"loc":{"start":{"line":57,"column":6},"end":{"line":57,"column":60}},"type":"if","locations":[{"start":{"line":57,"column":6},"end":{"line":57,"column":60}},{"start":{},"end":{}}]},"2":{"loc":{"start":{"line":62,"column":6},"end":{"line":64,"column":7}},"type":"if","locations":[{"start":{"line":62,"column":6},"end":{"line":64,"column":7}},{"start":{},"end":{}}]},"3":{"loc":{"start":{"line":62,"column":10},"end":{"line":62,"column":70}},"type":"binary-expr","locations":[{"start":{"line":62,"column":10},"end":{"line":62,"column":50}},{"start":{"line":62,"column":54},"end":{"line":62,"column":70}}]},"4":{"loc":{"start":{"line":70,"column":6},"end":{"line":100,"column":7}},"type":"if","locations":[{"start":{"line":70,"column":6},"end":{"line":100,"column":7}},{"start":{},"end":{}}]},"5":{"loc":{"start":{"line":78,"column":8},"end":{"line":99,"column":9}},"type":"if","locations":[{"start":{"line":78,"column":8},"end":{"line":99,"column":9}},{"start":{},"end":{}}]},"6":{"loc":{"start":{"line":96,"column":25},"end":{"line":96,"column":91}},"type":"binary-expr","locations":[{"start":{"line":96,"column":25},"end":{"line":96,"column":40}},{"start":{"line":96,"column":44},"end":{"line":96,"column":91}}]},"7":{"loc":{"start":{"line":110,"column":21},"end":{"line":110,"column":65}},"type":"binary-expr","locations":[{"start":{"line":110,"column":21},"end":{"line":110,"column":59}},{"start":{"line":110,"column":63},"end":{"line":110,"column":65}}]},"8":{"loc":{"start":{"line":117,"column":26},"end":{"line":119,"column":9}},"type":"cond-expr","locations":[{"start":{"line":118,"column":8},"end":{"line":118,"column":76}},{"start":{"line":119,"column":8},"end":{"line":119,"column":9}}]},"9":{"loc":{"start":{"line":142,"column":21},"end":{"line":142,"column":65}},"type":"binary-expr","locations":[{"start":{"line":142,"column":21},"end":{"line":142,"column":59}},{"start":{"line":142,"column":63},"end":{"line":142,"column":65}}]},"10":{"loc":{"start":{"line":164,"column":6},"end":{"line":169,"column":7}},"type":"if","locations":[{"start":{"line":164,"column":6},"end":{"line":169,"column":7}},{"start":{},"end":{}}]},"11":{"loc":{"start":{"line":178,"column":26},"end":{"line":180,"column":9}},"type":"cond-expr","locations":[{"start":{"line":179,"column":8},"end":{"line":179,"column":43}},{"start":{"line":180,"column":8},"end":{"line":180,"column":9}}]},"12":{"loc":{"start":{"line":211,"column":4},"end":{"line":213,"column":5}},"type":"if","locations":[{"start":{"line":211,"column":4},"end":{"line":213,"column":5}},{"start":{},"end":{}}]},"13":{"loc":{"start":{"line":225,"column":4},"end":{"line":225,"column":59}},"type":"if","locations":[{"start":{"line":225,"column":4},"end":{"line":225,"column":59}},{"start":{},"end":{}}]},"14":{"loc":{"start":{"line":225,"column":8},"end":{"line":225,"column":43}},"type":"binary-expr","locations":[{"start":{"line":225,"column":8},"end":{"line":225,"column":20}},{"start":{"line":225,"column":24},"end":{"line":225,"column":43}}]},"15":{"loc":{"start":{"line":226,"column":4},"end":{"line":226,"column":61}},"type":"if","locations":[{"start":{"line":226,"column":4},"end":{"line":226,"column":61}},{"start":{},"end":{}}]},"16":{"loc":{"start":{"line":226,"column":8},"end":{"line":226,"column":43}},"type":"binary-expr","locations":[{"start":{"line":226,"column":8},"end":{"line":226,"column":20}},{"start":{"line":226,"column":24},"end":{"line":226,"column":43}}]},"17":{"loc":{"start":{"line":242,"column":4},"end":{"line":245,"column":5}},"type":"if","locations":[{"start":{"line":242,"column":4},"end":{"line":245,"column":5}},{"start":{},"end":{}}]},"18":{"loc":{"start":{"line":247,"column":4},"end":{"line":250,"column":5}},"type":"if","locations":[{"start":{"line":247,"column":4},"end":{"line":250,"column":5}},{"start":{},"end":{}}]},"19":{"loc":{"start":{"line":261,"column":6},"end":{"line":262,"column":53}},"type":"binary-expr","locations":[{"start":{"line":261,"column":6},"end":{"line":261,"column":44}},{"start":{"line":262,"column":6},"end":{"line":262,"column":53}}]}},"s":{"0":13,"1":13,"2":13,"3":13,"4":0,"5":0,"6":0,"7":0,"8":0,"9":0,"10":0,"11":0,"12":0,"13":0,"14":0,"15":0,"16":0,"17":0,"18":0,"19":0,"20":0,"21":0,"22":0,"23":0,"24":0,"25":0,"26":0,"27":0,"28":0,"29":0,"30":0,"31":0,"32":0,"33":0,"34":0,"35":0,"36":0,"37":0,"38":0,"39":0,"40":0,"41":0,"42":0,"43":0,"44":0,"45":0,"46":0,"47":0,"48":0,"49":0,"50":0,"51":0,"52":0,"53":0,"54":0,"55":0,"56":0,"57":0,"58":0,"59":0,"60":0,"61":0,"62":0,"63":0,"64":0,"65":0,"66":0,"67":0,"68":0,"69":0,"70":0,"71":11},"f":{"0":0,"1":0,"2":0,"3":0,"4":0,"5":0,"6":0,"7":0,"8":0,"9":11},"b":{"0":[0,0],"1":[0,0],"2":[0,0],"3":[0,0],"4":[0,0],"5":[0,0],"6":[0,0],"7":[0,0],"8":[0,0],"9":[0,0],"10":[0,0],"11":[0,0],"12":[0,0],"13":[0,0],"14":[0,0],"15":[0,0],"16":[0,0],"17":[0,0],"18":[0,0],"19":[11,0]}}
,"/Users/topher/Code/rhizome-v2/worker/engines/contradiction-detection.ts": {"path":"/Users/topher/Code/rhizome-v2/worker/engines/contradiction-detection.ts","statementMap":{"0":{"start":{"line":34,"column":23},"end":{"line":39,"column":2}},"1":{"start":{"line":41,"column":25},"end":{"line":46,"column":2}},"2":{"start":{"line":48,"column":24},"end":{"line":52,"column":2}},"3":{"start":{"line":55,"column":22},"end":{"line":62,"column":2}},"4":{"start":{"line":65,"column":30},"end":{"line":65,"column":64}},"5":{"start":{"line":68,"column":39},"end":{"line":68,"column":42}},"6":{"start":{"line":69,"column":38},"end":{"line":69,"column":41}},"7":{"start":{"line":77,"column":39},"end":{"line":77,"column":41}},"8":{"start":{"line":78,"column":25},"end":{"line":78,"column":62}},"9":{"start":{"line":81,"column":4},"end":{"line":83,"column":5}},"10":{"start":{"line":82,"column":6},"end":{"line":82,"column":21}},"11":{"start":{"line":86,"column":4},"end":{"line":120,"column":5}},"12":{"start":{"line":88,"column":6},"end":{"line":88,"column":60}},"13":{"start":{"line":88,"column":51},"end":{"line":88,"column":60}},"14":{"start":{"line":90,"column":27},"end":{"line":90,"column":58}},"15":{"start":{"line":91,"column":6},"end":{"line":91,"column":46}},"16":{"start":{"line":91,"column":37},"end":{"line":91,"column":46}},"17":{"start":{"line":94,"column":29},"end":{"line":94,"column":80}},"18":{"start":{"line":97,"column":6},"end":{"line":119,"column":7}},"19":{"start":{"line":98,"column":8},"end":{"line":118,"column":9}},"20":{"start":{"line":99,"column":24},"end":{"line":99,"column":68}},"21":{"start":{"line":101,"column":10},"end":{"line":117,"column":11}},"22":{"start":{"line":102,"column":12},"end":{"line":116,"column":15}},"23":{"start":{"line":122,"column":4},"end":{"line":122,"column":19}},"24":{"start":{"line":129,"column":28},"end":{"line":129,"column":30}},"25":{"start":{"line":130,"column":20},"end":{"line":130,"column":33}},"26":{"start":{"line":133,"column":22},"end":{"line":133,"column":54}},"27":{"start":{"line":135,"column":4},"end":{"line":146,"column":5}},"28":{"start":{"line":137,"column":6},"end":{"line":139,"column":7}},"29":{"start":{"line":138,"column":8},"end":{"line":138,"column":17}},"30":{"start":{"line":142,"column":20},"end":{"line":142,"column":59}},"31":{"start":{"line":143,"column":6},"end":{"line":145,"column":7}},"32":{"start":{"line":144,"column":8},"end":{"line":144,"column":27}},"33":{"start":{"line":156,"column":4},"end":{"line":156,"column":18}},"34":{"start":{"line":164,"column":4},"end":{"line":167,"column":33}},"35":{"start":{"line":166,"column":16},"end":{"line":166,"column":24}},"36":{"start":{"line":167,"column":19},"end":{"line":167,"column":31}},"37":{"start":{"line":174,"column":18},"end":{"line":174,"column":53}},"38":{"start":{"line":177,"column":32},"end":{"line":178,"column":null}},"39":{"start":{"line":178,"column":6},"end":{"line":178,"column":96}},"40":{"start":{"line":181,"column":4},"end":{"line":183,"column":5}},"41":{"start":{"line":182,"column":6},"end":{"line":182,"column":18}},"42":{"start":{"line":186,"column":25},"end":{"line":193,"column":6}},"43":{"start":{"line":195,"column":4},"end":{"line":195,"column":17}},"44":{"start":{"line":203,"column":18},"end":{"line":203,"column":39}},"45":{"start":{"line":204,"column":23},"end":{"line":204,"column":25}},"46":{"start":{"line":206,"column":4},"end":{"line":211,"column":5}},"47":{"start":{"line":207,"column":6},"end":{"line":209,"column":7}},"48":{"start":{"line":208,"column":8},"end":{"line":208,"column":14}},"49":{"start":{"line":210,"column":6},"end":{"line":210,"column":28}},"50":{"start":{"line":213,"column":4},"end":{"line":213,"column":68}},"51":{"start":{"line":221,"column":22},"end":{"line":221,"column":99}},"52":{"start":{"line":222,"column":4},"end":{"line":222,"column":47}},"53":{"start":{"line":230,"column":22},"end":{"line":230,"column":78}},"54":{"start":{"line":231,"column":4},"end":{"line":231,"column":48}},"55":{"start":{"line":238,"column":21},"end":{"line":238,"column":24}},"56":{"start":{"line":241,"column":18},"end":{"line":241,"column":53}},"57":{"start":{"line":242,"column":4},"end":{"line":246,"column":5}},"58":{"start":{"line":243,"column":6},"end":{"line":245,"column":69}},"59":{"start":{"line":243,"column":47},"end":{"line":243,"column":65}},"60":{"start":{"line":244,"column":11},"end":{"line":245,"column":69}},"61":{"start":{"line":244,"column":54},"end":{"line":244,"column":72}},"62":{"start":{"line":245,"column":11},"end":{"line":245,"column":69}},"63":{"start":{"line":245,"column":51},"end":{"line":245,"column":69}},"64":{"start":{"line":249,"column":4},"end":{"line":249,"column":48}},"65":{"start":{"line":249,"column":30},"end":{"line":249,"column":48}},"66":{"start":{"line":252,"column":4},"end":{"line":252,"column":62}},"67":{"start":{"line":252,"column":44},"end":{"line":252,"column":62}},"68":{"start":{"line":254,"column":4},"end":{"line":254,"column":48}},"69":{"start":{"line":261,"column":18},"end":{"line":261,"column":53}},"70":{"start":{"line":262,"column":4},"end":{"line":262,"column":61}},"71":{"start":{"line":262,"column":30},"end":{"line":262,"column":59}},"72":{"start":{"line":269,"column":4},"end":{"line":276,"column":6}},"73":{"start":{"line":286,"column":44},"end":{"line":286,"column":46}},"74":{"start":{"line":288,"column":4},"end":{"line":295,"column":5}},"75":{"start":{"line":289,"column":6},"end":{"line":294,"column":7}},"76":{"start":{"line":290,"column":30},"end":{"line":290,"column":80}},"77":{"start":{"line":291,"column":8},"end":{"line":293,"column":9}},"78":{"start":{"line":292,"column":10},"end":{"line":292,"column":45}},"79":{"start":{"line":298,"column":4},"end":{"line":300,"column":19}},"80":{"start":{"line":299,"column":22},"end":{"line":299,"column":45}},"81":{"start":{"line":311,"column":24},"end":{"line":311,"column":79}},"82":{"start":{"line":312,"column":4},"end":{"line":314,"column":5}},"83":{"start":{"line":313,"column":6},"end":{"line":313,"column":18}},"84":{"start":{"line":317,"column":4},"end":{"line":326,"column":5}},"85":{"start":{"line":319,"column":6},"end":{"line":325,"column":8}},"86":{"start":{"line":329,"column":33},"end":{"line":329,"column":79}},"87":{"start":{"line":330,"column":4},"end":{"line":332,"column":5}},"88":{"start":{"line":331,"column":6},"end":{"line":331,"column":34}},"89":{"start":{"line":335,"column":33},"end":{"line":335,"column":79}},"90":{"start":{"line":336,"column":4},"end":{"line":338,"column":5}},"91":{"start":{"line":337,"column":6},"end":{"line":337,"column":34}},"92":{"start":{"line":341,"column":34},"end":{"line":341,"column":81}},"93":{"start":{"line":342,"column":4},"end":{"line":344,"column":5}},"94":{"start":{"line":343,"column":6},"end":{"line":343,"column":35}},"95":{"start":{"line":346,"column":4},"end":{"line":346,"column":16}},"96":{"start":{"line":354,"column":24},"end":{"line":354,"column":53}},"97":{"start":{"line":355,"column":24},"end":{"line":355,"column":53}},"98":{"start":{"line":358,"column":4},"end":{"line":358,"column":49}},"99":{"start":{"line":358,"column":37},"end":{"line":358,"column":49}},"100":{"start":{"line":361,"column":4},"end":{"line":363,"column":5}},"101":{"start":{"line":362,"column":6},"end":{"line":362,"column":18}},"102":{"start":{"line":366,"column":19},"end":{"line":366,"column":52}},"103":{"start":{"line":367,"column":19},"end":{"line":367,"column":52}},"104":{"start":{"line":368,"column":25},"end":{"line":368,"column":72}},"105":{"start":{"line":368,"column":57},"end":{"line":368,"column":70}},"106":{"start":{"line":369,"column":20},"end":{"line":369,"column":74}},"107":{"start":{"line":371,"column":4},"end":{"line":371,"column":25}},"108":{"start":{"line":378,"column":24},"end":{"line":378,"column":55}},"109":{"start":{"line":379,"column":24},"end":{"line":379,"column":55}},"110":{"start":{"line":382,"column":19},"end":{"line":382,"column":56}},"111":{"start":{"line":383,"column":19},"end":{"line":383,"column":56}},"112":{"start":{"line":385,"column":4},"end":{"line":387,"column":35}},"113":{"start":{"line":394,"column":17},"end":{"line":394,"column":21}},"114":{"start":{"line":395,"column":4},"end":{"line":397,"column":5}},"115":{"start":{"line":396,"column":6},"end":{"line":396,"column":68}},"116":{"start":{"line":398,"column":4},"end":{"line":398,"column":25}},"117":{"start":{"line":408,"column":19},"end":{"line":408,"column":62}},"118":{"start":{"line":409,"column":19},"end":{"line":409,"column":62}},"119":{"start":{"line":411,"column":4},"end":{"line":426,"column":5}},"120":{"start":{"line":412,"column":22},"end":{"line":412,"column":43}},"121":{"start":{"line":413,"column":22},"end":{"line":413,"column":43}},"122":{"start":{"line":414,"column":22},"end":{"line":414,"column":43}},"123":{"start":{"line":415,"column":22},"end":{"line":415,"column":43}},"124":{"start":{"line":417,"column":6},"end":{"line":425,"column":7}},"125":{"start":{"line":418,"column":8},"end":{"line":424,"column":10}},"126":{"start":{"line":428,"column":4},"end":{"line":428,"column":16}},"127":{"start":{"line":439,"column":23},"end":{"line":439,"column":100}},"128":{"start":{"line":440,"column":23},"end":{"line":440,"column":100}},"129":{"start":{"line":442,"column":4},"end":{"line":452,"column":5}},"130":{"start":{"line":443,"column":6},"end":{"line":451,"column":7}},"131":{"start":{"line":444,"column":8},"end":{"line":450,"column":10}},"132":{"start":{"line":455,"column":20},"end":{"line":455,"column":90}},"133":{"start":{"line":456,"column":21},"end":{"line":456,"column":90}},"134":{"start":{"line":457,"column":20},"end":{"line":457,"column":90}},"135":{"start":{"line":458,"column":21},"end":{"line":458,"column":90}},"136":{"start":{"line":460,"column":4},"end":{"line":468,"column":5}},"137":{"start":{"line":461,"column":6},"end":{"line":467,"column":8}},"138":{"start":{"line":470,"column":4},"end":{"line":470,"column":16}},"139":{"start":{"line":481,"column":22},"end":{"line":481,"column":62}},"140":{"start":{"line":482,"column":22},"end":{"line":482,"column":62}},"141":{"start":{"line":484,"column":4},"end":{"line":507,"column":5}},"142":{"start":{"line":486,"column":6},"end":{"line":494,"column":7}},"143":{"start":{"line":487,"column":8},"end":{"line":493,"column":10}},"144":{"start":{"line":497,"column":26},"end":{"line":497,"column":72}},"145":{"start":{"line":498,"column":6},"end":{"line":506,"column":7}},"146":{"start":{"line":499,"column":8},"end":{"line":505,"column":10}},"147":{"start":{"line":509,"column":4},"end":{"line":509,"column":16}},"148":{"start":{"line":516,"column":30},"end":{"line":516,"column":32}},"149":{"start":{"line":517,"column":26},"end":{"line":522,"column":6}},"150":{"start":{"line":524,"column":18},"end":{"line":524,"column":49}},"151":{"start":{"line":525,"column":4},"end":{"line":529,"column":5}},"152":{"start":{"line":526,"column":6},"end":{"line":528,"column":7}},"153":{"start":{"line":527,"column":8},"end":{"line":527,"column":27}},"154":{"start":{"line":531,"column":4},"end":{"line":531,"column":19}},"155":{"start":{"line":538,"column":22},"end":{"line":544,"column":6}},"156":{"start":{"line":546,"column":4},"end":{"line":551,"column":5}},"157":{"start":{"line":547,"column":6},"end":{"line":550,"column":7}},"158":{"start":{"line":549,"column":8},"end":{"line":549,"column":20}},"159":{"start":{"line":553,"column":4},"end":{"line":553,"column":17}},"160":{"start":{"line":560,"column":16},"end":{"line":560,"column":38}},"161":{"start":{"line":563,"column":4},"end":{"line":576,"column":5}},"162":{"start":{"line":565,"column":8},"end":{"line":565,"column":21}},"163":{"start":{"line":566,"column":8},"end":{"line":566,"column":14}},"164":{"start":{"line":568,"column":8},"end":{"line":568,"column":21}},"165":{"start":{"line":569,"column":8},"end":{"line":569,"column":14}},"166":{"start":{"line":571,"column":8},"end":{"line":571,"column":21}},"167":{"start":{"line":572,"column":8},"end":{"line":572,"column":14}},"168":{"start":{"line":574,"column":8},"end":{"line":574,"column":22}},"169":{"start":{"line":575,"column":8},"end":{"line":575,"column":14}},"170":{"start":{"line":579,"column":26},"end":{"line":579,"column":97}},"171":{"start":{"line":580,"column":4},"end":{"line":580,"column":41}},"172":{"start":{"line":582,"column":4},"end":{"line":582,"column":30}},"173":{"start":{"line":592,"column":28},"end":{"line":592,"column":99}},"174":{"start":{"line":594,"column":4},"end":{"line":596,"column":5}},"175":{"start":{"line":595,"column":6},"end":{"line":595,"column":20}},"176":{"start":{"line":597,"column":4},"end":{"line":599,"column":5}},"177":{"start":{"line":598,"column":6},"end":{"line":598,"column":22}},"178":{"start":{"line":600,"column":4},"end":{"line":600,"column":17}},"179":{"start":{"line":607,"column":50},"end":{"line":607,"column":63}},"180":{"start":{"line":609,"column":4},"end":{"line":629,"column":5}},"181":{"start":{"line":611,"column":8},"end":{"line":612,"column":85}},"182":{"start":{"line":615,"column":8},"end":{"line":616,"column":69}},"183":{"start":{"line":619,"column":8},"end":{"line":620,"column":68}},"184":{"start":{"line":623,"column":8},"end":{"line":624,"column":61}},"185":{"start":{"line":627,"column":8},"end":{"line":628,"column":74}},"186":{"start":{"line":637,"column":4},"end":{"line":637,"column":58}}},"fnMap":{"0":{"name":"(anonymous_0)","decl":{"start":{"line":74,"column":12},"end":{"line":74,"column":17}},"loc":{"start":{"line":75,"column":34},"end":{"line":123,"column":3}}},"1":{"name":"(anonymous_1)","decl":{"start":{"line":128,"column":10},"end":{"line":128,"column":23}},"loc":{"start":{"line":128,"column":48},"end":{"line":157,"column":3}}},"2":{"name":"(anonymous_2)","decl":{"start":{"line":162,"column":10},"end":{"line":162,"column":28}},"loc":{"start":{"line":162,"column":44},"end":{"line":168,"column":3}}},"3":{"name":"(anonymous_3)","decl":{"start":{"line":166,"column":11},"end":{"line":166,"column":12}},"loc":{"start":{"line":166,"column":16},"end":{"line":166,"column":24}}},"4":{"name":"(anonymous_4)","decl":{"start":{"line":167,"column":14},"end":{"line":167,"column":15}},"loc":{"start":{"line":167,"column":19},"end":{"line":167,"column":31}}},"5":{"name":"(anonymous_5)","decl":{"start":{"line":173,"column":10},"end":{"line":173,"column":34}},"loc":{"start":{"line":173,"column":51},"end":{"line":196,"column":3}}},"6":{"name":"(anonymous_6)","decl":{"start":{"line":177,"column":43},"end":{"line":177,"column":44}},"loc":{"start":{"line":178,"column":6},"end":{"line":178,"column":96}}},"7":{"name":"(anonymous_7)","decl":{"start":{"line":201,"column":10},"end":{"line":201,"column":24}},"loc":{"start":{"line":201,"column":41},"end":{"line":214,"column":3}}},"8":{"name":"(anonymous_8)","decl":{"start":{"line":219,"column":10},"end":{"line":219,"column":26}},"loc":{"start":{"line":219,"column":43},"end":{"line":223,"column":3}}},"9":{"name":"(anonymous_9)","decl":{"start":{"line":228,"column":10},"end":{"line":228,"column":23}},"loc":{"start":{"line":228,"column":40},"end":{"line":232,"column":3}}},"10":{"name":"(anonymous_10)","decl":{"start":{"line":237,"column":10},"end":{"line":237,"column":34}},"loc":{"start":{"line":237,"column":51},"end":{"line":255,"column":3}}},"11":{"name":"(anonymous_11)","decl":{"start":{"line":260,"column":10},"end":{"line":260,"column":26}},"loc":{"start":{"line":260,"column":43},"end":{"line":263,"column":3}}},"12":{"name":"(anonymous_12)","decl":{"start":{"line":262,"column":22},"end":{"line":262,"column":26}},"loc":{"start":{"line":262,"column":30},"end":{"line":262,"column":59}}},"13":{"name":"(anonymous_13)","decl":{"start":{"line":268,"column":10},"end":{"line":268,"column":28}},"loc":{"start":{"line":268,"column":43},"end":{"line":277,"column":3}}},"14":{"name":"(anonymous_14)","decl":{"start":{"line":282,"column":10},"end":{"line":282,"column":28}},"loc":{"start":{"line":284,"column":25},"end":{"line":301,"column":3}}},"15":{"name":"(anonymous_15)","decl":{"start":{"line":299,"column":12},"end":{"line":299,"column":13}},"loc":{"start":{"line":299,"column":22},"end":{"line":299,"column":45}}},"16":{"name":"(anonymous_16)","decl":{"start":{"line":306,"column":10},"end":{"line":306,"column":29}},"loc":{"start":{"line":308,"column":17},"end":{"line":347,"column":3}}},"17":{"name":"(anonymous_17)","decl":{"start":{"line":352,"column":10},"end":{"line":352,"column":28}},"loc":{"start":{"line":352,"column":63},"end":{"line":372,"column":3}}},"18":{"name":"(anonymous_18)","decl":{"start":{"line":368,"column":52},"end":{"line":368,"column":53}},"loc":{"start":{"line":368,"column":57},"end":{"line":368,"column":70}}},"19":{"name":"(anonymous_19)","decl":{"start":{"line":377,"column":10},"end":{"line":377,"column":30}},"loc":{"start":{"line":377,"column":69},"end":{"line":388,"column":3}}},"20":{"name":"(anonymous_20)","decl":{"start":{"line":393,"column":10},"end":{"line":393,"column":29}},"loc":{"start":{"line":393,"column":42},"end":{"line":399,"column":3}}},"21":{"name":"(anonymous_21)","decl":{"start":{"line":404,"column":10},"end":{"line":404,"column":35}},"loc":{"start":{"line":406,"column":17},"end":{"line":429,"column":3}}},"22":{"name":"(anonymous_22)","decl":{"start":{"line":434,"column":10},"end":{"line":434,"column":35}},"loc":{"start":{"line":436,"column":17},"end":{"line":471,"column":3}}},"23":{"name":"(anonymous_23)","decl":{"start":{"line":476,"column":10},"end":{"line":476,"column":36}},"loc":{"start":{"line":478,"column":17},"end":{"line":510,"column":3}}},"24":{"name":"(anonymous_24)","decl":{"start":{"line":515,"column":10},"end":{"line":515,"column":32}},"loc":{"start":{"line":515,"column":45},"end":{"line":532,"column":3}}},"25":{"name":"(anonymous_25)","decl":{"start":{"line":537,"column":10},"end":{"line":537,"column":29}},"loc":{"start":{"line":537,"column":68},"end":{"line":554,"column":3}}},"26":{"name":"(anonymous_26)","decl":{"start":{"line":559,"column":10},"end":{"line":559,"column":34}},"loc":{"start":{"line":559,"column":63},"end":{"line":583,"column":3}}},"27":{"name":"(anonymous_27)","decl":{"start":{"line":588,"column":10},"end":{"line":588,"column":28}},"loc":{"start":{"line":590,"column":32},"end":{"line":601,"column":3}}},"28":{"name":"(anonymous_28)","decl":{"start":{"line":606,"column":10},"end":{"line":606,"column":29}},"loc":{"start":{"line":606,"column":58},"end":{"line":630,"column":3}}},"29":{"name":"(anonymous_29)","decl":{"start":{"line":635,"column":12},"end":{"line":635,"column":31}},"loc":{"start":{"line":635,"column":56},"end":{"line":638,"column":3}}}},"branchMap":{"0":{"loc":{"start":{"line":81,"column":4},"end":{"line":83,"column":5}},"type":"if","locations":[{"start":{"line":81,"column":4},"end":{"line":83,"column":5}},{"start":{},"end":{}}]},"1":{"loc":{"start":{"line":88,"column":6},"end":{"line":88,"column":60}},"type":"if","locations":[{"start":{"line":88,"column":6},"end":{"line":88,"column":60}},{"start":{},"end":{}}]},"2":{"loc":{"start":{"line":91,"column":6},"end":{"line":91,"column":46}},"type":"if","locations":[{"start":{"line":91,"column":6},"end":{"line":91,"column":46}},{"start":{},"end":{}}]},"3":{"loc":{"start":{"line":98,"column":8},"end":{"line":118,"column":9}},"type":"if","locations":[{"start":{"line":98,"column":8},"end":{"line":118,"column":9}},{"start":{},"end":{}}]},"4":{"loc":{"start":{"line":101,"column":10},"end":{"line":117,"column":11}},"type":"if","locations":[{"start":{"line":101,"column":10},"end":{"line":117,"column":11}},{"start":{},"end":{}}]},"5":{"loc":{"start":{"line":137,"column":6},"end":{"line":139,"column":7}},"type":"if","locations":[{"start":{"line":137,"column":6},"end":{"line":139,"column":7}},{"start":{},"end":{}}]},"6":{"loc":{"start":{"line":137,"column":10},"end":{"line":137,"column":68}},"type":"binary-expr","locations":[{"start":{"line":137,"column":10},"end":{"line":137,"column":32}},{"start":{"line":137,"column":36},"end":{"line":137,"column":68}}]},"7":{"loc":{"start":{"line":143,"column":6},"end":{"line":145,"column":7}},"type":"if","locations":[{"start":{"line":143,"column":6},"end":{"line":145,"column":7}},{"start":{},"end":{}}]},"8":{"loc":{"start":{"line":143,"column":10},"end":{"line":143,"column":60}},"type":"binary-expr","locations":[{"start":{"line":143,"column":10},"end":{"line":143,"column":15}},{"start":{"line":143,"column":19},"end":{"line":143,"column":60}}]},"9":{"loc":{"start":{"line":181,"column":4},"end":{"line":183,"column":5}},"type":"if","locations":[{"start":{"line":181,"column":4},"end":{"line":183,"column":5}},{"start":{},"end":{}}]},"10":{"loc":{"start":{"line":207,"column":6},"end":{"line":209,"column":7}},"type":"if","locations":[{"start":{"line":207,"column":6},"end":{"line":209,"column":7}},{"start":{},"end":{}}]},"11":{"loc":{"start":{"line":213,"column":11},"end":{"line":213,"column":67}},"type":"binary-expr","locations":[{"start":{"line":213,"column":11},"end":{"line":213,"column":38}},{"start":{"line":213,"column":42},"end":{"line":213,"column":67}}]},"12":{"loc":{"start":{"line":222,"column":11},"end":{"line":222,"column":46}},"type":"cond-expr","locations":[{"start":{"line":222,"column":23},"end":{"line":222,"column":35}},{"start":{"line":222,"column":38},"end":{"line":222,"column":46}}]},"13":{"loc":{"start":{"line":231,"column":11},"end":{"line":231,"column":47}},"type":"cond-expr","locations":[{"start":{"line":231,"column":23},"end":{"line":231,"column":35}},{"start":{"line":231,"column":38},"end":{"line":231,"column":47}}]},"14":{"loc":{"start":{"line":243,"column":6},"end":{"line":245,"column":69}},"type":"if","locations":[{"start":{"line":243,"column":6},"end":{"line":245,"column":69}},{"start":{"line":244,"column":11},"end":{"line":245,"column":69}}]},"15":{"loc":{"start":{"line":244,"column":11},"end":{"line":245,"column":69}},"type":"if","locations":[{"start":{"line":244,"column":11},"end":{"line":245,"column":69}},{"start":{"line":245,"column":11},"end":{"line":245,"column":69}}]},"16":{"loc":{"start":{"line":245,"column":11},"end":{"line":245,"column":69}},"type":"if","locations":[{"start":{"line":245,"column":11},"end":{"line":245,"column":69}},{"start":{},"end":{}}]},"17":{"loc":{"start":{"line":249,"column":4},"end":{"line":249,"column":48}},"type":"if","locations":[{"start":{"line":249,"column":4},"end":{"line":249,"column":48}},{"start":{},"end":{}}]},"18":{"loc":{"start":{"line":252,"column":4},"end":{"line":252,"column":62}},"type":"if","locations":[{"start":{"line":252,"column":4},"end":{"line":252,"column":62}},{"start":{},"end":{}}]},"19":{"loc":{"start":{"line":270,"column":12},"end":{"line":270,"column":32}},"type":"binary-expr","locations":[{"start":{"line":270,"column":12},"end":{"line":270,"column":26}},{"start":{"line":270,"column":30},"end":{"line":270,"column":32}}]},"20":{"loc":{"start":{"line":271,"column":15},"end":{"line":271,"column":38}},"type":"binary-expr","locations":[{"start":{"line":271,"column":15},"end":{"line":271,"column":32}},{"start":{"line":271,"column":36},"end":{"line":271,"column":38}}]},"21":{"loc":{"start":{"line":272,"column":17},"end":{"line":272,"column":42}},"type":"binary-expr","locations":[{"start":{"line":272,"column":17},"end":{"line":272,"column":36}},{"start":{"line":272,"column":40},"end":{"line":272,"column":42}}]},"22":{"loc":{"start":{"line":274,"column":18},"end":{"line":274,"column":45}},"type":"binary-expr","locations":[{"start":{"line":274,"column":18},"end":{"line":274,"column":38}},{"start":{"line":274,"column":42},"end":{"line":274,"column":45}}]},"23":{"loc":{"start":{"line":275,"column":16},"end":{"line":275,"column":43}},"type":"binary-expr","locations":[{"start":{"line":275,"column":16},"end":{"line":275,"column":34}},{"start":{"line":275,"column":38},"end":{"line":275,"column":43}}]},"24":{"loc":{"start":{"line":291,"column":8},"end":{"line":293,"column":9}},"type":"if","locations":[{"start":{"line":291,"column":8},"end":{"line":293,"column":9}},{"start":{},"end":{}}]},"25":{"loc":{"start":{"line":312,"column":4},"end":{"line":314,"column":5}},"type":"if","locations":[{"start":{"line":312,"column":4},"end":{"line":314,"column":5}},{"start":{},"end":{}}]},"26":{"loc":{"start":{"line":317,"column":4},"end":{"line":326,"column":5}},"type":"if","locations":[{"start":{"line":317,"column":4},"end":{"line":326,"column":5}},{"start":{},"end":{}}]},"27":{"loc":{"start":{"line":317,"column":8},"end":{"line":318,"column":69}},"type":"binary-expr","locations":[{"start":{"line":317,"column":8},"end":{"line":317,"column":43}},{"start":{"line":318,"column":8},"end":{"line":318,"column":69}}]},"28":{"loc":{"start":{"line":330,"column":4},"end":{"line":332,"column":5}},"type":"if","locations":[{"start":{"line":330,"column":4},"end":{"line":332,"column":5}},{"start":{},"end":{}}]},"29":{"loc":{"start":{"line":336,"column":4},"end":{"line":338,"column":5}},"type":"if","locations":[{"start":{"line":336,"column":4},"end":{"line":338,"column":5}},{"start":{},"end":{}}]},"30":{"loc":{"start":{"line":342,"column":4},"end":{"line":344,"column":5}},"type":"if","locations":[{"start":{"line":342,"column":4},"end":{"line":344,"column":5}},{"start":{},"end":{}}]},"31":{"loc":{"start":{"line":358,"column":4},"end":{"line":358,"column":49}},"type":"if","locations":[{"start":{"line":358,"column":4},"end":{"line":358,"column":49}},{"start":{},"end":{}}]},"32":{"loc":{"start":{"line":361,"column":4},"end":{"line":363,"column":5}},"type":"if","locations":[{"start":{"line":361,"column":4},"end":{"line":363,"column":5}},{"start":{},"end":{}}]},"33":{"loc":{"start":{"line":361,"column":8},"end":{"line":361,"column":78}},"type":"binary-expr","locations":[{"start":{"line":361,"column":8},"end":{"line":361,"column":41}},{"start":{"line":361,"column":45},"end":{"line":361,"column":78}}]},"34":{"loc":{"start":{"line":385,"column":11},"end":{"line":387,"column":34}},"type":"binary-expr","locations":[{"start":{"line":385,"column":11},"end":{"line":385,"column":28}},{"start":{"line":386,"column":11},"end":{"line":386,"column":34}},{"start":{"line":387,"column":11},"end":{"line":387,"column":34}}]},"35":{"loc":{"start":{"line":417,"column":6},"end":{"line":425,"column":7}},"type":"if","
[...]
de/rhizome-v2/worker/processors/web-processor.ts": {"path":"/Users/topher/Code/rhizome-v2/worker/processors/web-processor.ts","statementMap":{"0":{"start":{"line":37,"column":22},"end":{"line":37,"column":59}},"1":{"start":{"line":39,"column":4},"end":{"line":165,"column":5}},"2":{"start":{"line":41,"column":6},"end":{"line":41,"column":null}},"3":{"start":{"line":43,"column":6},"end":{"line":45,"column":7}},"4":{"start":{"line":44,"column":8},"end":{"line":44,"column":null}},"5":{"start":{"line":47,"column":6},"end":{"line":49,"column":7}},"6":{"start":{"line":48,"column":8},"end":{"line":48,"column":null}},"7":{"start":{"line":52,"column":6},"end":{"line":52,"column":null}},"8":{"start":{"line":55,"column":6},"end":{"line":68,"column":7}},"9":{"start":{"line":58,"column":8},"end":{"line":61,"column":null}},"10":{"start":{"line":59,"column":22},"end":{"line":59,"column":53}},"11":{"start":{"line":64,"column":8},"end":{"line":66,"column":9}},"12":{"start":{"line":65,"column":10},"end":{"line":65,"column":null}},"13":{"start":{"line":67,"column":8},"end":{"line":67,"column":null}},"14":{"start":{"line":70,"column":6},"end":{"line":70,"column":null}},"15":{"start":{"line":73,"column":6},"end":{"line":73,"column":null}},"16":{"start":{"line":75,"column":29},"end":{"line":85,"column":23}},"17":{"start":{"line":87,"column":29},"end":{"line":102,"column":null}},"18":{"start":{"line":89,"column":25},"end":{"line":99,"column":12}},"19":{"start":{"line":100,"column":10},"end":{"line":100,"column":null}},"20":{"start":{"line":105,"column":23},"end":{"line":105,"column":48}},"21":{"start":{"line":106,"column":6},"end":{"line":108,"column":7}},"22":{"start":{"line":107,"column":8},"end":{"line":107,"column":null}},"23":{"start":{"line":110,"column":6},"end":{"line":110,"column":null}},"24":{"start":{"line":113,"column":6},"end":{"line":113,"column":null}},"25":{"start":{"line":115,"column":21},"end":{"line":117,"column":null}},"26":{"start":{"line":116,"column":20},"end":{"line":116,"column":56}},"27":{"start":{"line":120,"column":6},"end":{"line":120,"column":null}},"28":{"start":{"line":123,"column":23},"end":{"line":132,"column":null}},"29":{"start":{"line":135,"column":6},"end":{"line":135,"column":null}},"30":{"start":{"line":136,"column":29},"end":{"line":136,"column":72}},"31":{"start":{"line":139,"column":6},"end":{"line":139,"column":null}},"32":{"start":{"line":141,"column":6},"end":{"line":145,"column":null}},"33":{"start":{"line":148,"column":6},"end":{"line":152,"column":null}},"34":{"start":{"line":155,"column":6},"end":{"line":157,"column":7}},"35":{"start":{"line":156,"column":8},"end":{"line":156,"column":null}},"36":{"start":{"line":159,"column":6},"end":{"line":161,"column":7}},"37":{"start":{"line":160,"column":8},"end":{"line":160,"column":null}},"38":{"start":{"line":164,"column":6},"end":{"line":164,"column":null}},"39":{"start":{"line":176,"column":19},"end":{"line":212,"column":6}},"40":{"start":{"line":214,"column":4},"end":{"line":216,"column":5}},"41":{"start":{"line":215,"column":6},"end":{"line":215,"column":null}},"42":{"start":{"line":218,"column":21},"end":{"line":218,"column":44}},"43":{"start":{"line":219,"column":4},"end":{"line":221,"column":5}},"44":{"start":{"line":220,"column":6},"end":{"line":220,"column":null}},"45":{"start":{"line":224,"column":4},"end":{"line":230,"column":null}},"46":{"start":{"line":224,"column":63},"end":{"line":230,"column":6}}},"fnMap":{"0":{"name":"(anonymous_0)","decl":{"start":{"line":36,"column":2},"end":{"line":36,"column":7}},"loc":{"start":{"line":36,"column":15},"end":{"line":166,"column":3}}},"1":{"name":"(anonymous_1)","decl":{"start":{"line":59,"column":10},"end":{"line":59,"column":15}},"loc":{"start":{"line":59,"column":22},"end":{"line":59,"column":53}}},"2":{"name":"(anonymous_2)","decl":{"start":{"line":88,"column":8},"end":{"line":88,"column":13}},"loc":{"start":{"line":88,"column":19},"end":{"line":101,"column":9}}},"3":{"name":"(anonymous_3)","decl":{"start":{"line":116,"column":8},"end":{"line":116,"column":13}},"loc":{"start":{"line":116,"column":20},"end":{"line":116,"column":56}}},"4":{"name":"(anonymous_4)","decl":{"start":{"line":175,"column":10},"end":{"line":175,"column":15}},"loc":{"start":{"line":175,"column":48},"end":{"line":231,"column":3}}},"5":{"name":"(anonymous_5)","decl":{"start":{"line":224,"column":31},"end":{"line":224,"column":32}},"loc":{"start":{"line":224,"column":63},"end":{"line":230,"column":6}}}},"branchMap":{"0":{"loc":{"start":{"line":37,"column":22},"end":{"line":37,"column":59}},"type":"binary-expr","locations":[{"start":{"line":37,"column":22},"end":{"line":37,"column":53}},{"start":{"line":37,"column":57},"end":{"line":37,"column":59}}]},"1":{"loc":{"start":{"line":43,"column":6},"end":{"line":45,"column":7}},"type":"if","locations":[{"start":{"line":43,"column":6},"end":{"line":45,"column":7}},{"start":{},"end":{}}]},"2":{"loc":{"start":{"line":47,"column":6},"end":{"line":49,"column":7}},"type":"if","locations":[{"start":{"line":47,"column":6},"end":{"line":49,"column":7}},{"start":{},"end":{}}]},"3":{"loc":{"start":{"line":64,"column":8},"end":{"line":66,"column":9}},"type":"if","locations":[{"start":{"line":64,"column":8},"end":{"line":66,"column":9}},{"start":{},"end":{}}]},"4":{"loc":{"start":{"line":80,"column":10},"end":{"line":80,"column":37}},"type":"binary-expr","locations":[{"start":{"line":80,"column":10},"end":{"line":80,"column":24}},{"start":{"line":80,"column":28},"end":{"line":80,"column":37}}]},"5":{"loc":{"start":{"line":81,"column":8},"end":{"line":81,"column":37}},"type":"binary-expr","locations":[{"start":{"line":81,"column":8},"end":{"line":81,"column":24}},{"start":{"line":81,"column":28},"end":{"line":81,"column":37}}]},"6":{"loc":{"start":{"line":82,"column":12},"end":{"line":82,"column":32}},"type":"binary-expr","locations":[{"start":{"line":82,"column":12},"end":{"line":82,"column":24}},{"start":{"line":82,"column":28},"end":{"line":82,"column":32}}]},"7":{"loc":{"start":{"line":105,"column":23},"end":{"line":105,"column":48}},"type":"binary-expr","locations":[{"start":{"line":105,"column":23},"end":{"line":105,"column":42}},{"start":{"line":105,"column":46},"end":{"line":105,"column":48}}]},"8":{"loc":{"start":{"line":106,"column":6},"end":{"line":108,"column":7}},"type":"if","locations":[{"start":{"line":106,"column":6},"end":{"line":108,"column":7}},{"start":{},"end":{}}]},"9":{"loc":{"start":{"line":125,"column":16},"end":{"line":125,"column":43}},"type":"binary-expr","locations":[{"start":{"line":125,"column":16},"end":{"line":125,"column":30}},{"start":{"line":125,"column":34},"end":{"line":125,"column":43}}]},"10":{"loc":{"start":{"line":126,"column":19},"end":{"line":126,"column":48}},"type":"binary-expr","locations":[{"start":{"line":126,"column":19},"end":{"line":126,"column":35}},{"start":{"line":126,"column":39},"end":{"line":126,"column":48}}]},"11":{"loc":{"start":{"line":127,"column":18},"end":{"line":127,"column":38}},"type":"binary-expr","locations":[{"start":{"line":127,"column":18},"end":{"line":127,"column":30}},{"start":{"line":127,"column":34},"end":{"line":127,"column":38}}]},"12":{"loc":{"start":{"line":128,"column":17},"end":{"line":128,"column":45}},"type":"binary-expr","locations":[{"start":{"line":128,"column":17},"end":{"line":128,"column":32}},{"start":{"line":128,"column":36},"end":{"line":128,"column":45}}]},"13":{"loc":{"start":{"line":155,"column":6},"end":{"line":157,"column":7}},"type":"if","locations":[{"start":{"line":155,"column":6},"end":{"line":157,"column":7}},{"start":{},"end":{}}]},"14":{"loc":{"start":{"line":159,"column":6},"end":{"line":161,"column":7}},"type":"if","locations":[{"start":{"line":159,"column":6},"end":{"line":161,"column":7}},{"start":{},"end":{}}]},"15":{"loc":{"start":{"line":214,"column":4},"end":{"line":216,"column":5}},"type":"if","locations":[{"start":{"line":214,"column":4},"end":{"line":216,"column":5}},{"start":{},"end":{}}]},"16":{"loc":{"start":{"line":219,"column":4},"end":{"line":221,"column":5}},"type":"if","locations":[{"start":{"line":219,"column":4},"end":{"line":221,"column":5}},{"start":{},"end":{}}]},"17":{"loc":{"start":{"line":219,"column":8},"end":{"line":219,"column":59}},"type":"binary-expr","locations":[{"start":{"line":219,"column":8},"end":{"line":219,"column":24}},{"start":{"line":219,"column":28},"end":{"line":219,"column":59}}]}},"s":{"0":0,"1":0,"2":0,"3":0,"4":0,"5":0,"6":0,"7":0,"8":0,"9":0,"10":0,"11":0,"12":0,"13":0,"14":0,"15":0,"16":0,"17":0,"18":0,"19":0,"20":0,"21":0,"22":0,"23":0,"24":0,"25":0,"26":0,"27":0,"28":0,"29":0,"30":0,"31":0,"32":0,"33":0,"34":0,"35":0,"36":0,"37":0,"38":0,"39":0,"40":0,"41":0,"42":0,"43":0,"44":0,"45":0,"46":0},"f":{"0":0,"1":0,"2":0,"3":0,"4":0,"5":0},"b":{"0":[0,0],"1":[0,0],"2":[0,0],"3":[0,0],"4":[0,0],"5":[0,0],"6":[0,0],"7":[0,0],"8":[0,0],"9":[0,0],"10":[0,0],"11":[0,0],"12":[0,0],"13":[0,0],"14":[0,0],"15":[0,0],"16":[0,0],"17":[0,0]}}
,"/Users/topher/Code/rhizome-v2/worker/processors/youtube-processor.ts": {"path":"/Users/topher/Code/rhizome-v2/worker/processors/youtube-processor.ts","statementMap":{"0":{"start":{"line":34,"column":4},"end":{"line":195,"column":5}},"1":{"start":{"line":35,"column":24},"end":{"line":35,"column":76}},"2":{"start":{"line":36,"column":6},"end":{"line":38,"column":7}},"3":{"start":{"line":37,"column":8},"end":{"line":37,"column":null}},"4":{"start":{"line":41,"column":6},"end":{"line":41,"column":null}},"5":{"start":{"line":43,"column":22},"end":{"line":43,"column":47}},"6":{"start":{"line":44,"column":6},"end":{"line":46,"column":7}},"7":{"start":{"line":45,"column":8},"end":{"line":45,"column":null}},"8":{"start":{"line":49,"column":25},"end":{"line":51,"column":null}},"9":{"start":{"line":50,"column":14},"end":{"line":50,"column":47}},"10":{"start":{"line":54,"column":26},"end":{"line":54,"column":75}},"11":{"start":{"line":57,"column":6},"end":{"line":57,"column":null}},"12":{"start":{"line":60,"column":6},"end":{"line":60,"column":null}},"13":{"start":{"line":61,"column":6},"end":{"line":61,"column":null}},"14":{"start":{"line":63,"column":29},"end":{"line":63,"column":79}},"15":{"start":{"line":64,"column":6},"end":{"line":68,"column":null}},"16":{"start":{"line":71,"column":6},"end":{"line":80,"column":7}},"17":{"start":{"line":72,"column":8},"end":{"line":72,"column":null}},"18":{"start":{"line":73,"column":8},"end":{"line":73,"column":null}},"19":{"start":{"line":76,"column":8},"end":{"line":76,"column":null}},"20":{"start":{"line":77,"column":8},"end":{"line":77,"column":null}},"21":{"start":{"line":78,"column":8},"end":{"line":79,"column":null}},"22":{"start":{"line":83,"column":6},"end":{"line":83,"column":null}},"23":{"start":{"line":86,"column":21},"end":{"line":86,"column":57}},"24":{"start":{"line":89,"column":6},"end":{"line":89,"column":null}},"25":{"start":{"line":93,"column":6},"end":{"line":93,"column":null}},"26":{"start":{"line":95,"column":29},"end":{"line":95,"column":31}},"27":{"start":{"line":96,"column":32},"end":{"line":96,"column":33}},"28":{"start":{"line":97,"column":28},"end":{"line":97,"column":29}},"29":{"start":{"line":98,"column":29},"end":{"line":98,"column":30}},"30":{"start":{"line":100,"column":6},"end":{"line":128,"column":7}},"31":{"start":{"line":100,"column":19},"end":{"line":100,"column":20}},"32":{"start":{"line":101,"column":22},"end":{"line":101,"column":31}},"33":{"start":{"line":104,"column":28},"end":{"line":104,"column":97}},"34":{"start":{"line":107,"column":27},"end":{"line":107,"column":70}},"35":{"start":{"line":110,"column":30},"end":{"line":120,"column":null}},"36":{"start":{"line":122,"column":8},"end":{"line":122,"column":null}},"37":{"start":{"line":125,"column":8},"end":{"line":125,"column":null}},"38":{"start":{"line":125,"column":44},"end":{"line":125,"column":null}},"39":{"start":{"line":126,"column":8},"end":{"line":126,"column":null}},"40":{"start":{"line":126,"column":43},"end":{"line":126,"column":null}},"41":{"start":{"line":127,"column":8},"end":{"line":127,"column":null}},"42":{"start":{"line":127,"column":50},"end":{"line":127,"column":null}},"43":{"start":{"line":131,"column":33},"end":{"line":136,"column":null}},"44":{"start":{"line":138,"column":6},"end":{"line":138,"column":null}},"45":{"start":{"line":139,"column":6},"end":{"line":140,"column":null}},"46":{"start":{"line":143,"column":6},"end":{"line":143,"column":null}},"47":{"start":{"line":144,"column":33},"end":{"line":144,"column":84}},"48":{"start":{"line":150,"column":6},"end":{"line":166,"column":null}},"49":{"start":{"line":154,"column":56},"end":{"line":154,"column":71}},"50":{"start":{"line":163,"column":12},"end":{"line":163,"column":69}},"51":{"start":{"line":170,"column":6},"end":{"line":175,"column":7}},"52":{"start":{"line":171,"column":8},"end":{"line":174,"column":null}},"53":{"start":{"line":176,"column":6},"end":{"line":181,"column":7}},"54":{"start":{"line":177,"column":8},"end":{"line":180,"column":null}},"55":{"start":{"line":182,"column":6},"end":{"line":187,"column":7}},"56":{"start":{"line":183,"column":8},"end":{"line":186,"column":null}},"57":{"start":{"line":190,"column":6},"end":{"line":194,"column":null}},"58":{"start":{"line":205,"column":31},"end":{"line":205,"column":33}},"59":{"start":{"line":206,"column":18},"end":{"line":206,"column":38}},"60":{"start":{"line":208,"column":4},"end":{"line":217,"column":5}},"61":{"start":{"line":209,"column":22},"end":{"line":209,"column":33}},"62":{"start":{"line":210,"column":6},"end":{"line":216,"column":7}},"63":{"start":{"line":212,"column":22},"end":{"line":212,"column":49}},"64":{"start":{"line":213,"column":8},"end":{"line":215,"column":9}},"65":{"start":{"line":214,"column":10},"end":{"line":214,"column":null}},"66":{"start":{"line":219,"column":4},"end":{"line":219,"column":null}},"67":{"start":{"line":229,"column":19},"end":{"line":229,"column":21}},"68":{"start":{"line":230,"column":23},"end":{"line":230,"column":67}},"69":{"start":{"line":230,"column":58},"end":{"line":230,"column":66}},"70":{"start":{"line":232,"column":4},"end":{"line":240,"column":5}},"71":{"start":{"line":232,"column":17},"end":{"line":232,"column":18}},"72":{"start":{"line":233,"column":6},"end":{"line":239,"column":null}},"73":{"start":{"line":242,"column":4},"end":{"line":242,"column":null}},"74":{"start":{"line":252,"column":18},"end":{"line":252,"column":43}},"75":{"start":{"line":253,"column":4},"end":{"line":253,"column":null}},"76":{"start":{"line":254,"column":4},"end":{"line":257,"column":5}},"77":{"start":{"line":255,"column":6},"end":{"line":255,"column":null}},"78":{"start":{"line":256,"column":6},"end":{"line":256,"column":null}},"79":{"start":{"line":258,"column":4},"end":{"line":258,"column":null}},"80":{"start":{"line":266,"column":4},"end":{"line":266,"column":null}}},"fnMap":{"0":{"name":"(anonymous_0)","decl":{"start":{"line":33,"column":2},"end":{"line":33,"column":7}},"loc":{"start":{"line":33,"column":15},"end":{"line":196,"column":3}}},"1":{"name":"(anonymous_1)","decl":{"start":{"line":50,"column":8},"end":{"line":50,"column":11}},"loc":{"start":{"line":50,"column":14},"end":{"line":50,"column":47}}},"2":{"name":"(anonymous_2)","decl":{"start":{"line":154,"column":48},"end":{"line":154,"column":52}},"loc":{"start":{"line":154,"column":56},"end":{"line":154,"column":71}}},"3":{"name":"(anonymous_3)","decl":{"start":{"line":162,"column":49},"end":{"line":162,"column":50}},"loc":{"start":{"line":163,"column":12},"end":{"line":163,"column":69}}},"4":{"name":"(anonymous_4)","decl":{"start":{"line":204,"column":10},"end":{"line":204,"column":24}},"loc":{"start":{"line":204,"column":41},"end":{"line":220,"column":3}}},"5":{"name":"(anonymous_5)","decl":{"start":{"line":226,"column":10},"end":{"line":226,"column":15}},"loc":{"start":{"line":226,"column":48},"end":{"line":243,"column":3}}},"6":{"name":"(anonymous_6)","decl":{"start":{"line":230,"column":53},"end":{"line":230,"column":54}},"loc":{"start":{"line":230,"column":58},"end":{"line":230,"column":66}}},"7":{"name":"(anonymous_7)","decl":{"start":{"line":251,"column":10},"end":{"line":251,"column":21}},"loc":{"start":{"line":251,"column":72},"end":{"line":259,"column":3}}},"8":{"name":"(anonymous_8)","decl":{"start":{"line":265,"column":10},"end":{"line":265,"column":27}},"loc":{"start":{"line":265,"column":38},"end":{"line":267,"column":3}}}},"branchMap":{"0":{"loc":{"start":{"line":36,"column":6},"end":{"line":38,"column":7}},"type":"if","locations":[{"start":{"line":36,"column":6},"end":{"line":38,"column":7}},{"start":{},"end":{}}]},"1":{"loc":{"start":{"line":44,"column":6},"end":{"line":46,"column":7}},"type":"if","locations":[{"start":{"line":44,"column":6},"end":{"line":46,"column":7}},{"start":{},"end":{}}]},"2":{"loc":{"start":{"line":71,"column":6},"end":{"line":80,"column":7}},"type":"if","locations":[{"start":{"line":71,"column":6},"end":{"line":80,"column":7}},{"start":{"line":74,"column":13},"end":{"line":80,"column":7}}]},"3":{"loc":{"start":{"line":118,"column":16},"end":{"line":118,"column":55}},"type":"binary-expr","locations":[{"start":{"line":118,"column":16},"end":{"line":118,"column":37}},{"start":{"line":118,"column":41},"end":{"line":118,"column":55}}]},"4":{"loc":{"start":{"line":125,"column":8},"end":{"line":125,"column":null}},"type":"if","locations":[{"start":{"line":125,"column":8},"end":{"line":125,"column":null}},{"start":{},"end":{}}]},"5":{"loc":{"start":{"line":126,"column":8},"end":{"line":126,"column":null}},"type":"if","locations":[{"start":{"line":126,"column":8},"end":{"line":126,"column":null}},{"start":{},"end":{}}]},"6":{"loc":{"start":{"line":127,"column":8},"end":{"line":127,"column":null}},"type":"if","locations":[{"start":{"line":127,"column":8},"end":{"line":127,"column":null}},{"start":{},"end":{}}]},"7":{"loc":{"start":{"line":163,"column":21},"end":{"line":163,"column":68}},"type":"binary-expr","locations":[{"start":{"line":163,"column":21},"end":{"line":163,"column":63}},{"start":{"line":163,"column":67},"end":{"line":163,"column":68}}]},"8":{"loc":{"start":{"line":170,"column":6},"end":{"line":175,"column":7}},"type":"if","locations":[{"start":{"line":170,"column":6},"end":{"line":175,"column":7}},{"start":{},"end":{}}]},"9":{"loc":{"start":{"line":176,"column":6},"end":{"line":181,"column":7}},"type":"if","locations":[{"start":{"line":176,"column":6},"end":{"line":181,"column":7}},{"start":{},"end":{}}]},"10":{"loc":{"start":{"line":182,"column":6},"end":{"line":187,"column":7}},"type":"if","locations":[{"start":{"line":182,"column":6},"end":{"line":187,"column":7}},{"start":{},"end":{}}]},"11":{"loc":{"start":{"line":210,"column":6},"end":{"line":216,"column":7}},"type":"if","locations":[{"start":{"line":210,"column":6},"end":{"line":216,"column":7}},{"start":{},"end":{}}]},"12":{"loc":{"start":{"line":213,"column":8},"end":{"line":215,"column":9}},"type":"if","locations":[{"start":{"line":213,"column":8},"end":{"line":215,"column":9}},{"start":{},"end":{}}]},"13":{"loc":{"start":{"line":254,"column":4},"end":{"line":257,"column":5}},"type":"if","locations":[{"start":{"line":254,"column":4},"end":{"line":257,"column":5}},{"start":{},"end":{}}]}},"s":{"0":0,"1":0,"2":0,"3":0,"4":0,"5":0,"6":0,"7":0,"8":0,"9":0,"10":0,"11":0,"12":0,"13":0,"14":0,"15":0,"16":0,"17":0,"18":0,"19":0,"20":0,"21":0,"22":0,"23":0,"24":0,"25":0,"26":0,"27":0,"28":0,"29":0,"30":0,"31":0,"32":0,"33":0,"34":0,"35":0,"36":0,"37":0,"38":0,"39":0,"40":0,"41":0,"42":0,"43":0,"44":0,"45":0,"46":0,"47":0,"48":0,"49":0,"50":0,"51":0,"52":0,"53":0,"54":0,"55":0,"56":0,"57":0,"58":0,"59":0,"60":0,"61":0,"62":0,"63":0,"64":0,"65":0,"66":0,"67":0,"68":0,"69":0,"70":0,"71":0,"72":0,"73":0,"74":0,"75":0,"76":0,"77":0,"78":0,"79":0,"80":0},"f":{"0":0,"1":0,"2":0,"3":0,"4":0,"5":0,"6":0,"7":0,"8":0},"b":{"0":[0,0],"1":[0,0],"2":[0,0],"3":[0,0],"4":[0,0],"5":[0,0],"6":[0,0],"7":[0,0],"8":[0,0],"9":[0,0],"10":[0,0],"11":[0,0],"12":[0,0],"13":[0,0]}}
}
