TN:
SF:engines/base-engine.ts
FN:39,(anonymous_0)
FN:97,(anonymous_1)
FN:117,(anonymous_2)
FN:130,(anonymous_3)
FN:138,(anonymous_4)
FN:146,(anonymous_5)
FN:150,(anonymous_6)
FN:163,(anonymous_7)
FN:164,(anonymous_8)
FN:171,(anonymous_9)
FN:177,(anonymous_10)
FN:178,(anonymous_11)
FN:180,(anonymous_12)
FN:189,(anonymous_13)
FN:213,(anonymous_14)
FN:238,(anonymous_15)
FN:251,(anonymous_16)
FNF:17
FNH:8
FNDA:81,(anonymous_0)
FNDA:84,(anonymous_1)
FNDA:3,(anonymous_2)
FNDA:3,(anonymous_3)
FNDA:50,(anonymous_4)
FNDA:0,(anonymous_5)
FNDA:148,(anonymous_6)
FNDA:50,(anonymous_7)
FNDA:118,(anonymous_8)
FNDA:0,(anonymous_9)
FNDA:0,(anonymous_10)
FNDA:0,(anonymous_11)
FNDA:0,(anonymous_12)
FNDA:0,(anonymous_13)
FNDA:0,(anonymous_14)
FNDA:0,(anonymous_15)
FNDA:0,(anonymous_16)
DA:25,94
DA:28,94
DA:40,81
DA:42,81
DA:44,81
DA:45,31
DA:49,50
DA:50,50
DA:51,0
DA:52,0
DA:55,50
DA:58,50
DA:59,3
DA:63,50
DA:66,50
DA:69,50
DA:70,0
DA:74,50
DA:75,50
DA:77,50
DA:80,0
DA:81,0
DA:99,84
DA:100,6
DA:104,78
DA:118,3
DA:131,3
DA:132,3
DA:142,50
DA:145,50
DA:146,0
DA:150,148
DA:153,50
DA:154,1
DA:157,50
DA:164,118
DA:165,50
DA:175,0
DA:177,0
DA:178,0
DA:180,0
DA:181,0
DA:183,0
DA:193,0
DA:195,0
DA:196,0
DA:197,0
DA:199,0
DA:200,0
DA:204,0
DA:206,0
DA:217,0
DA:219,0
DA:222,0
DA:223,0
DA:227,0
DA:228,0
DA:229,0
DA:232,0
DA:239,0
DA:240,0
DA:252,0
LF:62
LH:31
BRDA:44,0,0,31
BRDA:44,0,1,50
BRDA:50,1,0,0
BRDA:50,1,1,50
BRDA:50,2,0,50
BRDA:50,2,1,0
BRDA:58,3,0,3
BRDA:58,3,1,47
BRDA:69,4,0,0
BRDA:69,4,1,50
BRDA:99,5,0,6
BRDA:99,5,1,78
BRDA:99,6,0,84
BRDA:99,6,1,84
BRDA:99,6,2,84
BRDA:145,7,0,0
BRDA:145,7,1,50
BRDA:153,8,0,1
BRDA:153,8,1,49
BRDA:175,9,0,0
BRDA:175,9,1,0
BRDA:175,10,0,0
BRDA:175,10,1,0
BRDA:193,11,0,0
BRDA:193,11,1,0
BRDA:193,12,0,0
BRDA:193,12,1,0
BRDA:199,13,0,0
BRDA:199,13,1,0
BRDA:199,14,0,0
BRDA:199,14,1,0
BRDA:217,15,0,0
BRDA:217,15,1,0
BRDA:217,16,0,0
BRDA:217,16,1,0
BRDA:222,17,0,0
BRDA:222,17,1,0
BRDA:227,18,0,0
BRDA:227,18,1,0
BRDA:227,19,0,0
BRDA:227,19,1,0
BRDA:254,20,0,0
BRDA:254,20,1,0
BRDA:256,21,0,0
BRDA:256,21,1,0
BRF:45
BRH:15
end_of_record
TN:
SF:engines/citation-network.ts
FN:68,(anonymous_0)
FN:133,(anonymous_1)
FN:161,(anonymous_2)
FN:188,(anonymous_3)
FN:222,(anonymous_4)
FN:241,(anonymous_5)
FN:273,(anonymous_6)
FN:291,(anonymous_7)
FN:333,(anonymous_8)
FN:358,(anonymous_9)
FN:391,(anonymous_10)
FN:417,(anonymous_11)
FN:445,(anonymous_12)
FN:475,(anonymous_13)
FN:487,(anonymous_14)
FN:521,(anonymous_15)
FN:529,(anonymous_16)
FNF:17
FNH:14
FNDA:13,(anonymous_0)
FNDA:13,(anonymous_1)
FNDA:32,(anonymous_2)
FNDA:0,(anonymous_3)
FNDA:0,(anonymous_4)
FNDA:13,(anonymous_5)
FNDA:238,(anonymous_6)
FNDA:13,(anonymous_7)
FNDA:13,(anonymous_8)
FNDA:34,(anonymous_9)
FNDA:610,(anonymous_10)
FNDA:16,(anonymous_11)
FNDA:16,(anonymous_12)
FNDA:16,(anonymous_13)
FNDA:16,(anonymous_14)
FNDA:13,(anonymous_15)
FNDA:0,(anonymous_16)
DA:39,1
DA:55,15
DA:58,15
DA:59,15
DA:60,15
DA:63,15
DA:71,13
DA:74,13
DA:78,13
DA:79,13
DA:80,1
DA:84,12
DA:86,18
DA:88,17
DA:89,17
DA:92,16
DA:95,16
DA:96,16
DA:102,16
DA:103,16
DA:127,12
DA:135,13
DA:138,13
DA:139,32
DA:140,32
DA:149,13
DA:152,13
DA:155,13
DA:162,32
DA:163,32
DA:166,32
DA:167,32
DA:171,0
DA:172,0
DA:173,0
DA:174,0
DA:175,0
DA:176,0
DA:182,0
DA:190,0
DA:191,0
DA:193,0
DA:196,0
DA:197,0
DA:198,0
DA:202,0
DA:203,0
DA:204,0
DA:208,0
DA:209,0
DA:210,0
DA:211,0
DA:213,0
DA:216,0
DA:223,0
DA:224,0
DA:226,0
DA:228,0
DA:229,0
DA:230,0
DA:231,0
DA:235,0
DA:242,13
DA:245,13
DA:246,31
DA:247,30
DA:248,30
DA:252,30
DA:253,180
DA:254,0
DA:255,0
DA:260,30
DA:261,58
DA:262,0
DA:263,0
DA:275,238
DA:276,0
DA:277,0
DA:278,0
DA:280,0
DA:285,238
DA:292,13
DA:293,13
DA:294,13
DA:297,13
DA:298,31
DA:302,13
DA:303,130
DA:305,130
DA:306,310
DA:309,310
DA:310,0
DA:311,0
DA:312,0
DA:313,0
DA:317,310
DA:321,130
DA:322,310
DA:323,310
DA:324,310
DA:334,13
DA:335,13
DA:338,13
DA:339,31
DA:340,15
DA:343,15
DA:344,39
DA:345,18
DA:346,18
DA:347,16
DA:362,34
DA:363,34
DA:366,34
DA:367,295
DA:368,610
DA:369,610
DA:370,610
DA:376,34
DA:377,34
DA:381,34
DA:393,610
DA:394,0
DA:396,0
DA:397,0
DA:398,0
DA:399,0
DA:407,610
DA:408,610
DA:411,0
DA:423,16
DA:424,0
DA:428,16
DA:429,16
DA:433,0
DA:436,0
DA:439,0
DA:450,16
DA:453,16
DA:456,16
DA:457,0
DA:461,16
DA:462,16
DA:465,16
DA:466,16
DA:469,16
DA:479,16
DA:480,0
DA:481,0
DA:492,16
DA:494,16
DA:495,0
DA:499,16
DA:500,0
DA:504,16
DA:505,16
DA:509,0
DA:510,0
DA:514,0
DA:523,13
DA:530,0
DA:531,0
LF:161
LH:99
BRDA:79,0,0,1
BRDA:79,0,1,12
BRDA:79,1,0,13
BRDA:79,1,1,13
BRDA:86,2,0,1
BRDA:86,2,1,17
BRDA:89,3,0,1
BRDA:89,3,1,16
BRDA:89,4,0,17
BRDA:89,4,1,17
BRDA:95,5,0,16
BRDA:95,5,1,0
BRDA:102,6,0,16
BRDA:102,6,1,0
BRDA:166,7,0,32
BRDA:166,7,1,0
BRDA:175,8,0,0
BRDA:175,8,1,0
BRDA:191,9,0,0
BRDA:191,9,1,0
BRDA:197,10,0,0
BRDA:197,10,1,0
BRDA:203,11,0,0
BRDA:203,11,1,0
BRDA:208,12,0,0
BRDA:208,12,1,0
BRDA:208,13,0,0
BRDA:208,13,1,0
BRDA:210,14,0,0
BRDA:210,14,1,0
BRDA:229,15,0,0
BRDA:229,15,1,0
BRDA:253,16,0,0
BRDA:253,16,1,180
BRDA:261,17,0,0
BRDA:261,17,1,58
BRDA:275,18,0,0
BRDA:275,18,1,238
BRDA:275,19,0,238
BRDA:275,19,1,0
BRDA:278,20,0,0
BRDA:278,20,1,0
BRDA:278,21,0,0
BRDA:278,21,1,0
BRDA:311,22,0,0
BRDA:311,22,1,0
BRDA:312,23,0,0
BRDA:312,23,1,0
BRDA:323,24,0,310
BRDA:323,24,1,0
BRDA:339,25,0,15
BRDA:339,25,1,16
BRDA:344,26,0,18
BRDA:344,26,1,21
BRDA:346,27,0,16
BRDA:346,27,1,2
BRDA:368,28,0,610
BRDA:368,28,1,0
BRDA:377,29,0,34
BRDA:377,29,1,0
BRDA:393,30,0,0
BRDA:393,30,1,610
BRDA:393,31,0,610
BRDA:393,31,1,0
BRDA:393,31,2,0
BRDA:394,32,0,0
BRDA:394,32,1,0
BRDA:394,33,0,0
BRDA:394,33,1,0
BRDA:398,34,0,0
BRDA:398,34,1,0
BRDA:407,35,0,610
BRDA:407,35,1,0
BRDA:423,36,0,0
BRDA:423,36,1,16
BRDA:423,37,0,16
BRDA:423,37,1,16
BRDA:428,38,0,16
BRDA:428,38,1,0
BRDA:433,39,0,0
BRDA:433,39,1,0
BRDA:433,40,0,0
BRDA:433,40,1,0
BRDA:433,40,2,0
BRDA:456,41,0,0
BRDA:456,41,1,16
BRDA:456,42,0,16
BRDA:456,42,1,16
BRDA:465,43,0,16
BRDA:465,43,1,0
BRDA:479,44,0,16
BRDA:479,44,1,0
BRDA:479,45,0,16
BRDA:479,45,1,16
BRDA:480,46,0,0
BRDA:480,46,1,0
BRDA:480,47,0,0
BRDA:480,47,1,0
BRDA:494,48,0,0
BRDA:494,48,1,16
BRDA:499,49,0,0
BRDA:499,49,1,16
BRDA:504,50,0,16
BRDA:504,50,1,0
BRDA:509,51,0,0
BRDA:509,51,1,0
BRDA:523,52,0,13
BRDA:523,52,1,13
BRF:108
BRH:45
end_of_record
TN:
SF:engines/conceptual-density.ts
FN:40,(anonymous_0)
FN:109,(anonymous_1)
FN:118,(anonymous_2)
FN:122,(anonymous_3)
FN:138,(anonymous_4)
FN:155,(anonymous_5)
FN:192,(anonymous_6)
FN:221,(anonymous_7)
FN:233,(anonymous_8)
FN:259,(anonymous_9)
FNF:10
FNH:1
FNDA:0,(anonymous_0)
FNDA:0,(anonymous_1)
FNDA:0,(anonymous_2)
FNDA:0,(anonymous_3)
FNDA:0,(anonymous_4)
FNDA:0,(anonymous_5)
FNDA:0,(anonymous_6)
FNDA:0,(anonymous_7)
FNDA:0,(anonymous_8)
FNDA:11,(anonymous_9)
DA:30,13
DA:33,13
DA:34,13
DA:35,13
DA:43,0
DA:44,0
DA:47,0
DA:48,0
DA:51,0
DA:52,0
DA:55,0
DA:57,0
DA:59,0
DA:62,0
DA:63,0
DA:66,0
DA:67,0
DA:70,0
DA:71,0
DA:78,0
DA:79,0
DA:103,0
DA:110,0
DA:111,0
DA:114,0
DA:117,0
DA:118,0
DA:122,0
DA:123,0
DA:125,0
DA:127,0
DA:141,0
DA:142,0
DA:144,0
DA:145,0
DA:146,0
DA:149,0
DA:159,0
DA:160,0
DA:163,0
DA:164,0
DA:165,0
DA:166,0
DA:168,0
DA:173,0
DA:174,0
DA:177,0
DA:178,0
DA:182,0
DA:199,0
DA:202,0
DA:203,0
DA:204,0
DA:207,0
DA:208,0
DA:211,0
DA:212,0
DA:215,0
DA:225,0
DA:226,0
DA:227,0
DA:239,0
DA:240,0
DA:242,0
DA:243,0
DA:247,0
DA:248,0
DA:252,0
DA:260,11
LF:69
LH:5
BRDA:47,0,0,0
BRDA:47,0,1,0
BRDA:57,1,0,0
BRDA:57,1,1,0
BRDA:62,2,0,0
BRDA:62,2,1,0
BRDA:62,3,0,0
BRDA:62,3,1,0
BRDA:70,4,0,0
BRDA:70,4,1,0
BRDA:78,5,0,0
BRDA:78,5,1,0
BRDA:96,6,0,0
BRDA:96,6,1,0
BRDA:110,7,0,0
BRDA:110,7,1,0
BRDA:117,8,0,0
BRDA:117,8,1,0
BRDA:142,9,0,0
BRDA:142,9,1,0
BRDA:164,10,0,0
BRDA:164,10,1,0
BRDA:178,11,0,0
BRDA:178,11,1,0
BRDA:211,12,0,0
BRDA:211,12,1,0
BRDA:225,13,0,0
BRDA:225,13,1,0
BRDA:225,14,0,0
BRDA:225,14,1,0
BRDA:226,15,0,0
BRDA:226,15,1,0
BRDA:226,16,0,0
BRDA:226,16,1,0
BRDA:242,17,0,0
BRDA:242,17,1,0
BRDA:247,18,0,0
BRDA:247,18,1,0
BRDA:261,19,0,11
BRDA:261,19,1,0
BRF:40
BRH:1
end_of_record
TN:
SF:engines/contradiction-detection.ts
FN:74,(anonymous_0)
FN:128,(anonymous_1)
FN:162,(anonymous_2)
FN:166,(anonymous_3)
FN:167,(anonymous_4)
FN:173,(anonymous_5)
FN:177,(anonymous_6)
FN:201,(anonymous_7)
FN:219,(anonymous_8)
FN:228,(anonymous_9)
FN:237,(anonymous_10)
FN:260,(anonymous_11)
FN:262,(anonymous_12)
FN:268,(anonymous_13)
FN:282,(anonymous_14)
FN:299,(anonymous_15)
FN:306,(anonymous_16)
FN:352,(anonymous_17)
FN:368,(anonymous_18)
FN:377,(anonymous_19)
FN:393,(anonymous_20)
FN:404,(anonymous_21)
FN:434,(anonymous_22)
FN:476,(anonymous_23)
FN:515,(anonymous_24)
FN:537,(anonymous_25)
FN:559,(anonymous_26)
FN:588,(anonymous_27)
FN:606,(anonymous_28)
FN:635,(anonymous_29)
FNF:30
FNH:18
FNDA:15,(anonymous_0)
FNDA:18,(anonymous_1)
FNDA:18,(anonymous_2)
FNDA:53,(anonymous_3)
FNDA:53,(anonymous_4)
FNDA:35,(anonymous_5)
FNDA:216,(anonymous_6)
FNDA:9,(anonymous_7)
FNDA:9,(anonymous_8)
FNDA:9,(anonymous_9)
FNDA:9,(anonymous_10)
FNDA:9,(anonymous_11)
FNDA:78,(anonymous_12)
FNDA:0,(anonymous_13)
FNDA:3,(anonymous_14)
FNDA:0,(anonymous_15)
FNDA:6,(anonymous_16)
FNDA:6,(anonymous_17)
FNDA:22,(anonymous_18)
FNDA:0,(anonymous_19)
FNDA:0,(anonymous_20)
FNDA:0,(anonymous_21)
FNDA:0,(anonymous_22)
FNDA:0,(anonymous_23)
FNDA:0,(anonymous_24)
FNDA:0,(anonymous_25)
FNDA:0,(anonymous_26)
FNDA:0,(anonymous_27)
FNDA:0,(anonymous_28)
FNDA:15,(anonymous_29)
DA:34,1
DA:41,1
DA:48,1
DA:55,1
DA:65,16
DA:68,16
DA:69,16
DA:77,15
DA:78,15
DA:81,15
DA:82,12
DA:86,3
DA:88,3
DA:90,3
DA:91,3
DA:94,3
DA:97,3
DA:98,0
DA:99,0
DA:101,0
DA:102,0
DA:122,3
DA:129,18
DA:130,18
DA:133,18
DA:135,18
DA:137,35
DA:138,0
DA:142,35
DA:143,35
DA:144,9
DA:156,18
DA:164,18
DA:166,53
DA:167,53
DA:174,35
DA:177,35
DA:178,216
DA:181,35
DA:182,26
DA:186,9
DA:195,9
DA:203,9
DA:204,9
DA:206,9
DA:207,38
DA:208,9
DA:210,29
DA:213,9
DA:221,9
DA:222,9
DA:230,9
DA:231,9
DA:238,9
DA:241,9
DA:242,9
DA:243,79
DA:244,79
DA:245,78
DA:249,9
DA:252,9
DA:254,9
DA:261,9
DA:262,78
DA:269,0
DA:286,3
DA:288,3
DA:289,3
DA:290,6
DA:291,6
DA:292,0
DA:298,3
DA:299,0
DA:311,6
DA:312,6
DA:313,6
DA:317,0
DA:319,0
DA:329,0
DA:330,0
DA:331,0
DA:335,0
DA:336,0
DA:337,0
DA:341,0
DA:342,0
DA:343,0
DA:346,0
DA:354,6
DA:355,6
DA:358,6
DA:361,6
DA:362,0
DA:366,6
DA:367,6
DA:368,22
DA:369,6
DA:371,6
DA:378,0
DA:379,0
DA:382,0
DA:383,0
DA:385,0
DA:394,0
DA:395,0
DA:396,0
DA:398,0
DA:408,0
DA:409,0
DA:411,0
DA:412,0
DA:413,0
DA:414,0
DA:415,0
DA:417,0
DA:418,0
DA:428,0
DA:439,0
DA:440,0
DA:442,0
DA:443,0
DA:444,0
DA:455,0
DA:456,0
DA:457,0
DA:458,0
DA:460,0
DA:461,0
DA:470,0
DA:481,0
DA:482,0
DA:484,0
DA:486,0
DA:487,0
DA:497,0
DA:498,0
DA:499,0
DA:509,0
DA:516,0
DA:517,0
DA:524,0
DA:525,0
DA:526,0
DA:527,0
DA:531,0
DA:538,0
DA:546,0
DA:547,0
DA:549,0
DA:553,0
DA:560,0
DA:563,0
DA:565,0
DA:566,0
DA:568,0
DA:569,0
DA:571,0
DA:572,0
DA:574,0
DA:575,0
DA:579,0
DA:580,0
DA:582,0
DA:592,0
DA:594,0
DA:595,0
DA:597,0
DA:598,0
DA:600,0
DA:607,0
DA:609,0
DA:611,0
DA:615,0
DA:619,0
DA:623,0
DA:627,0
DA:637,15
LF:177
LH:78
BRDA:81,0,0,12
BRDA:81,0,1,3
BRDA:88,1,0,0
BRDA:88,1,1,3
BRDA:91,2,0,0
BRDA:91,2,1,3
BRDA:98,3,0,0
BRDA:98,3,1,0
BRDA:101,4,0,0
BRDA:101,4,1,0
BRDA:137,5,0,0
BRDA:137,5,1,35
BRDA:137,6,0,35
BRDA:137,6,1,35
BRDA:143,7,0,9
BRDA:143,7,1,26
BRDA:143,8,0,35
BRDA:143,8,1,9
BRDA:181,9,0,26
BRDA:181,9,1,9
BRDA:207,10,0,9
BRDA:207,10,1,29
BRDA:213,11,0,9
BRDA:213,11,1,0
BRDA:222,12,0,9
BRDA:222,12,1,0
BRDA:231,13,0,9
BRDA:231,13,1,0
BRDA:243,14,0,0
BRDA:243,14,1,79
BRDA:244,15,0,1
BRDA:244,15,1,78
BRDA:245,16,0,0
BRDA:245,16,1,78
BRDA:249,17,0,0
BRDA:249,17,1,9
BRDA:252,18,0,0
BRDA:252,18,1,9
BRDA:270,19,0,0
BRDA:270,19,1,0
BRDA:271,20,0,0
BRDA:271,20,1,0
BRDA:272,21,0,0
BRDA:272,21,1,0
BRDA:274,22,0,0
BRDA:274,22,1,0
BRDA:275,23,0,0
BRDA:275,23,1,0
BRDA:291,24,0,0
BRDA:291,24,1,6
BRDA:312,25,0,6
BRDA:312,25,1,0
BRDA:317,26,0,0
BRDA:317,26,1,0
BRDA:317,27,0,0
BRDA:317,27,1,0
BRDA:330,28,0,0
BRDA:330,28,1,0
BRDA:336,29,0,0
BRDA:336,29,1,0
BRDA:342,30,0,0
BRDA:342,30,1,0
BRDA:358,31,0,0
BRDA:358,31,1,6
BRDA:361,32,0,0
BRDA:361,32,1,6
BRDA:361,33,0,6
BRDA:361,33,1,6
BRDA:385,34,0,0
BRDA:385,34,1,0
BRDA:385,34,2,0
BRDA:417,35,0,0
BRDA:417,35,1,0
BRDA:417,36,0,0
BRDA:417,36,1,0
BRDA:417,36,2,0
BRDA:417,36,3,0
BRDA:439,37,0,0
BRDA:439,37,1,0
BRDA:440,38,0,0
BRDA:440,38,1,0
BRDA:442,39,0,0
BRDA:442,39,1,0
BRDA:442,40,0,0
BRDA:442,40,1,0
BRDA:443,41,0,0
BRDA:443,41,1,0
BRDA:443,42,0,0
BRDA:443,42,1,0
BRDA:443,42,2,0
BRDA:455,43,0,0
BRDA:455,43,1,0
BRDA:456,44,0,0
BRDA:456,44,1,0
BRDA:457,45,0,0
BRDA:457,45,1,0
BRDA:458,46,0,0
BRDA:458,46,1,0
BRDA:460,47,0,0
BRDA:460,47,1,0
BRDA:460,48,0,0
BRDA:460,48,1,0
BRDA:460,48,2,0
BRDA:460,48,3,0
BRDA:484,49,0,0
BRDA:484,49,1,0
BRDA:484,50,0,0
BRDA:484,50,1,0
BRDA:486,51,0,0
BRDA:486,51,1,0
BRDA:486,52,0,0
BRDA:486,52,1,0
BRDA:498,53,0,0
BRDA:498,53,1,0
BRDA:526,54,0,0
BRDA:526,54,1,0
BRDA:547,55,0,0
BRDA:547,55,1,0
BRDA:547,56,0,0
BRDA:547,56,1,0
BRDA:547,56,2,0
BRDA:547,56,3,0
BRDA:563,57,0,0
BRDA:563,57,1,0
BRDA:563,57,2,0
BRDA:563,57,3,0
BRDA:594,58,0,0
BRDA:594,58,1,0
BRDA:594,59,0,0
BRDA:594,59,1,0
BRDA:594,59,2,0
BRDA:597,60,0,0
BRDA:597,60,1,0
BRDA:597,61,0,0
BRDA:597,61,1,0
BRDA:609,62,0,0
BRDA:609,62,1,0
BRDA:609,62,2,0
BRDA:609,62,3,0
BRDA:609,62,4,0
BRDA:637,63,0,15
BRDA:637,63,1,15
BRF:142
BRH:32
end_of_record
TN:
SF:engines/emotional-resonance.ts
FN:58,(anonymous_0)
FN:115,(anonymous_1)
FN:144,(anonymous_2)
FN:185,(anonymous_3)
FN:213,(anonymous_4)
FN:242,(anonymous_5)
FN:262,(anonymous_6)
FN:307,(anonymous_7)
FN:332,(anonymous_8)
FN:344,(anonymous_9)
FN:374,(anonymous_10)
FNF:11
FNH:1
FNDA:0,(anonymous_0)
FNDA:0,(anonymous_1)
FNDA:0,(anonymous_2)
FNDA:0,(anonymous_3)
FNDA:0,(anonymous_4)
FNDA:0,(anonymous_5)
FNDA:0,(anonymous_6)
FNDA:0,(anonymous_7)
FNDA:0,(anonymous_8)
FNDA:0,(anonymous_9)
FNDA:14,(anonymous_10)
DA:31,1
DA:39,1
DA:48,16
DA:51,16
DA:52,16
DA:53,16
DA:61,0
DA:62,0
DA:65,0
DA:66,0
DA:70,0
DA:72,0
DA:74,0
DA:75,0
DA:78,0
DA:81,0
DA:82,0
DA:84,0
DA:85,0
DA:109,0
DA:116,0
DA:117,0
DA:118,0
DA:121,0
DA:124,0
DA:127,0
DA:128,0
DA:129,0
DA:133,0
DA:149,0
DA:150,0
DA:151,0
DA:153,0
DA:154,0
DA:155,0
DA:160,0
DA:163,0
DA:166,0
DA:174,0
DA:190,0
DA:195,0
DA:197,0
DA:198,0
DA:199,0
DA:200,0
DA:204,0
DA:207,0
DA:219,0
DA:220,0
DA:221,0
DA:226,0
DA:227,0
DA:231,0
DA:233,0
DA:236,0
DA:246,0
DA:247,0
DA:249,0
DA:250,0
DA:252,0
DA:256,0
DA:269,0
DA:272,0
DA:274,0
DA:277,0
DA:278,0
DA:279,0
DA:281,0
DA:285,0
DA:286,0
DA:287,0
DA:291,0
DA:292,0
DA:295,0
DA:296,0
DA:297,0
DA:298,0
DA:301,0
DA:312,0
DA:315,0
DA:317,0
DA:318,0
DA:320,0
DA:323,0
DA:326,0
DA:336,0
DA:337,0
DA:338,0
DA:349,0
DA:350,0
DA:352,0
DA:353,0
DA:354,0
DA:357,0
DA:361,0
DA:362,0
DA:367,0
DA:375,14
LF:98
LH:7
BRDA:65,0,0,0
BRDA:65,0,1,0
BRDA:72,1,0,0
BRDA:72,1,1,0
BRDA:75,2,0,0
BRDA:75,2,1,0
BRDA:81,3,0,0
BRDA:81,3,1,0
BRDA:84,4,0,0
BRDA:84,4,1,0
BRDA:117,5,0,0
BRDA:117,5,1,0
BRDA:117,6,0,0
BRDA:117,6,1,0
BRDA:127,7,0,0
BRDA:127,7,1,0
BRDA:135,8,0,0
BRDA:135,8,1,0
BRDA:136,9,0,0
BRDA:136,9,1,0
BRDA:154,10,0,0
BRDA:154,10,1,0
BRDA:198,11,0,0
BRDA:198,11,1,0
BRDA:199,12,0,0
BRDA:199,12,1,0
BRDA:219,13,0,0
BRDA:219,13,1,0
BRDA:220,14,0,0
BRDA:220,14,1,0
BRDA:220,15,0,0
BRDA:220,15,1,0
BRDA:226,16,0,0
BRDA:226,16,1,0
BRDA:231,17,0,0
BRDA:231,17,1,0
BRDA:231,18,0,0
BRDA:231,18,1,0
BRDA:250,19,0,0
BRDA:250,19,1,0
BRDA:250,20,0,0
BRDA:250,20,1,0
BRDA:250,20,2,0
BRDA:250,20,3,0
BRDA:277,21,0,0
BRDA:277,21,1,0
BRDA:279,22,0,0
BRDA:279,22,1,0
BRDA:281,23,0,0
BRDA:281,23,1,0
BRDA:285,24,0,0
BRDA:285,24,1,0
BRDA:295,25,0,0
BRDA:295,25,1,0
BRDA:295,26,0,0
BRDA:295,26,1,0
BRDA:297,27,0,0
BRDA:297,27,1,0
BRDA:297,28,0,0
BRDA:297,28,1,0
BRDA:315,29,0,0
BRDA:315,29,1,0
BRDA:318,30,0,0
BRDA:318,30,1,0
BRDA:336,31,0,0
BRDA:336,31,1,0
BRDA:336,32,0,0
BRDA:336,32,1,0
BRDA:337,33,0,0
BRDA:337,33,1,0
BRDA:337,34,0,0
BRDA:337,34,1,0
BRDA:352,35,0,0
BRDA:352,35,1,0
BRDA:353,36,0,0
BRDA:353,36,1,0
BRDA:357,37,0,0
BRDA:357,37,1,0
BRDA:358,38,0,0
BRDA:358,38,1,0
BRDA:358,39,0,0
BRDA:358,39,1,0
BRDA:361,40,0,0
BRDA:361,40,1,0
BRDA:367,41,0,0
BRDA:367,41,1,0
BRDA:376,42,0,14
BRDA:376,42,1,14
BRDA:376,42,2,0
BRF:89
BRH:2
end_of_record
TN:
SF:engines/orchestrator.ts
FN:34,(anonymous_0)
FN:70,(anonymous_1)
FN:83,(anonymous_2)
FN:84,(anonymous_3)
FN:90,(anonymous_4)
FN:98,(anonymous_5)
FN:153,(anonymous_6)
FN:168,(anonymous_7)
FN:175,(anonymous_8)
FN:185,(anonymous_9)
FN:207,(anonymous_10)
FN:236,(anonymous_11)
FN:245,(anonymous_12)
FN:260,(anonymous_13)
FN:281,(anonymous_14)
FN:282,(anonymous_15)
FN:294,(anonymous_16)
FN:335,(anonymous_17)
FN:351,(anonymous_18)
FN:359,(anonymous_19)
FN:366,(anonymous_20)
FN:367,(anonymous_21)
FN:379,(anonymous_22)
FN:386,(anonymous_23)
FNF:24
FNH:1
FNDA:20,(anonymous_0)
FNDA:0,(anonymous_1)
FNDA:0,(anonymous_2)
FNDA:0,(anonymous_3)
FNDA:0,(anonymous_4)
FNDA:0,(anonymous_5)
FNDA:0,(anonymous_6)
FNDA:0,(anonymous_7)
FNDA:0,(anonymous_8)
FNDA:0,(anonymous_9)
FNDA:0,(anonymous_10)
FNDA:0,(anonymous_11)
FNDA:0,(anonymous_12)
FNDA:0,(anonymous_13)
FNDA:0,(anonymous_14)
FNDA:0,(anonymous_15)
FNDA:0,(anonymous_16)
FNDA:0,(anonymous_17)
FNDA:0,(anonymous_18)
FNDA:0,(anonymous_19)
FNDA:0,(anonymous_20)
FNDA:0,(anonymous_21)
FNDA:0,(anonymous_22)
FNDA:0,(anonymous_23)
DA:28,20
DA:35,20
DA:58,20
DA:61,20
DA:64,20
DA:71,0
DA:72,0
DA:73,0
DA:76,0
DA:77,0
DA:84,0
DA:91,0
DA:92,0
DA:94,0
DA:96,0
DA:98,0
DA:103,0
DA:104,0
DA:105,0
DA:106,0
DA:110,0
DA:112,0
DA:113,0
DA:114,0
DA:117,0
DA:120,0
DA:125,0
DA:128,0
DA:130,0
DA:131,0
DA:134,0
DA:137,0
DA:138,0
DA:139,0
DA:142,0
DA:145,0
DA:146,0
DA:154,0
DA:156,0
DA:157,0
DA:158,0
DA:162,0
DA:172,0
DA:175,0
DA:176,0
DA:180,0
DA:183,0
DA:185,0
DA:186,0
DA:188,0
DA:189,0
DA:191,0
DA:192,0
DA:201,0
DA:211,0
DA:213,0
DA:215,0
DA:216,0
DA:217,0
DA:218,0
DA:220,0
DA:221,0
DA:230,0
DA:240,0
DA:243,0
DA:245,0
DA:250,0
DA:251,0
DA:252,0
DA:253,0
DA:256,0
DA:258,0
DA:261,0
DA:262,0
DA:263,0
DA:265,0
DA:272,0
DA:274,0
DA:276,0
DA:282,0
DA:283,0
DA:288,0
DA:295,0
DA:296,0
DA:297,0
DA:300,0
DA:301,0
DA:302,0
DA:305,0
DA:306,0
DA:307,0
DA:308,0
DA:313,0
DA:319,0
DA:336,0
DA:352,0
DA:353,0
DA:360,0
DA:367,0
DA:368,0
DA:371,0
DA:372,0
DA:373,0
DA:380,0
DA:387,0
LF:105
LH:5
BRDA:71,0,0,0
BRDA:71,0,1,0
BRDA:98,1,0,0
BRDA:98,1,1,0
BRDA:104,2,0,0
BRDA:104,2,1,0
BRDA:112,3,0,0
BRDA:112,3,1,0
BRDA:120,4,0,0
BRDA:120,4,1,0
BRDA:137,5,0,0
BRDA:137,5,1,0
BRDA:157,6,0,0
BRDA:157,6,1,0
BRDA:157,7,0,0
BRDA:157,7,1,0
BRDA:188,8,0,0
BRDA:188,8,1,0
BRDA:240,9,0,0
BRDA:240,9,1,0
BRDA:240,9,2,0
BRDA:245,10,0,0
BRDA:245,10,1,0
BRDA:251,11,0,0
BRDA:251,11,1,0
BRDA:301,12,0,0
BRDA:301,12,1,0
BRDA:306,13,0,0
BRDA:306,13,1,0
BRDA:325,14,0,0
BRDA:325,14,1,0
BRDA:368,15,0,0
BRDA:368,15,1,0
BRF:33
BRH:0
end_of_record
TN:
SF:engines/scoring.ts
FN:47,(anonymous_0)
FN:57,(anonymous_1)
FN:87,(anonymous_2)
FN:119,(anonymous_3)
FN:132,(anonymous_4)
FN:149,(anonymous_5)
FN:153,(anonymous_6)
FN:159,(anonymous_7)
FN:162,(anonymous_8)
FN:168,(anonymous_9)
FN:179,(anonymous_10)
FN:205,(anonymous_11)
FN:220,(anonymous_12)
FN:222,(anonymous_13)
FN:222,(anonymous_14)
FN:228,(anonymous_15)
FN:231,(anonymous_16)
FN:241,(anonymous_17)
FN:249,(anonymous_18)
FN:256,(anonymous_19)
FN:267,(anonymous_20)
FN:276,(anonymous_21)
FN:282,(anonymous_22)
FN:283,(anonymous_23)
FN:284,(anonymous_24)
FN:296,createScoringSystem
FN:307,createUserScoringSystem
FN:333,getDefaultWeights
FNF:28
FNH:20
FNDA:39,(anonymous_0)
FNDA:3,(anonymous_1)
FNDA:13,(anonymous_2)
FNDA:17,(anonymous_3)
FNDA:13,(anonymous_4)
FNDA:17,(anonymous_5)
FNDA:21,(anonymous_6)
FNDA:16,(anonymous_7)
FNDA:2,(anonymous_8)
FNDA:0,(anonymous_9)
FNDA:0,(anonymous_10)
FNDA:3,(anonymous_11)
FNDA:7,(anonymous_12)
FNDA:7,(anonymous_13)
FNDA:7,(anonymous_14)
FNDA:4,(anonymous_15)
FNDA:5,(anonymous_16)
FNDA:2,(anonymous_17)
FNDA:0,(anonymous_18)
FNDA:41,(anonymous_19)
FNDA:140,(anonymous_20)
FNDA:0,(anonymous_21)
FNDA:0,(anonymous_22)
FNDA:0,(anonymous_23)
FNDA:0,(anonymous_24)
FNDA:33,createScoringSystem
FNDA:0,createUserScoringSystem
FNDA:13,getDefaultWeights
DA:48,39
DA:49,39
DA:58,3
DA:59,3
DA:62,3
DA:63,5
DA:64,5
DA:65,5
DA:69,3
DA:75,3
DA:91,13
DA:94,13
DA:97,13
DA:98,17
DA:102,17
DA:106,13
DA:112,13
DA:117,13
DA:119,17
DA:135,13
DA:137,13
DA:138,21
DA:139,21
DA:140,21
DA:143,13
DA:153,21
DA:155,17
DA:157,17
DA:159,16
DA:162,2
DA:165,1
DA:168,0
DA:169,0
DA:172,0
DA:184,0
DA:187,0
DA:191,0
DA:195,0
DA:198,0
DA:210,3
DA:212,3
DA:213,5
DA:214,5
DA:216,5
DA:220,7
DA:222,7
DA:228,4
DA:231,3
DA:232,5
DA:235,3
DA:242,2
DA:243,2
DA:250,0
DA:257,41
DA:260,21
DA:261,141
DA:262,1
DA:267,140
DA:268,20
DA:269,1
DA:277,0
DA:278,0
DA:281,0
DA:282,0
DA:283,0
DA:285,0
DA:289,0
DA:297,33
DA:312,0
DA:314,0
DA:317,0
DA:320,0
DA:324,0
DA:326,0
DA:334,13
LF:75
LH:53
BRDA:138,0,0,21
BRDA:138,0,1,17
BRDA:155,1,0,0
BRDA:155,1,1,17
BRDA:157,2,0,15
BRDA:157,2,1,1
BRDA:157,2,2,1
BRDA:157,2,3,0
BRDA:157,2,4,0
BRDA:169,3,0,0
BRDA:169,3,1,0
BRDA:184,4,0,0
BRDA:184,4,1,0
BRDA:184,4,2,0
BRDA:184,4,3,0
BRDA:187,5,0,0
BRDA:187,5,1,0
BRDA:213,6,0,5
BRDA:213,6,1,0
BRDA:214,7,0,5
BRDA:214,7,1,0
BRDA:261,8,0,1
BRDA:261,8,1,140
BRDA:261,9,0,141
BRDA:261,9,1,141
BRDA:268,10,0,1
BRDA:268,10,1,19
BRDA:277,11,0,0
BRDA:277,11,1,0
BRDA:297,12,0,33
BRDA:297,12,1,13
BRDA:314,13,0,0
BRDA:314,13,1,0
BRDA:317,14,0,0
BRDA:317,14,1,0
BRF:35
BRH:16
end_of_record
TN:
SF:engines/semantic-similarity-old.ts
FN:40,(anonymous_0)
FN:46,(anonymous_1)
FN:54,(anonymous_2)
FN:65,(anonymous_3)
FN:93,(anonymous_4)
FN:112,(anonymous_5)
FN:184,(anonymous_6)
FN:193,(anonymous_7)
FN:213,(anonymous_8)
FN:220,(anonymous_9)
FN:228,(anonymous_10)
FN:242,createSemanticSimilarityEngine
FNF:12
FNH:0
FNDA:0,(anonymous_0)
FNDA:0,(anonymous_1)
FNDA:0,(anonymous_2)
FNDA:0,(anonymous_3)
FNDA:0,(anonymous_4)
FNDA:0,(anonymous_5)
FNDA:0,(anonymous_6)
FNDA:0,(anonymous_7)
FNDA:0,(anonymous_8)
FNDA:0,(anonymous_9)
FNDA:0,(anonymous_10)
FNDA:0,createSemanticSimilarityEngine
DA:25,0
DA:41,0
DA:42,0
DA:43,0
DA:47,0
DA:55,0
DA:56,0
DA:58,0
DA:60,0
DA:61,0
DA:63,0
DA:64,0
DA:65,0
DA:66,0
DA:70,0
DA:72,0
DA:73,0
DA:74,0
DA:75,0
DA:78,0
DA:79,0
DA:84,0
DA:87,0
DA:93,0
DA:97,0
DA:100,0
DA:102,0
DA:104,0
DA:105,0
DA:116,0
DA:119,0
DA:120,0
DA:121,0
DA:122,0
DA:126,0
DA:129,0
DA:130,0
DA:131,0
DA:135,0
DA:141,0
DA:144,0
DA:146,0
DA:147,0
DA:151,0
DA:154,0
DA:157,0
DA:159,0
DA:176,0
DA:178,0
DA:185,0
DA:186,0
DA:187,0
DA:194,0
DA:196,0
DA:197,0
DA:202,0
DA:203,0
DA:205,0
DA:206,0
DA:214,0
DA:221,0
DA:222,0
DA:233,0
DA:245,0
LF:64
LH:0
BRDA:40,0,0,0
BRDA:78,1,0,0
BRDA:78,1,1,0
BRDA:78,2,0,0
BRDA:78,2,1,0
BRDA:92,3,0,0
BRDA:92,3,1,0
BRDA:121,4,0,0
BRDA:121,4,1,0
BRDA:126,5,0,0
BRDA:126,5,1,0
BRDA:129,6,0,0
BRDA:129,6,1,0
BRDA:138,7,0,0
BRDA:138,7,1,0
BRDA:146,8,0,0
BRDA:146,8,1,0
BRDA:146,9,0,0
BRDA:146,9,1,0
BRDA:151,10,0,0
BRDA:151,10,1,0
BRDA:167,11,0,0
BRDA:167,11,1,0
BRDA:185,12,0,0
BRDA:185,12,1,0
BRDA:186,13,0,0
BRDA:186,13,1,0
BRF:27
BRH:0
end_of_record
TN:
SF:engines/semantic-similarity.ts
FN:39,(anonymous_0)
FN:54,(anonymous_1)
FN:89,(anonymous_2)
FN:123,(anonymous_3)
FN:131,(anonymous_4)
FN:140,(anonymous_5)
FN:147,(anonymous_6)
FN:154,(anonymous_7)
FN:173,createSemanticSimilarityEngine
FNF:9
FNH:0
FNDA:0,(anonymous_0)
FNDA:0,(anonymous_1)
FNDA:0,(anonymous_2)
FNDA:0,(anonymous_3)
FNDA:0,(anonymous_4)
FNDA:0,(anonymous_5)
FNDA:0,(anonymous_6)
FNDA:0,(anonymous_7)
FNDA:0,createSemanticSimilarityEngine
DA:35,0
DA:40,0
DA:41,0
DA:48,0
DA:55,0
DA:56,0
DA:59,0
DA:62,0
DA:63,0
DA:64,0
DA:68,0
DA:76,0
DA:82,0
DA:84,0
DA:85,0
DA:89,0
DA:90,0
DA:91,0
DA:95,0
DA:98,0
DA:100,0
DA:117,0
DA:125,0
DA:132,0
DA:133,0
DA:134,0
DA:141,0
DA:148,0
DA:155,0
DA:157,0
DA:158,0
DA:163,0
DA:164,0
DA:166,0
DA:167,0
DA:176,0
LF:36
LH:0
BRDA:39,0,0,0
BRDA:59,1,0,0
BRDA:59,1,1,0
BRDA:62,2,0,0
BRDA:62,2,1,0
BRDA:71,3,0,0
BRDA:71,3,1,0
BRDA:77,4,0,0
BRDA:77,4,1,0
BRDA:84,5,0,0
BRDA:84,5,1,0
BRDA:84,6,0,0
BRDA:84,6,1,0
BRDA:90,7,0,0
BRDA:90,7,1,0
BRDA:95,8,0,0
BRDA:95,8,1,0
BRDA:96,9,0,0
BRDA:96,9,1,0
BRDA:109,10,0,0
BRDA:109,10,1,0
BRDA:125,11,0,0
BRDA:125,11,1,0
BRDA:132,12,0,0
BRDA:132,12,1,0
BRDA:133,13,0,0
BRDA:133,13,1,0
BRF:27
BRH:0
end_of_record
TN:
SF:engines/structural-pattern.ts
FN:40,(anonymous_0)
FN:55,(anonymous_1)
FN:68,(anonymous_2)
FN:104,(anonymous_3)
FN:110,(anonymous_4)
FN:126,(anonymous_5)
FN:159,(anonymous_6)
FN:204,(anonymous_7)
FN:226,(anonymous_8)
FN:241,(anonymous_9)
FN:261,(anonymous_10)
FN:278,(anonymous_11)
FN:288,(anonymous_12)
FN:308,(anonymous_13)
FN:323,(anonymous_14)
FN:341,(anonymous_15)
FN:353,(anonymous_16)
FN:361,(anonymous_17)
FN:384,(anonymous_18)
FN:397,(anonymous_19)
FN:412,(anonymous_20)
FN:427,(anonymous_21)
FN:436,(anonymous_22)
FNF:23
FNH:19
FNDA:15,(anonymous_0)
FNDA:8,(anonymous_1)
FNDA:60,(anonymous_2)
FNDA:60,(anonymous_3)
FNDA:10,(anonymous_4)
FNDA:68,(anonymous_5)
FNDA:60,(anonymous_6)
FNDA:107,(anonymous_7)
FNDA:60,(anonymous_8)
FNDA:60,(anonymous_9)
FNDA:600,(anonymous_10)
FNDA:115,(anonymous_11)
FNDA:0,(anonymous_12)
FNDA:0,(anonymous_13)
FNDA:0,(anonymous_14)
FNDA:0,(anonymous_15)
FNDA:68,(anonymous_16)
FNDA:47,(anonymous_17)
FNDA:47,(anonymous_18)
FNDA:47,(anonymous_19)
FNDA:47,(anonymous_20)
FNDA:47,(anonymous_21)
FNDA:360,(anonymous_22)
DA:37,15
DA:41,15
DA:42,15
DA:56,8
DA:57,8
DA:60,8
DA:61,8
DA:62,0
DA:63,0
DA:67,8
DA:70,60
DA:71,0
DA:74,60
DA:75,60
DA:76,0
DA:80,60
DA:81,60
DA:82,13
DA:86,47
DA:88,47
DA:104,60
DA:112,10
DA:113,10
DA:127,68
DA:130,68
DA:131,0
DA:135,68
DA:149,68
DA:150,0
DA:153,68
DA:160,60
DA:161,60
DA:164,60
DA:168,60
DA:169,360
DA:170,360
DA:171,360
DA:172,305
DA:177,60
DA:178,60
DA:179,60
DA:180,60
DA:181,60
DA:185,60
DA:186,3
DA:188,3
DA:189,3
DA:190,3
DA:194,60
DA:195,60
DA:198,60
DA:205,107
DA:206,33
DA:210,74
DA:211,74
DA:213,74
DA:214,74
DA:215,148
DA:216,144
DA:220,74
DA:228,60
DA:230,60
DA:232,52
DA:235,8
DA:242,60
DA:243,60
DA:245,60
DA:246,600
DA:247,600
DA:248,600
DA:250,405
DA:255,60
DA:263,600
DA:264,360
DA:268,240
DA:269,120
DA:270,120
DA:271,120
DA:275,120
DA:276,60
DA:277,60
DA:278,115
DA:279,60
DA:282,60
DA:289,0
DA:302,0
DA:309,0
DA:310,0
DA:313,0
DA:314,0
DA:317,0
DA:324,0
DA:325,0
DA:327,0
DA:328,0
DA:329,0
DA:330,0
DA:331,0
DA:335,0
DA:342,0
DA:343,0
DA:344,0
DA:345,0
DA:346,0
DA:347,0
DA:354,68
DA:362,47
DA:363,24
DA:364,23
DA:367,23
DA:368,17
DA:369,11
DA:371,6
DA:374,6
DA:375,5
DA:376,5
DA:378,5
DA:385,47
DA:398,47
DA:400,47
DA:401,470
DA:402,351
DA:406,47
DA:413,47
DA:415,47
DA:416,470
DA:417,119
DA:421,47
DA:428,47
DA:429,47
DA:430,12
DA:437,360
DA:447,360
LF:133
LH:106
BRDA:40,0,0,13
BRDA:61,1,0,0
BRDA:61,1,1,8
BRDA:70,2,0,0
BRDA:70,2,1,60
BRDA:75,3,0,0
BRDA:75,3,1,60
BRDA:81,4,0,13
BRDA:81,4,1,47
BRDA:97,5,0,47
BRDA:97,5,1,47
BRDA:114,6,0,10
BRDA:114,6,1,10
BRDA:114,6,2,5
BRDA:114,6,3,2
BRDA:114,6,4,1
BRDA:114,6,5,1
BRDA:130,7,0,0
BRDA:130,7,1,68
BRDA:136,8,0,68
BRDA:136,8,1,34
BRDA:137,9,0,68
BRDA:137,9,1,32
BRDA:138,10,0,68
BRDA:138,10,1,66
BRDA:139,11,0,68
BRDA:139,11,1,6
BRDA:140,12,0,68
BRDA:140,12,1,13
BRDA:141,13,0,68
BRDA:141,13,1,65
BRDA:142,14,0,68
BRDA:142,14,1,68
BRDA:143,15,0,68
BRDA:143,15,1,66
BRDA:144,16,0,68
BRDA:144,16,1,68
BRDA:145,17,0,68
BRDA:145,17,1,68
BRDA:149,18,0,0
BRDA:149,18,1,68
BRDA:149,19,0,68
BRDA:149,19,1,68
BRDA:171,20,0,305
BRDA:171,20,1,55
BRDA:177,21,0,60
BRDA:177,21,1,0
BRDA:177,22,0,60
BRDA:177,22,1,60
BRDA:177,22,2,60
BRDA:185,23,0,3
BRDA:185,23,1,57
BRDA:185,24,0,60
BRDA:185,24,1,3
BRDA:194,25,0,60
BRDA:194,25,1,0
BRDA:198,26,0,60
BRDA:198,26,1,0
BRDA:205,27,0,33
BRDA:205,27,1,74
BRDA:205,28,0,107
BRDA:205,28,1,101
BRDA:206,29,0,6
BRDA:206,29,1,27
BRDA:215,30,0,144
BRDA:215,30,1,4
BRDA:230,31,0,52
BRDA:230,31,1,8
BRDA:246,32,0,600
BRDA:246,32,1,0
BRDA:246,33,0,600
BRDA:246,33,1,600
BRDA:248,34,0,405
BRDA:248,34,1,195
BRDA:255,35,0,60
BRDA:255,35,1,0
BRDA:263,36,0,360
BRDA:263,36,1,240
BRDA:268,37,0,120
BRDA:268,37,1,120
BRDA:268,38,0,240
BRDA:268,38,1,120
BRDA:275,39,0,60
BRDA:275,39,1,60
BRDA:275,40,0,120
BRDA:275,40,1,60
BRDA:290,41,0,0
BRDA:290,41,1,0
BRDA:298,42,0,0
BRDA:298,42,1,0
BRDA:329,43,0,0
BRDA:329,43,1,0
BRDA:342,44,0,0
BRDA:342,44,1,0
BRDA:343,45,0,0
BRDA:343,45,1,0
BRDA:344,46,0,0
BRDA:344,46,1,0
BRDA:345,47,0,0
BRDA:345,47,1,0
BRDA:346,48,0,0
BRDA:346,48,1,0
BRDA:354,49,0,68
BRDA:354,49,1,34
BRDA:354,49,2,15
BRDA:354,49,3,13
BRDA:354,49,4,13
BRDA:354,49,5,13
BRDA:362,50,0,24
BRDA:362,50,1,23
BRDA:362,51,0,47
BRDA:362,51,1,43
BRDA:363,52,0,1
BRDA:363,52,1,23
BRDA:363,53,0,24
BRDA:363,53,1,2
BRDA:367,54,0,17
BRDA:367,54,1,6
BRDA:367,55,0,23
BRDA:367,55,1,22
BRDA:368,56,0,11
BRDA:368,56,1,6
BRDA:374,57,0,1
BRDA:374,57,1,5
BRDA:374,58,0,6
BRDA:374,58,1,1
BRDA:375,59,0,0
BRDA:375,59,1,5
BRDA:375,60,0,5
BRDA:375,60,1,0
BRDA:376,61,0,0
BRDA:376,61,1,5
BRDA:376,62,0,5
BRDA:376,62,1,0
BRDA:388,63,0,47
BRDA:388,63,1,0
BRDA:389,64,0,47
BRDA:389,64,1,0
BRDA:389,65,0,47
BRDA:389,65,1,0
BRDA:401,66,0,351
BRDA:401,66,1,119
BRDA:416,67,0,119
BRDA:416,67,1,351
BRDA:428,68,0,0
BRDA:428,68,1,47
BRDA:429,69,0,35
BRDA:429,69,1,12
BRDA:447,70,0,360
BRDA:447,70,1,0
BRF:150
BRH:115
end_of_record
TN:
SF:engines/temporal-proximity.ts
FN:47,(anonymous_0)
FN:63,(anonymous_1)
FN:81,(anonymous_2)
FN:132,(anonymous_3)
FN:141,(anonymous_4)
FN:147,(anonymous_5)
FN:162,(anonymous_6)
FN:196,(anonymous_7)
FN:231,(anonymous_8)
FN:267,(anonymous_9)
FN:298,(anonymous_10)
FN:305,(anonymous_11)
FN:347,(anonymous_12)
FN:357,(anonymous_13)
FN:363,(anonymous_14)
FN:387,(anonymous_15)
FN:399,(anonymous_16)
FN:412,(anonymous_17)
FN:461,(anonymous_18)
FN:471,(anonymous_19)
FN:472,(anonymous_20)
FN:488,(anonymous_21)
FN:498,(anonymous_22)
FN:543,(anonymous_23)
FN:574,(anonymous_24)
FNF:25
FNH:21
FNDA:19,(anonymous_0)
FNDA:14,(anonymous_1)
FNDA:19,(anonymous_2)
FNDA:4,(anonymous_3)
FNDA:19,(anonymous_4)
FNDA:15,(anonymous_5)
FNDA:51,(anonymous_6)
FNDA:0,(anonymous_7)
FNDA:0,(anonymous_8)
FNDA:0,(anonymous_9)
FNDA:0,(anonymous_10)
FNDA:3,(anonymous_11)
FNDA:1,(anonymous_12)
FNDA:6,(anonymous_13)
FNDA:22,(anonymous_14)
FNDA:14,(anonymous_15)
FNDA:13,(anonymous_16)
FNDA:7,(anonymous_17)
FNDA:3,(anonymous_18)
FNDA:2,(anonymous_19)
FNDA:2,(anonymous_20)
FNDA:1,(anonymous_21)
FNDA:14,(anonymous_22)
FNDA:8,(anonymous_23)
FNDA:8,(anonymous_24)
DA:44,19
DA:48,19
DA:49,19
DA:64,14
DA:65,14
DA:68,14
DA:69,14
DA:70,1
DA:71,1
DA:75,13
DA:80,13
DA:83,19
DA:84,1
DA:87,18
DA:88,18
DA:89,1
DA:93,17
DA:94,17
DA:95,3
DA:99,14
DA:102,14
DA:107,14
DA:111,14
DA:112,6
DA:116,8
DA:117,8
DA:119,8
DA:133,4
DA:141,19
DA:148,15
DA:149,15
DA:163,51
DA:166,51
DA:167,51
DA:168,63
DA:169,49
DA:170,49
DA:171,49
DA:172,48
DA:181,3
DA:182,0
DA:186,3
DA:187,3
DA:190,0
DA:198,0
DA:208,0
DA:209,0
DA:210,0
DA:211,0
DA:216,0
DA:217,0
DA:218,0
DA:219,0
DA:225,0
DA:232,0
DA:234,0
DA:236,0
DA:237,0
DA:238,0
DA:241,0
DA:242,0
DA:243,0
DA:246,0
DA:248,0
DA:250,0
DA:252,0
DA:253,0
DA:256,0
DA:257,0
DA:260,0
DA:268,0
DA:269,0
DA:271,0
DA:272,0
DA:274,0
DA:275,0
DA:277,0
DA:278,0
DA:280,0
DA:281,0
DA:283,0
DA:284,0
DA:286,0
DA:287,0
DA:289,0
DA:290,0
DA:292,0
DA:299,0
DA:307,3
DA:308,3
DA:309,3
DA:310,0
DA:311,0
DA:312,0
DA:313,0
DA:321,3
DA:327,3
DA:328,9
DA:329,9
DA:330,0
DA:331,0
DA:332,0
DA:333,0
DA:341,3
DA:348,1
DA:357,6
DA:364,22
DA:366,22
DA:368,22
DA:370,0
DA:372,0
DA:374,22
DA:376,0
DA:378,0
DA:380,0
DA:388,14
DA:389,11
DA:392,11
DA:393,11
DA:400,13
DA:401,13
DA:404,13
DA:405,19
DA:406,19
DA:407,18
DA:412,13
DA:415,13
DA:416,13
DA:417,14
DA:425,14
DA:428,14
DA:429,5
DA:434,5
DA:435,4
DA:436,4
DA:437,4
DA:439,1
DA:444,14
DA:446,3
DA:449,3
DA:452,14
DA:455,13
DA:462,3
DA:464,1
DA:465,1
DA:466,2
DA:467,2
DA:471,2
DA:472,2
DA:473,1
DA:476,1
DA:477,0
DA:478,0
DA:479,0
DA:480,0
DA:481,0
DA:483,0
DA:488,1
DA:489,0
DA:492,1
DA:503,14
DA:504,7
DA:506,0
DA:507,0
DA:509,0
DA:510,0
DA:512,0
DA:513,0
DA:515,0
DA:516,0
DA:518,0
DA:519,0
DA:521,0
DA:522,0
DA:526,0
DA:527,0
DA:528,0
DA:531,0
DA:532,0
DA:537,14
DA:548,8
DA:550,8
DA:551,3
DA:552,5
DA:553,0
DA:554,0
DA:555,0
DA:556,0
DA:558,0
DA:561,5
DA:562,0
DA:563,5
DA:564,5
DA:566,0
DA:575,8
DA:576,8
DA:577,5
LF:197
LH:107
BRDA:47,0,0,0
BRDA:69,1,0,1
BRDA:69,1,1,13
BRDA:75,2,0,13
BRDA:75,2,1,0
BRDA:83,3,0,1
BRDA:83,3,1,18
BRDA:88,4,0,1
BRDA:88,4,1,17
BRDA:94,5,0,3
BRDA:94,5,1,14
BRDA:94,6,0,17
BRDA:94,6,1,17
BRDA:102,7,0,14
BRDA:102,7,1,0
BRDA:107,8,0,14
BRDA:107,8,1,0
BRDA:111,9,0,6
BRDA:111,9,1,8
BRDA:133,10,0,4
BRDA:133,10,1,0
BRDA:150,11,0,15
BRDA:150,11,1,1
BRDA:150,11,2,1
BRDA:150,11,3,1
BRDA:150,11,4,1
BRDA:150,11,5,1
BRDA:150,11,6,1
BRDA:168,12,0,49
BRDA:168,12,1,14
BRDA:171,13,0,48
BRDA:171,13,1,1
BRDA:181,14,0,0
BRDA:181,14,1,3
BRDA:186,15,0,3
BRDA:186,15,1,0
BRDA:186,16,0,3
BRDA:186,16,1,3
BRDA:210,17,0,0
BRDA:210,17,1,0
BRDA:218,18,0,0
BRDA:218,18,1,0
BRDA:234,19,0,0
BRDA:234,19,1,0
BRDA:234,19,2,0
BRDA:234,19,3,0
BRDA:234,19,4,0
BRDA:234,19,5,0
BRDA:234,19,6,0
BRDA:234,19,7,0
BRDA:269,20,0,0
BRDA:269,20,1,0
BRDA:269,20,2,0
BRDA:269,20,3,0
BRDA:269,20,4,0
BRDA:269,20,5,0
BRDA:269,20,6,0
BRDA:309,21,0,0
BRDA:309,21,1,3
BRDA:312,22,0,0
BRDA:312,22,1,0
BRDA:329,23,0,0
BRDA:329,23,1,9
BRDA:332,24,0,0
BRDA:332,24,1,0
BRDA:364,25,0,0
BRDA:364,25,1,22
BRDA:364,26,0,22
BRDA:364,26,1,22
BRDA:368,27,0,0
BRDA:368,27,1,0
BRDA:368,27,2,22
BRDA:368,27,3,0
BRDA:368,27,4,0
BRDA:368,27,5,0
BRDA:388,28,0,3
BRDA:388,28,1,11
BRDA:389,29,0,0
BRDA:389,29,1,11
BRDA:406,30,0,18
BRDA:406,30,1,1
BRDA:434,31,0,4
BRDA:434,31,1,1
BRDA:434,32,0,5
BRDA:434,32,1,5
BRDA:444,33,0,3
BRDA:444,33,1,11
BRDA:462,34,0,2
BRDA:462,34,1,1
BRDA:476,35,0,0
BRDA:476,35,1,1
BRDA:478,36,0,0
BRDA:478,36,1,0
BRDA:480,37,0,0
BRDA:480,37,1,0
BRDA:488,38,0,0
BRDA:488,38,1,1
BRDA:504,39,0,0
BRDA:504,39,1,7
BRDA:504,40,0,7
BRDA:504,40,1,0
BRDA:507,41,0,0
BRDA:507,41,1,0
BRDA:513,42,0,0
BRDA:513,42,1,0
BRDA:513,42,2,0
BRDA:531,43,0,0
BRDA:531,43,1,0
BRDA:531,44,0,0
BRDA:531,44,1,0
BRDA:550,45,0,3
BRDA:550,45,1,5
BRDA:552,46,0,0
BRDA:552,46,1,5
BRDA:553,47,0,0
BRDA:553,47,1,0
BRDA:555,48,0,0
BRDA:555,48,1,0
BRDA:561,49,0,0
BRDA:561,49,1,5
BRDA:563,50,0,5
BRDA:563,50,1,0
BRDA:575,51,0,0
BRDA:575,51,1,8
BRDA:575,52,0,8
BRDA:575,52,1,0
BRDA:576,53,0,3
BRDA:576,53,1,5
BRDA:576,54,0,8
BRDA:576,54,1,3
BRF:130
BRH:65
end_of_record
TN:
SF:engines/types.ts
FN:58,(anonymous_0)
FNF:1
FNH:1
FNDA:8,(anonymous_0)
DA:58,8
DA:59,8
DA:60,8
DA:61,8
DA:62,8
DA:63,8
DA:64,8
DA:65,8
DA:267,8
DA:277,8
DA:284,8
LF:11
LH:11
BRDA:58,0,0,8
BRDA:58,0,1,8
BRF:2
BRH:2
end_of_record
TN:
SF:handlers/detect-connections.ts
FN:33,initializeOrchestrator
FN:75,detectConnections
FN:194,(anonymous_2)
FN:209,detectConnectionsBatch
FN:229,(anonymous_4)
FN:256,cleanup
FNF:6
FNH:0
FNDA:0,initializeOrchestrator
FNDA:0,detectConnections
FNDA:0,(anonymous_2)
FNDA:0,detectConnectionsBatch
FNDA:0,(anonymous_4)
FNDA:0,cleanup
DA:23,0
DA:24,0
DA:25,0
DA:28,0
DA:34,0
DA:35,0
DA:38,0
DA:51,0
DA:61,0
DA:63,0
DA:64,0
DA:66,0
DA:69,0
DA:86,0
DA:88,0
DA:89,0
DA:92,0
DA:98,0
DA:99,0
DA:103,0
DA:109,0
DA:110,0
DA:114,0
DA:115,0
DA:119,0
DA:121,0
DA:122,0
DA:125,0
DA:126,0
DA:127,0
DA:139,0
DA:142,0
DA:145,0
DA:146,0
DA:147,0
DA:154,0
DA:164,0
DA:168,0
DA:178,0
DA:181,0
DA:182,0
DA:183,0
DA:184,0
DA:187,0
DA:188,0
DA:192,0
DA:193,0
DA:194,0
DA:198,0
DA:201,0
DA:202,0
DA:218,0
DA:220,0
DA:223,0
DA:224,0
DA:226,0
DA:227,0
DA:228,0
DA:230,0
DA:231,0
DA:232,0
DA:234,0
DA:235,0
DA:241,0
DA:242,0
DA:243,0
DA:248,0
DA:250,0
DA:257,0
DA:258,0
DA:259,0
DA:260,0
LF:72
LH:0
BRDA:34,0,0,0
BRDA:34,0,1,0
BRDA:64,1,0,0
BRDA:64,1,1,0
BRDA:98,2,0,0
BRDA:98,2,1,0
BRDA:98,3,0,0
BRDA:98,3,1,0
BRDA:99,4,0,0
BRDA:99,4,1,0
BRDA:109,5,0,0
BRDA:109,5,1,0
BRDA:114,6,0,0
BRDA:114,6,1,0
BRDA:121,7,0,0
BRDA:121,7,1,0
BRDA:125,8,0,0
BRDA:125,8,1,0
BRDA:125,9,0,0
BRDA:125,9,1,0
BRDA:145,10,0,0
BRDA:145,10,1,0
BRDA:150,11,0,0
BRDA:150,11,1,0
BRDA:172,12,0,0
BRDA:172,12,1,0
BRDA:173,13,0,0
BRDA:173,13,1,0
BRDA:187,14,0,0
BRDA:187,14,1,0
BRDA:187,15,0,0
BRDA:187,15,1,0
BRDA:192,16,0,0
BRDA:192,16,1,0
BRDA:242,17,0,0
BRDA:242,17,1,0
BRDA:257,18,0,0
BRDA:257,18,1,0
BRF:38
BRH:0
end_of_record
TN:
SF:handlers/process-document.ts
FN:24,processDocumentHandler
FN:109,(anonymous_1)
FN:109,(anonymous_2)
FN:124,(anonymous_3)
FN:125,(anonymous_4)
FN:229,updateDocumentStatus
FN:267,updateProgress
FNF:7
FNH:0
FNDA:0,processDocumentHandler
FNDA:0,(anonymous_1)
FNDA:0,(anonymous_2)
FNDA:0,(anonymous_3)
FNDA:0,(anonymous_4)
FNDA:0,updateDocumentStatus
FNDA:0,updateProgress
DA:12,0
DA:13,0
DA:15,0
DA:25,0
DA:28,0
DA:29,0
DA:33,0
DA:41,0
DA:47,0
DA:48,0
DA:52,0
DA:55,0
DA:56,0
DA:57,0
DA:62,0
DA:64,0
DA:66,0
DA:68,0
DA:71,0
DA:72,0
DA:75,0
DA:76,0
DA:79,0
DA:80,0
DA:84,0
DA:85,0
DA:86,0
DA:87,0
DA:90,0
DA:91,0
DA:94,0
DA:95,0
DA:102,0
DA:103,0
DA:105,0
DA:108,0
DA:109,0
DA:111,0
DA:112,0
DA:115,0
DA:116,0
DA:119,0
DA:120,0
DA:123,0
DA:124,0
DA:125,0
DA:142,0
DA:146,0
DA:147,0
DA:149,0
DA:152,0
DA:155,0
DA:158,0
DA:175,0
DA:178,0
DA:179,0
DA:182,0
DA:185,0
DA:195,0
DA:196,0
DA:197,0
DA:199,0
DA:201,0
DA:237,0
DA:243,0
DA:244,0
DA:247,0
DA:252,0
DA:253,0
DA:275,0
DA:287,0
DA:288,0
LF:72
LH:0
BRDA:12,0,0,0
BRDA:12,0,1,0
BRDA:28,1,0,0
BRDA:28,1,1,0
BRDA:47,2,0,0
BRDA:47,2,1,0
BRDA:47,3,0,0
BRDA:47,3,1,0
BRDA:52,4,0,0
BRDA:52,4,1,0
BRDA:55,5,0,0
BRDA:55,5,1,0
BRDA:75,6,0,0
BRDA:75,6,1,0
BRDA:79,7,0,0
BRDA:79,7,1,0
BRDA:79,8,0,0
BRDA:79,8,1,0
BRDA:86,9,0,0
BRDA:86,9,1,0
BRDA:87,10,0,0
BRDA:87,10,1,0
BRDA:102,11,0,0
BRDA:102,11,1,0
BRDA:109,12,0,0
BRDA:109,12,1,0
BRDA:111,13,0,0
BRDA:111,13,1,0
BRDA:115,14,0,0
BRDA:115,14,1,0
BRDA:124,15,0,0
BRDA:124,15,1,0
BRDA:131,16,0,0
BRDA:131,16,1,0
BRDA:132,17,0,0
BRDA:132,17,1,0
BRDA:133,18,0,0
BRDA:133,18,1,0
BRDA:134,19,0,0
BRDA:134,19,1,0
BRDA:135,20,0,0
BRDA:135,20,1,0
BRDA:136,21,0,0
BRDA:136,21,1,0
BRDA:137,22,0,0
BRDA:137,22,1,0
BRDA:138,23,0,0
BRDA:138,23,1,0
BRDA:139,24,0,0
BRDA:139,24,1,0
BRDA:146,25,0,0
BRDA:146,25,1,0
BRDA:195,26,0,0
BRDA:195,26,1,0
BRDA:233,27,0,0
BRDA:234,28,0,0
BRDA:243,29,0,0
BRDA:243,29,1,0
BRDA:252,30,0,0
BRDA:252,30,1,0
BRDA:281,31,0,0
BRDA:281,31,1,0
BRDA:287,32,0,0
BRDA:287,32,1,0
BRF:64
BRH:0
end_of_record
TN:
SF:lib/ai-chunking.ts
FN:53,rechunkMarkdown
FN:110,(anonymous_1)
FN:166,cleanMarkdownWithAI
FN:205,textToMarkdownWithAI
FNF:4
FNH:0
FNDA:0,rechunkMarkdown
FNDA:0,(anonymous_1)
FNDA:0,cleanMarkdownWithAI
FNDA:0,textToMarkdownWithAI
DA:58,0
DA:99,0
DA:100,0
DA:103,0
DA:104,0
DA:105,0
DA:106,0
DA:110,0
DA:111,0
DA:114,0
DA:115,0
DA:116,0
DA:117,0
DA:121,0
DA:122,0
DA:123,0
DA:124,0
DA:128,0
DA:129,0
DA:130,0
DA:131,0
DA:132,0
DA:136,0
DA:137,0
DA:140,0
DA:143,0
DA:144,0
DA:147,0
DA:148,0
DA:171,0
DA:182,0
DA:184,0
DA:185,0
DA:188,0
DA:210,0
DA:221,0
DA:223,0
DA:224,0
DA:227,0
LF:39
LH:0
BRDA:56,0,0,0
BRDA:99,1,0,0
BRDA:99,1,1,0
BRDA:105,2,0,0
BRDA:105,2,1,0
BRDA:105,3,0,0
BRDA:105,3,1,0
BRDA:114,4,0,0
BRDA:114,4,1,0
BRDA:114,5,0,0
BRDA:114,5,1,0
BRDA:114,5,2,0
BRDA:121,6,0,0
BRDA:121,6,1,0
BRDA:121,7,0,0
BRDA:121,7,1,0
BRDA:121,7,2,0
BRDA:128,8,0,0
BRDA:128,8,1,0
BRDA:128,9,0,0
BRDA:128,9,1,0
BRDA:128,9,2,0
BRDA:136,10,0,0
BRDA:136,10,1,0
BRDA:136,11,0,0
BRDA:136,11,1,0
BRDA:169,12,0,0
BRDA:182,13,0,0
BRDA:182,13,1,0
BRDA:184,14,0,0
BRDA:184,14,1,0
BRDA:208,15,0,0
BRDA:221,16,0,0
BRDA:221,16,1,0
BRDA:223,17,0,0
BRDA:223,17,1,0
BRF:36
BRH:0
end_of_record
TN:
SF:lib/ai-client.ts
FN:18,createGeminiClient
FN:32,getDefaultGeminiClient
FNF:2
FNH:0
FNDA:0,createGeminiClient
FNDA:0,getDefaultGeminiClient
DA:19,0
DA:20,0
DA:23,0
DA:33,0
DA:35,0
DA:36,0
DA:39,0
LF:7
LH:0
BRDA:19,0,0,0
BRDA:19,0,1,0
BRDA:35,1,0,0
BRDA:35,1,1,0
BRF:4
BRH:0
end_of_record
TN:
SF:lib/batch-operations.ts
FN:63,batchInsertChunks
FN:156,(anonymous_1)
FN:189,insertBatchWithRetry
FN:228,(anonymous_3)
FN:243,calculateOptimalBatchSize
FN:284,batchUpdate
FNF:6
FNH:0
FNDA:0,batchInsertChunks
FNDA:0,(anonymous_1)
FNDA:0,insertBatchWithRetry
FNDA:0,(anonymous_3)
FNDA:0,calculateOptimalBatchSize
FNDA:0,batchUpdate
DA:38,0
DA:72,0
DA:74,0
DA:81,0
DA:82,0
DA:85,0
DA:86,0
DA:88,0
DA:94,0
DA:95,0
DA:96,0
DA:99,0
DA:100,0
DA:101,0
DA:102,0
DA:109,0
DA:110,0
DA:111,0
DA:112,0
DA:114,0
DA:116,0
DA:118,0
DA:119,0
DA:121,0
DA:127,0
DA:128,0
DA:131,0
DA:136,0
DA:137,0
DA:139,0
DA:145,0
DA:146,0
DA:147,0
DA:148,0
DA:149,0
DA:151,0
DA:156,0
DA:157,0
DA:163,0
DA:165,0
DA:166,0
DA:172,0
DA:173,0
DA:179,0
DA:194,0
DA:195,0
DA:197,0
DA:198,0
DA:199,0
DA:203,0
DA:204,0
DA:208,0
DA:210,0
DA:213,0
DA:218,0
DA:222,0
DA:223,0
DA:224,0
DA:228,0
DA:233,0
DA:247,0
DA:248,0
DA:251,0
DA:252,0
DA:253,0
DA:256,0
DA:259,0
DA:260,0
DA:263,0
DA:264,0
DA:266,0
DA:272,0
DA:290,0
DA:292,0
DA:299,0
DA:303,0
DA:304,0
DA:305,0
DA:310,0
DA:312,0
DA:313,0
DA:315,0
DA:316,0
DA:319,0
DA:323,0
DA:324,0
LF:86
LH:0
BRDA:66,0,0,0
BRDA:69,1,0,0
BRDA:70,2,0,0
BRDA:81,3,0,0
BRDA:81,3,1,0
BRDA:81,4,0,0
BRDA:81,4,1,0
BRDA:100,5,0,0
BRDA:100,5,1,0
BRDA:127,6,0,0
BRDA:127,6,1,0
BRDA:136,7,0,0
BRDA:136,7,1,0
BRDA:172,8,0,0
BRDA:172,8,1,0
BRDA:203,9,0,0
BRDA:203,9,1,0
BRDA:213,10,0,0
BRDA:213,10,1,0
BRDA:214,11,0,0
BRDA:214,11,1,0
BRDA:214,11,2,0
BRDA:222,12,0,0
BRDA:222,12,1,0
BRDA:233,13,0,0
BRDA:233,13,1,0
BRDA:245,14,0,0
BRDA:247,15,0,0
BRDA:247,15,1,0
BRDA:247,16,0,0
BRDA:247,16,1,0
BRDA:288,17,0,0
BRDA:290,18,0,0
BRDA:310,19,0,0
BRDA:310,19,1,0
BRDA:315,20,0,0
BRDA:315,20,1,0
BRDA:315,21,0,0
BRDA:315,21,1,0
BRF:39
BRH:0
end_of_record
TN:
SF:lib/cache-manager.ts
FN:45,(anonymous_0)
FN:52,(anonymous_1)
FN:86,(anonymous_2)
FN:116,(anonymous_3)
FN:137,(anonymous_4)
FN:153,(anonymous_5)
FN:160,(anonymous_6)
FN:167,(anonymous_7)
FN:178,(anonymous_8)
FN:197,(anonymous_9)
FN:208,(anonymous_10)
FN:216,(anonymous_11)
FN:223,(anonymous_12)
FN:240,(anonymous_13)
FN:247,(anonymous_14)
FN:271,(anonymous_15)
FN:285,(anonymous_16)
FN:292,(anonymous_17)
FN:303,(anonymous_18)
FN:312,(anonymous_19)
FN:321,(anonymous_20)
FN:352,(anonymous_21)
FN:362,(anonymous_22)
FN:371,(anonymous_23)
FN:384,(anonymous_24)
FN:412,(anonymous_25)
FN:425,(anonymous_26)
FN:438,(anonymous_27)
FN:467,Cached
FN:468,(anonymous_29)
FN:475,(anonymous_30)
FN:482,(anonymous_31)
FNF:32
FNH:1
FNDA:0,(anonymous_0)
FNDA:0,(anonymous_1)
FNDA:0,(anonymous_2)
FNDA:0,(anonymous_3)
FNDA:0,(anonymous_4)
FNDA:0,(anonymous_5)
FNDA:0,(anonymous_6)
FNDA:0,(anonymous_7)
FNDA:0,(anonymous_8)
FNDA:0,(anonymous_9)
FNDA:0,(anonymous_10)
FNDA:0,(anonymous_11)
FNDA:0,(anonymous_12)
FNDA:0,(anonymous_13)
FNDA:0,(anonymous_14)
FNDA:21,(anonymous_15)
FNDA:0,(anonymous_16)
FNDA:0,(anonymous_17)
FNDA:0,(anonymous_18)
FNDA:0,(anonymous_19)
FNDA:0,(anonymous_20)
FNDA:0,(anonymous_21)
FNDA:0,(anonymous_22)
FNDA:0,(anonymous_23)
FNDA:0,(anonymous_24)
FNDA:0,(anonymous_25)
FNDA:0,(anonymous_26)
FNDA:0,(anonymous_27)
FNDA:0,Cached
FNDA:0,(anonymous_29)
FNDA:0,(anonymous_30)
FNDA:0,(anonymous_31)
DA:33,0
DA:34,0
DA:36,0
DA:46,0
DA:53,0
DA:54,0
DA:57,0
DA:59,0
DA:60,0
DA:61,0
DA:62,0
DA:66,0
DA:67,0
DA:68,0
DA:69,0
DA:70,0
DA:74,0
DA:75,0
DA:77,0
DA:78,0
DA:80,0
DA:87,0
DA:88,0
DA:92,0
DA:93,0
DA:96,0
DA:103,0
DA:104,0
DA:105,0
DA:107,0
DA:108,0
DA:109,0
DA:117,0
DA:118,0
DA:120,0
DA:121,0
DA:122,0
DA:123,0
DA:126,0
DA:127,0
DA:130,0
DA:131,0
DA:138,0
DA:139,0
DA:140,0
DA:154,0
DA:161,0
DA:168,0
DA:169,0
DA:170,0
DA:172,0
DA:179,0
DA:181,0
DA:182,0
DA:184,0
DA:185,0
DA:188,0
DA:189,0
DA:190,0
DA:191,0
DA:198,0
DA:200,0
DA:201,0
DA:209,0
DA:210,0
DA:217,0
DA:224,0
DA:226,0
DA:227,0
DA:229,0
DA:230,0
DA:231,0
DA:234,0
DA:241,0
DA:248,0
DA:249,0
DA:251,0
DA:252,0
DA:253,0
DA:254,0
DA:258,0
DA:267,21
DA:272,21
DA:279,21
DA:286,0
DA:293,0
DA:294,0
DA:295,0
DA:297,0
DA:304,0
DA:305,0
DA:306,0
DA:313,0
DA:314,0
DA:315,0
DA:327,0
DA:328,0
DA:331,0
DA:332,0
DA:333,0
DA:336,0
DA:339,0
DA:340,0
DA:341,0
DA:343,0
DA:346,0
DA:353,0
DA:354,0
DA:355,0
DA:363,0
DA:364,0
DA:372,0
DA:374,0
DA:375,0
DA:378,0
DA:385,0
DA:394,0
DA:395,0
DA:396,0
DA:397,0
DA:398,0
DA:399,0
DA:400,0
DA:403,0
DA:404,0
DA:406,0
DA:413,0
DA:415,0
DA:416,0
DA:419,0
DA:426,0
DA:427,0
DA:429,0
DA:431,0
DA:439,0
DA:441,0
DA:442,0
DA:443,0
DA:444,0
DA:445,0
DA:446,0
DA:447,0
DA:448,0
DA:452,0
DA:453,0
DA:454,0
DA:455,0
DA:462,1
DA:468,0
DA:473,0
DA:475,0
DA:476,0
DA:477,0
DA:479,0
DA:482,0
DA:487,0
LF:156
LH:4
BRDA:53,0,0,0
BRDA:53,0,1,0
BRDA:59,1,0,0
BRDA:59,1,1,0
BRDA:66,2,0,0
BRDA:66,2,1,0
BRDA:87,3,0,0
BRDA:87,3,1,0
BRDA:92,4,0,0
BRDA:92,4,1,0
BRDA:92,5,0,0
BRDA:92,5,1,0
BRDA:107,6,0,0
BRDA:107,6,1,0
BRDA:118,7,0,0
BRDA:118,7,1,0
BRDA:122,8,0,0
BRDA:122,8,1,0
BRDA:126,9,0,0
BRDA:126,9,1,0
BRDA:169,10,0,0
BRDA:169,10,1,0
BRDA:179,11,0,0
BRDA:179,11,1,0
BRDA:184,12,0,0
BRDA:184,12,1,0
BRDA:198,13,0,0
BRDA:198,13,1,0
BRDA:200,14,0,0
BRDA:200,14,1,0
BRDA:210,15,0,0
BRDA:210,15,1,0
BRDA:224,16,0,0
BRDA:224,16,1,0
BRDA:227,17,0,0
BRDA:227,17,1,0
BRDA:229,18,0,0
BRDA:229,18,1,0
BRDA:252,19,0,0
BRDA:252,19,1,0
BRDA:293,20,0,0
BRDA:293,20,1,0
BRDA:304,21,0,0
BRDA:304,21,1,0
BRDA:313,22,0,0
BRDA:313,22,1,0
BRDA:327,23,0,0
BRDA:327,23,1,0
BRDA:332,24,0,0
BRDA:332,24,1,0
BRDA:339,25,0,0
BRDA:339,25,1,0
BRDA:354,26,0,0
BRDA:354,26,1,0
BRDA:404,27,0,0
BRDA:404,27,1,0
BRDA:438,28,0,0
BRDA:443,29,0,0
BRDA:443,29,1,0
BRDA:443,30,0,0
BRDA:443,30,1,0
BRDA:443,30,2,0
BRDA:476,31,0,0
BRDA:476,31,1,0
BRF:64
BRH:0
end_of_record
TN:
SF:lib/embeddings.ts
FN:55,generateEmbeddings
FN:115,(anonymous_1)
FN:137,(anonymous_2)
FN:170,generateSingleEmbedding
FNF:4
FNH:0
FNDA:0,generateEmbeddings
FNDA:0,(anonymous_1)
FNDA:0,(anonymous_2)
FNDA:0,generateSingleEmbedding
DA:33,1
DA:59,0
DA:60,0
DA:63,0
DA:64,0
DA:68,0
DA:69,0
DA:70,0
DA:74,0
DA:77,0
DA:79,0
DA:80,0
DA:81,0
DA:82,0
DA:84,0
DA:86,0
DA:98,0
DA:99,0
DA:101,0
DA:102,0
DA:107,0
DA:108,0
DA:115,0
DA:116,0
DA:123,0
DA:126,0
DA:127,0
DA:128,0
DA:136,0
DA:137,0
DA:141,0
DA:142,0
DA:150,0
DA:151,0
DA:156,0
DA:174,0
DA:175,0
DA:178,0
DA:179,0
LF:39
LH:1
BRDA:57,0,0,0
BRDA:63,1,0,0
BRDA:63,1,1,0
BRDA:63,2,0,0
BRDA:63,2,1,0
BRDA:68,3,0,0
BRDA:68,3,1,0
BRDA:69,4,0,0
BRDA:69,4,1,0
BRDA:101,5,0,0
BRDA:101,5,1,0
BRDA:107,6,0,0
BRDA:107,6,1,0
BRDA:115,7,0,0
BRDA:115,7,1,0
BRDA:115,8,0,0
BRDA:115,8,1,0
BRDA:130,9,0,0
BRDA:130,9,1,0
BRDA:136,10,0,0
BRDA:136,10,1,0
BRDA:141,11,0,0
BRDA:141,11,1,0
BRDA:150,12,0,0
BRDA:150,12,1,0
BRDA:172,13,0,0
BRDA:174,14,0,0
BRDA:174,14,1,0
BRDA:174,15,0,0
BRDA:174,15,1,0
BRF:30
BRH:0
end_of_record
TN:
SF:lib/errors.ts
FN:14,classifyError
FN:75,getUserFriendlyError
FNF:2
FNH:2
FNDA:25,classifyError
FNDA:25,getUserFriendlyError
DA:15,25
DA:18,25
DA:30,8
DA:34,17
DA:40,2
DA:44,15
DA:47,1
DA:51,14
DA:56,1
DA:60,13
DA:76,25
DA:77,25
DA:79,25
DA:81,8
DA:84,2
DA:85,0
DA:87,2
DA:88,0
DA:90,2
DA:91,0
DA:93,2
DA:94,0
DA:96,2
DA:99,1
DA:100,0
DA:102,1
DA:105,14
DA:108,0
LF:28
LH:22
BRDA:18,0,0,8
BRDA:18,0,1,17
BRDA:18,1,0,25
BRDA:18,1,1,25
BRDA:18,1,2,25
BRDA:18,1,3,25
BRDA:18,1,4,23
BRDA:18,1,5,21
BRDA:18,1,6,20
BRDA:18,1,7,19
BRDA:18,1,8,19
BRDA:18,1,9,19
BRDA:18,1,10,19
BRDA:18,1,11,18
BRDA:34,2,0,2
BRDA:34,2,1,15
BRDA:34,3,0,17
BRDA:34,3,1,17
BRDA:34,3,2,17
BRDA:34,3,3,17
BRDA:34,3,4,17
BRDA:34,3,5,16
BRDA:44,4,0,1
BRDA:44,4,1,14
BRDA:44,5,0,15
BRDA:44,5,1,15
BRDA:44,5,2,15
BRDA:51,6,0,1
BRDA:51,6,1,13
BRDA:51,7,0,14
BRDA:51,7,1,14
BRDA:51,7,2,14
BRDA:51,7,3,14
BRDA:51,7,4,13
BRDA:79,8,0,8
BRDA:79,8,1,2
BRDA:79,8,2,1
BRDA:79,8,3,14
BRDA:79,8,4,0
BRDA:84,9,0,0
BRDA:84,9,1,2
BRDA:87,10,0,0
BRDA:87,10,1,2
BRDA:90,11,0,0
BRDA:90,11,1,2
BRDA:93,12,0,0
BRDA:93,12,1,2
BRDA:99,13,0,0
BRDA:99,13,1,1
BRF:49
BRH:43
end_of_record
TN:
SF:lib/fuzzy-matching.ts
FN:100,fuzzyMatchChunkToSource
FN:164,trigramFuzzyMatch
FN:225,generateTrigrams
FN:249,calculateTrigramSimilarity
FN:260,(anonymous_4)
FN:268,(anonymous_5)
FN:269,(anonymous_6)
FN:285,approximatePosition
FN:318,extractContextBefore
FN:340,extractContextAfter
FN:365,fuzzyMatchBatch
FNF:11
FNH:11
FNDA:129,fuzzyMatchChunkToSource
FNDA:111,trigramFuzzyMatch
FNDA:1827942,generateTrigrams
FNDA:1827832,calculateTrigramSimilarity
FNDA:98106512,(anonymous_4)
FNDA:98106512,(anonymous_5)
FNDA:1830337,(anonymous_6)
FNDA:111,approximatePosition
FNDA:129,extractContextBefore
FNDA:129,extractContextAfter
FNDA:2,fuzzyMatchBatch
DA:59,2
DA:107,129
DA:110,129
DA:111,129
DA:114,129
DA:115,129
DA:116,18
DA:127,111
DA:135,111
DA:136,0
DA:140,111
DA:171,111
DA:174,111
DA:175,1
DA:179,110
DA:182,110
DA:183,110
DA:184,110
DA:186,110
DA:187,110
DA:190,110
DA:191,1827832
DA:192,1827832
DA:193,1827832
DA:195,1827832
DA:196,0
DA:197,0
DA:207,0
DA:208,0
DA:213,110
DA:226,1827942
DA:228,1827942
DA:229,99929925
DA:232,1827942
DA:250,1827832
DA:251,0
DA:254,1827832
DA:255,0
DA:259,1827832
DA:260,1827832
DA:261,98106512
DA:262,652
DA:267,1827832
DA:268,98106512
DA:269,1830337
DA:271,1827832
DA:293,111
DA:294,111
DA:295,111
DA:297,111
DA:319,129
DA:320,129
DA:323,129
DA:324,129
DA:326,129
DA:341,129
DA:342,129
DA:345,129
DA:346,129
DA:348,129
DA:370,2
DA:371,2
DA:372,2
DA:373,2
DA:374,2
DA:376,2
DA:377,6
DA:385,6
DA:388,6
DA:389,2
DA:390,2
DA:393,2
DA:395,2
DA:404,2
LF:74
LH:67
BRDA:105,0,0,120
BRDA:115,1,0,18
BRDA:115,1,1,111
BRDA:135,2,0,0
BRDA:135,2,1,111
BRDA:174,3,0,1
BRDA:174,3,1,110
BRDA:183,4,0,103
BRDA:183,4,1,7
BRDA:195,5,0,0
BRDA:195,5,1,1827832
BRDA:195,6,0,1827832
BRDA:195,6,1,87
BRDA:207,7,0,0
BRDA:207,7,1,0
BRDA:250,8,0,0
BRDA:250,8,1,1827832
BRDA:250,9,0,1827832
BRDA:250,9,1,0
BRDA:254,10,0,0
BRDA:254,10,1,1827832
BRDA:254,11,0,1827832
BRDA:254,11,1,1827832
BRDA:261,12,0,652
BRDA:261,12,1,98105860
BRDA:293,13,0,105
BRDA:293,13,1,6
BRDA:326,14,0,129
BRDA:326,14,1,13
BRDA:348,15,0,129
BRDA:348,15,1,4
BRDA:368,16,0,2
BRDA:388,17,0,4
BRDA:388,17,1,2
BRDA:389,18,0,0
BRDA:389,18,1,2
BRDA:401,19,0,2
BRDA:401,19,1,0
BRF:38
BRH:29
end_of_record
TN:
SF:lib/gemini-cache.ts
FN:66,(anonymous_0)
FN:68,(anonymous_1)
FN:76,(anonymous_2)
FN:100,(anonymous_3)
FN:171,(anonymous_4)
FN:201,(anonymous_5)
FN:210,(anonymous_6)
FN:225,(anonymous_7)
FN:235,(anonymous_8)
FN:255,(anonymous_9)
FN:279,(anonymous_10)
FN:289,(anonymous_11)
FN:300,(anonymous_12)
FN:318,(anonymous_13)
FN:329,(anonymous_14)
FNF:15
FNH:5
FNDA:13,(anonymous_0)
FNDA:0,(anonymous_1)
FNDA:15,(anonymous_2)
FNDA:10,(anonymous_3)
FNDA:0,(anonymous_4)
FNDA:0,(anonymous_5)
FNDA:0,(anonymous_6)
FNDA:10,(anonymous_7)
FNDA:0,(anonymous_8)
FNDA:0,(anonymous_9)
FNDA:0,(anonymous_10)
FNDA:0,(anonymous_11)
FNDA:1,(anonymous_12)
FNDA:0,(anonymous_13)
FNDA:0,(anonymous_14)
DA:47,13
DA:50,2
DA:53,2
DA:56,13
DA:68,13
DA:77,15
DA:78,13
DA:80,15
DA:105,10
DA:108,10
DA:109,0
DA:112,0
DA:113,0
DA:114,0
DA:115,0
DA:116,0
DA:121,0
DA:126,0
DA:127,0
DA:133,0
DA:134,0
DA:135,0
DA:137,0
DA:138,0
DA:142,0
DA:150,0
DA:151,0
DA:158,0
DA:160,0
DA:161,0
DA:172,0
DA:174,0
DA:175,0
DA:179,0
DA:180,0
DA:182,0
DA:183,0
DA:187,0
DA:188,0
DA:191,0
DA:203,0
DA:204,0
DA:207,0
DA:210,0
DA:211,0
DA:212,0
DA:213,0
DA:226,10
DA:227,10
DA:228,0
DA:236,0
DA:237,0
DA:239,0
DA:240,0
DA:241,0
DA:242,0
DA:243,0
DA:247,0
DA:248,0
DA:258,0
DA:259,0
DA:260,0
DA:264,0
DA:265,0
DA:266,0
DA:267,0
DA:280,0
DA:281,0
DA:282,0
DA:290,0
DA:291,0
DA:292,0
DA:301,1
DA:305,1
DA:319,0
DA:320,0
DA:330,0
DA:331,0
DA:332,0
LF:79
LH:14
BRDA:77,0,0,13
BRDA:77,0,1,2
BRDA:103,1,0,8
BRDA:105,2,0,10
BRDA:105,3,0,8
BRDA:112,4,0,0
BRDA:112,4,1,0
BRDA:114,5,0,0
BRDA:114,5,1,0
BRDA:114,6,0,0
BRDA:114,6,1,0
BRDA:135,7,0,0
BRDA:135,7,1,0
BRDA:137,8,0,0
BRDA:137,8,1,0
BRDA:174,9,0,0
BRDA:174,9,1,0
BRDA:182,10,0,0
BRDA:182,10,1,0
BRDA:203,11,0,0
BRDA:203,11,1,0
BRDA:211,12,0,0
BRDA:211,12,1,0
BRDA:241,13,0,0
BRDA:241,13,1,0
BRDA:247,14,0,0
BRDA:247,14,1,0
BRDA:259,15,0,0
BRDA:259,15,1,0
BRDA:259,16,0,0
BRDA:259,16,1,0
BRDA:264,17,0,0
BRDA:264,17,1,0
BRDA:281,18,0,0
BRDA:281,18,1,0
BRDA:301,19,0,0
BRDA:301,19,1,1
BRDA:330,20,0,0
BRDA:330,20,1,0
BRDA:331,21,0,0
BRDA:331,21,1,0
BRF:41
BRH:6
end_of_record
TN:
SF:lib/markdown-chunking.ts
FN:44,simpleMarkdownChunking
FN:136,splitLongContent
FN:193,calculateImportance
FN:232,extractTimestampsWithContext
FN:276,extractContextWords
FN:282,(anonymous_5)
FNF:6
FNH:6
FNDA:11,simpleMarkdownChunking
FNDA:1,splitLongContent
FNDA:17,calculateImportance
FNDA:15,extractTimestampsWithContext
FNDA:44,extractContextWords
FNDA:278,(anonymous_5)
DA:45,11
DA:48,11
DA:51,11
DA:54,11
DA:55,21
DA:63,11
DA:64,3
DA:65,3
DA:67,0
DA:69,3
DA:78,8
DA:79,21
DA:80,21
DA:83,21
DA:84,21
DA:85,21
DA:88,21
DA:93,21
DA:94,3
DA:97,18
DA:100,18
DA:101,1
DA:102,1
DA:103,17
DA:105,17
DA:114,0
DA:115,0
DA:125,8
DA:137,1
DA:138,1
DA:140,1
DA:142,1
DA:143,2
DA:145,2
DA:148,2
DA:149,1
DA:155,1
DA:159,2
DA:162,2
DA:163,1
DA:169,1
DA:174,1
DA:175,1
DA:183,1
DA:195,17
DA:203,17
DA:233,15
DA:237,15
DA:241,15
DA:242,22
DA:243,22
DA:244,22
DA:247,22
DA:250,22
DA:251,22
DA:252,22
DA:255,22
DA:256,22
DA:257,22
DA:259,22
DA:266,15
DA:278,44
DA:282,278
DA:284,44
DA:286,22
DA:287,22
DA:290,22
DA:291,22
LF:68
LH:65
BRDA:63,0,0,3
BRDA:63,0,1,8
BRDA:65,1,0,0
BRDA:65,1,1,3
BRDA:73,2,0,1
BRDA:73,2,1,2
BRDA:84,3,0,13
BRDA:84,3,1,8
BRDA:93,4,0,3
BRDA:93,4,1,18
BRDA:100,5,0,1
BRDA:100,5,1,17
BRDA:103,6,0,17
BRDA:103,6,1,0
BRDA:109,7,0,17
BRDA:109,7,1,0
BRDA:114,8,0,0
BRDA:114,8,1,0
BRDA:145,9,0,0
BRDA:145,9,1,2
BRDA:148,10,0,1
BRDA:148,10,1,1
BRDA:148,11,0,2
BRDA:148,11,1,2
BRDA:153,12,0,1
BRDA:153,12,1,0
BRDA:159,13,0,0
BRDA:159,13,1,2
BRDA:162,14,0,1
BRDA:162,14,1,1
BRDA:174,15,0,1
BRDA:174,15,1,0
BRDA:179,16,0,1
BRDA:179,16,1,0
BRDA:203,17,0,17
BRDA:203,17,1,0
BRDA:242,18,0,2
BRDA:242,18,1,20
BRDA:243,19,0,2
BRDA:243,19,1,20
BRDA:244,20,0,2
BRDA:244,20,1,20
BRDA:284,21,0,22
BRDA:284,21,1,22
BRF:44
BRH:33
end_of_record
TN:
SF:lib/metadata-extractor.ts
FN:45,extractMetadata
FN:167,withTimeout
FN:174,(anonymous_2)
FN:175,(anonymous_3)
FN:183,createDefaultStructural
FN:198,createDefaultEmotional
FN:212,createDefaultConceptual
FN:232,createDefaultNarrative
FN:258,createDefaultReferences
FN:273,createDefaultDomain
FN:293,calculateQualityMetrics
FN:297,(anonymous_11)
FN:298,(anonymous_12)
FN:302,(anonymous_13)
FN:324,(anonymous_14)
FN:334,createMinimalMetadata
FN:358,validateMetadata
FN:377,(anonymous_17)
FN:400,getExtractionStats
FNF:19
FNH:0
FNDA:0,extractMetadata
FNDA:0,withTimeout
FNDA:0,(anonymous_2)
FNDA:0,(anonymous_3)
FNDA:0,createDefaultStructural
FNDA:0,createDefaultEmotional
FNDA:0,createDefaultConceptual
FNDA:0,createDefaultNarrative
FNDA:0,createDefaultReferences
FNDA:0,createDefaultDomain
FNDA:0,calculateQualityMetrics
FNDA:0,(anonymous_11)
FNDA:0,(anonymous_12)
FNDA:0,(anonymous_13)
FNDA:0,(anonymous_14)
FNDA:0,createMinimalMetadata
FNDA:0,validateMetadata
FNDA:0,(anonymous_17)
FNDA:0,getExtractionStats
DA:53,0
DA:54,0
DA:56,0
DA:58,0
DA:60,0
DA:101,0
DA:112,0
DA:115,0
DA:148,0
DA:149,0
DA:151,0
DA:152,0
DA:155,0
DA:158,0
DA:160,0
DA:172,0
DA:175,0
DA:184,0
DA:199,0
DA:213,0
DA:233,0
DA:259,0
DA:274,0
DA:297,0
DA:298,0
DA:301,0
DA:302,0
DA:303,0
DA:304,0
DA:305,0
DA:309,0
DA:325,0
DA:326,0
DA:335,0
DA:362,0
DA:365,0
DA:366,0
DA:370,0
DA:377,0
DA:378,0
DA:379,0
DA:383,0
DA:384,0
DA:387,0
DA:388,0
DA:391,0
DA:406,0
LF:47
LH:0
BRDA:47,0,0,0
BRDA:54,1,0,0
BRDA:54,1,1,0
BRDA:76,2,0,0
BRDA:76,2,1,0
BRDA:116,3,0,0
BRDA:116,3,1,0
BRDA:120,4,0,0
BRDA:120,4,1,0
BRDA:124,5,0,0
BRDA:124,5,1,0
BRDA:128,6,0,0
BRDA:128,6,1,0
BRDA:132,7,0,0
BRDA:132,7,1,0
BRDA:136,8,0,0
BRDA:136,8,1,0
BRDA:140,9,0,0
BRDA:140,9,1,0
BRDA:151,10,0,0
BRDA:151,10,1,0
BRDA:303,11,0,0
BRDA:303,11,1,0
BRDA:326,12,0,0
BRDA:326,12,1,0
BRDA:365,13,0,0
BRDA:365,13,1,0
BRDA:378,14,0,0
BRDA:378,14,1,0
BRDA:383,15,0,0
BRDA:383,15,1,0
BRDA:387,16,0,0
BRDA:387,16,1,0
BRF:33
BRH:0
end_of_record
TN:
SF:lib/pattern-matching.ts
FN:14,calculatePatternSimilarity
FN:61,extractStructuralFingerprint
FN:87,countStructuralElements
FN:95,(anonymous_3)
FN:106,calculateMaxNestingDepth
FN:131,calculateStructuralComplexity
FN:137,(anonymous_6)
FN:141,(anonymous_7)
FN:154,extractStructuralSequence
FN:184,compareElementCounts
FN:206,compareComplexity
FN:214,compareSequences
FN:229,calculateEditDistance
FN:232,(anonymous_13)
FN:261,generateStructuralHash
FNF:15
FNH:0
FNDA:0,calculatePatternSimilarity
FNDA:0,extractStructuralFingerprint
FNDA:0,countStructuralElements
FNDA:0,(anonymous_3)
FNDA:0,calculateMaxNestingDepth
FNDA:0,calculateStructuralComplexity
FNDA:0,(anonymous_6)
FNDA:0,(anonymous_7)
FNDA:0,extractStructuralSequence
FNDA:0,compareElementCounts
FNDA:0,compareComplexity
FNDA:0,compareSequences
FNDA:0,calculateEditDistance
FNDA:0,(anonymous_13)
FNDA:0,generateStructuralHash
DA:19,0
DA:20,0
DA:23,0
DA:24,0
DA:27,0
DA:28,0
DA:29,0
DA:32,0
DA:33,0
DA:34,0
DA:35,0
DA:36,0
DA:40,0
DA:41,0
DA:42,0
DA:45,0
DA:46,0
DA:47,0
DA:48,0
DA:51,0
DA:62,0
DA:63,0
DA:64,0
DA:65,0
DA:68,0
DA:75,0
DA:88,0
DA:95,0
DA:107,0
DA:108,0
DA:110,0
DA:112,0
DA:113,0
DA:114,0
DA:115,0
DA:119,0
DA:120,0
DA:121,0
DA:125,0
DA:136,0
DA:137,0
DA:141,0
DA:144,0
DA:145,0
DA:146,0
DA:148,0
DA:155,0
DA:156,0
DA:158,0
DA:159,0
DA:160,0
DA:161,0
DA:162,0
DA:163,0
DA:164,0
DA:165,0
DA:166,0
DA:167,0
DA:168,0
DA:169,0
DA:170,0
DA:171,0
DA:172,0
DA:174,0
DA:178,0
DA:185,0
DA:186,0
DA:188,0
DA:189,0
DA:190,0
DA:191,0
DA:193,0
DA:194,0
DA:195,0
DA:196,0
DA:200,0
DA:207,0
DA:208,0
DA:215,0
DA:216,0
DA:220,0
DA:221,0
DA:223,0
DA:230,0
DA:231,0
DA:232,0
DA:234,0
DA:235,0
DA:237,0
DA:238,0
DA:241,0
DA:242,0
DA:243,0
DA:244,0
DA:246,0
DA:255,0
DA:262,0
DA:265,0
DA:266,0
DA:267,0
DA:268,0
DA:269,0
DA:272,0
LF:103
LH:0
BRDA:19,0,0,0
BRDA:19,0,1,0
BRDA:32,1,0,0
BRDA:32,1,1,0
BRDA:32,2,0,0
BRDA:32,2,1,0
BRDA:45,3,0,0
BRDA:45,3,1,0
BRDA:45,4,0,0
BRDA:45,4,1,0
BRDA:51,5,0,0
BRDA:51,5,1,0
BRDA:89,6,0,0
BRDA:89,6,1,0
BRDA:90,7,0,0
BRDA:90,7,1,0
BRDA:91,8,0,0
BRDA:91,8,1,0
BRDA:92,9,0,0
BRDA:92,9,1,0
BRDA:93,10,0,0
BRDA:93,10,1,0
BRDA:94,11,0,0
BRDA:94,11,1,0
BRDA:96,12,0,0
BRDA:96,12,1,0
BRDA:97,13,0,0
BRDA:97,13,1,0
BRDA:98,14,0,0
BRDA:98,14,1,0
BRDA:99,15,0,0
BRDA:99,15,1,0
BRDA:113,16,0,0
BRDA:113,16,1,0
BRDA:120,17,0,0
BRDA:120,17,1,0
BRDA:159,18,0,0
BRDA:159,18,1,0
BRDA:160,19,0,0
BRDA:160,19,1,0
BRDA:162,20,0,0
BRDA:162,20,1,0
BRDA:164,21,0,0
BRDA:164,21,1,0
BRDA:166,22,0,0
BRDA:166,22,1,0
BRDA:168,23,0,0
BRDA:168,23,1,0
BRDA:170,24,0,0
BRDA:170,24,1,0
BRDA:172,25,0,0
BRDA:172,25,1,0
BRDA:172,26,0,0
BRDA:172,26,1,0
BRDA:172,26,2,0
BRDA:193,27,0,0
BRDA:193,27,1,0
BRDA:200,28,0,0
BRDA:200,28,1,0
BRDA:215,29,0,0
BRDA:215,29,1,0
BRDA:215,30,0,0
BRDA:215,30,1,0
BRDA:216,31,0,0
BRDA:216,31,1,0
BRDA:243,32,0,0
BRDA:243,32,1,0
BRF:67
BRH:0
end_of_record
TN:
SF:lib/performance-monitor.ts
FN:47,(anonymous_0)
FN:54,(anonymous_1)
FN:68,(anonymous_2)
FN:100,(anonymous_3)
FN:119,(anonymous_4)
FN:126,(anonymous_5)
FN:133,(anonymous_6)
FN:138,(anonymous_7)
FN:139,(anonymous_8)
FN:155,(anonymous_9)
FN:163,(anonymous_10)
FN:186,(anonymous_11)
FN:222,(anonymous_12)
FN:233,(anonymous_13)
FN:244,(anonymous_14)
FN:251,(anonymous_15)
FN:258,(anonymous_16)
FN:261,(anonymous_17)
FN:267,(anonymous_18)
FN:286,(anonymous_19)
FN:311,Timed
FN:312,(anonymous_21)
FN:320,(anonymous_22)
FN:326,(anonymous_23)
FN:332,(anonymous_24)
FNF:25
FNH:1
FNDA:21,(anonymous_0)
FNDA:0,(anonymous_1)
FNDA:0,(anonymous_2)
FNDA:0,(anonymous_3)
FNDA:0,(anonymous_4)
FNDA:0,(anonymous_5)
FNDA:0,(anonymous_6)
FNDA:0,(anonymous_7)
FNDA:0,(anonymous_8)
FNDA:0,(anonymous_9)
FNDA:0,(anonymous_10)
FNDA:0,(anonymous_11)
FNDA:0,(anonymous_12)
FNDA:0,(anonymous_13)
FNDA:0,(anonymous_14)
FNDA:0,(anonymous_15)
FNDA:0,(anonymous_16)
FNDA:0,(anonymous_17)
FNDA:0,(anonymous_18)
FNDA:0,(anonymous_19)
FNDA:0,Timed
FNDA:0,(anonymous_21)
FNDA:0,(anonymous_22)
FNDA:0,(anonymous_23)
FNDA:0,(anonymous_24)
DA:40,21
DA:41,21
DA:42,21
DA:43,21
DA:44,21
DA:45,21
DA:48,21
DA:55,0
DA:57,0
DA:58,0
DA:60,0
DA:61,0
DA:69,0
DA:71,0
DA:72,0
DA:73,0
DA:74,0
DA:77,0
DA:78,0
DA:85,0
DA:86,0
DA:89,0
DA:90,0
DA:92,0
DA:94,0
DA:101,0
DA:103,0
DA:104,0
DA:112,0
DA:113,0
DA:120,0
DA:127,0
DA:134,0
DA:135,0
DA:138,0
DA:139,0
DA:140,0
DA:141,0
DA:144,0
DA:156,0
DA:157,0
DA:158,0
DA:161,0
DA:162,0
DA:163,0
DA:164,0
DA:165,0
DA:170,0
DA:174,0
DA:187,0
DA:189,0
DA:191,0
DA:193,0
DA:194,0
DA:195,0
DA:196,0
DA:197,0
DA:201,0
DA:202,0
DA:203,0
DA:204,0
DA:205,0
DA:206,0
DA:207,0
DA:208,0
DA:212,0
DA:213,0
DA:214,0
DA:215,0
DA:223,0
DA:225,0
DA:226,0
DA:227,0
DA:234,0
DA:235,0
DA:236,0
DA:237,0
DA:238,0
DA:245,0
DA:252,0
DA:259,0
DA:260,0
DA:261,0
DA:272,0
DA:273,0
DA:274,0
DA:275,0
DA:276,0
DA:278,0
DA:279,0
DA:291,0
DA:292,0
DA:293,0
DA:294,0
DA:295,0
DA:297,0
DA:298,0
DA:306,1
DA:312,0
DA:317,0
DA:318,0
DA:320,0
DA:321,0
DA:323,0
DA:324,0
DA:326,0
DA:330,0
DA:332,0
DA:338,0
LF:109
LH:8
BRDA:47,0,0,1
BRDA:55,1,0,0
BRDA:55,1,1,0
BRDA:60,2,0,0
BRDA:60,2,1,0
BRDA:69,3,0,0
BRDA:69,3,1,0
BRDA:72,4,0,0
BRDA:72,4,1,0
BRDA:89,5,0,0
BRDA:89,5,1,0
BRDA:101,6,0,0
BRDA:101,6,1,0
BRDA:101,7,0,0
BRDA:101,7,1,0
BRDA:127,8,0,0
BRDA:127,8,1,0
BRDA:134,9,0,0
BRDA:134,9,1,0
BRDA:156,10,0,0
BRDA:156,10,1,0
BRDA:162,11,0,0
BRDA:162,11,1,0
BRDA:170,12,0,0
BRDA:170,12,1,0
BRDA:186,13,0,0
BRDA:187,14,0,0
BRDA:187,14,1,0
BRDA:193,15,0,0
BRDA:193,15,1,0
BRDA:196,16,0,0
BRDA:196,16,1,0
BRDA:201,17,0,0
BRDA:201,17,1,0
BRDA:212,18,0,0
BRDA:212,18,1,0
BRDA:223,19,0,0
BRDA:223,19,1,0
BRDA:225,20,0,0
BRDA:225,20,1,0
BRDA:318,21,0,0
BRDA:318,21,1,0
BRDA:321,22,0,0
BRDA:321,22,1,0
BRDA:323,23,0,0
BRDA:323,23,1,0
BRF:46
BRH:1
end_of_record
TN:
SF:lib/time-analysis.ts
FN:13,parseTimeReference
FN:55,calculateTemporalDistance
FN:89,detectPeriodicPattern
FN:91,(anonymous_3)
FN:92,(anonymous_4)
FN:93,(anonymous_5)
FN:126,findTemporalClusters
FN:131,(anonymous_7)
FN:135,(anonymous_8)
FN:136,(anonymous_9)
FN:187,parseISO8601
FN:199,parseCommonFormats
FN:231,parseRelativeTime
FN:280,parseNaturalLanguage
FN:331,addTime
FN:364,subtractTime
FN:371,analyzeIntervals
FN:375,(anonymous_17)
FN:376,(anonymous_18)
FN:430,calculateCentroid
FN:438,calculateDensity
FNF:21
FNH:0
FNDA:0,parseTimeReference
FNDA:0,calculateTemporalDistance
FNDA:0,detectPeriodicPattern
FNDA:0,(anonymous_3)
FNDA:0,(anonymous_4)
FNDA:0,(anonymous_5)
FNDA:0,findTemporalClusters
FNDA:0,(anonymous_7)
FNDA:0,(anonymous_8)
FNDA:0,(anonymous_9)
FNDA:0,parseISO8601
FNDA:0,parseCommonFormats
FNDA:0,parseRelativeTime
FNDA:0,parseNaturalLanguage
FNDA:0,addTime
FNDA:0,subtractTime
FNDA:0,analyzeIntervals
FNDA:0,(anonymous_17)
FNDA:0,(anonymous_18)
FNDA:0,calculateCentroid
FNDA:0,calculateDensity
DA:15,0
DA:16,0
DA:20,0
DA:21,0
DA:22,0
DA:26,0
DA:28,0
DA:29,0
DA:32,0
DA:33,0
DA:36,0
DA:37,0
DA:40,0
DA:41,0
DA:44,0
DA:60,0
DA:61,0
DA:63,0
DA:65,0
DA:67,0
DA:69,0
DA:71,0
DA:73,0
DA:75,0
DA:77,0
DA:79,0
DA:90,0
DA:91,0
DA:92,0
DA:93,0
DA:95,0
DA:98,0
DA:99,0
DA:100,0
DA:104,0
DA:105,0
DA:107,0
DA:130,0
DA:131,0
DA:135,0
DA:136,0
DA:138,0
DA:140,0
DA:141,0
DA:149,0
DA:150,0
DA:156,0
DA:158,0
DA:159,0
DA:162,0
DA:163,0
DA:164,0
DA:166,0
DA:177,0
DA:178,0
DA:179,0
DA:181,0
DA:188,0
DA:189,0
DA:190,0
DA:191,0
DA:193,0
DA:200,0
DA:211,0
DA:212,0
DA:213,0
DA:214,0
DA:215,0
DA:216,0
DA:217,0
DA:225,0
DA:232,0
DA:233,0
DA:236,0
DA:237,0
DA:238,0
DA:239,0
DA:240,0
DA:244,0
DA:245,0
DA:246,0
DA:247,0
DA:248,0
DA:252,0
DA:255,0
DA:257,0
DA:259,0
DA:261,0
DA:263,0
DA:265,0
DA:267,0
DA:269,0
DA:271,0
DA:274,0
DA:281,0
DA:282,0
DA:285,0
DA:286,0
DA:287,0
DA:288,0
DA:289,0
DA:290,0
DA:294,0
DA:296,0
DA:297,0
DA:298,0
DA:299,0
DA:300,0
DA:302,0
DA:306,0
DA:307,0
DA:308,0
DA:309,0
DA:310,0
DA:312,0
DA:313,0
DA:314,0
DA:317,0
DA:318,0
DA:319,0
DA:320,0
DA:322,0
DA:325,0
DA:332,0
DA:334,0
DA:336,0
DA:337,0
DA:339,0
DA:340,0
DA:342,0
DA:343,0
DA:345,0
DA:346,0
DA:348,0
DA:349,0
DA:351,0
DA:352,0
DA:354,0
DA:355,0
DA:358,0
DA:365,0
DA:372,0
DA:375,0
DA:376,0
DA:377,0
DA:378,0
DA:381,0
DA:386,0
DA:387,0
DA:388,0
DA:389,0
DA:390,0
DA:391,0
DA:392,0
DA:393,0
DA:394,0
DA:395,0
DA:396,0
DA:397,0
DA:399,0
DA:400,0
DA:403,0
DA:412,0
DA:413,0
DA:415,0
DA:416,0
DA:424,0
DA:431,0
DA:432,0
DA:439,0
DA:441,0
DA:442,0
DA:445,0
DA:446,0
LF:174
LH:0
BRDA:15,0,0,0
BRDA:15,0,1,0
BRDA:16,1,0,0
BRDA:16,1,1,0
BRDA:20,2,0,0
BRDA:20,2,1,0
BRDA:22,3,0,0
BRDA:22,3,1,0
BRDA:26,4,0,0
BRDA:26,4,1,0
BRDA:29,5,0,0
BRDA:29,5,1,0
BRDA:33,6,0,0
BRDA:33,6,1,0
BRDA:37,7,0,0
BRDA:37,7,1,0
BRDA:41,8,0,0
BRDA:41,8,1,0
BRDA:58,9,0,0
BRDA:63,10,0,0
BRDA:63,10,1,0
BRDA:63,11,0,0
BRDA:63,11,1,0
BRDA:67,12,0,0
BRDA:67,12,1,0
BRDA:67,12,2,0
BRDA:67,12,3,0
BRDA:67,12,4,0
BRDA:67,12,5,0
BRDA:95,13,0,0
BRDA:95,13,1,0
BRDA:105,14,0,0
BRDA:105,14,1,0
BRDA:128,15,0,0
BRDA:138,16,0,0
BRDA:138,16,1,0
BRDA:156,17,0,0
BRDA:156,17,1,0
BRDA:156,18,0,0
BRDA:156,18,1,0
BRDA:189,19,0,0
BRDA:189,19,1,0
BRDA:191,20,0,0
BRDA:191,20,1,0
BRDA:213,21,0,0
BRDA:213,21,1,0
BRDA:216,22,0,0
BRDA:216,22,1,0
BRDA:237,23,0,0
BRDA:237,23,1,0
BRDA:245,24,0,0
BRDA:245,24,1,0
BRDA:252,25,0,0
BRDA:252,25,1,0
BRDA:252,25,2,0
BRDA:252,25,3,0
BRDA:252,25,4,0
BRDA:252,25,5,0
BRDA:252,25,6,0
BRDA:252,25,7,0
BRDA:252,25,8,0
BRDA:252,25,9,0
BRDA:287,26,0,0
BRDA:287,26,1,0
BRDA:289,27,0,0
BRDA:289,27,1,0
BRDA:297,28,0,0
BRDA:297,28,1,0
BRDA:299,29,0,0
BRDA:299,29,1,0
BRDA:307,30,0,0
BRDA:307,30,1,0
BRDA:312,31,0,0
BRDA:312,31,1,0
BRDA:313,32,0,0
BRDA:313,32,1,0
BRDA:313,33,0,0
BRDA:313,33,1,0
BRDA:314,34,0,0
BRDA:314,34,1,0
BRDA:314,35,0,0
BRDA:314,35,1,0
BRDA:319,36,0,0
BRDA:319,36,1,0
BRDA:334,37,0,0
BRDA:334,37,1,0
BRDA:334,37,2,0
BRDA:334,37,3,0
BRDA:334,37,4,0
BRDA:334,37,5,0
BRDA:334,37,6,0
BRDA:372,38,0,0
BRDA:372,38,1,0
BRDA:381,39,0,0
BRDA:381,39,1,0
BRDA:386,40,0,0
BRDA:386,40,1,0
BRDA:389,41,0,0
BRDA:389,41,1,0
BRDA:392,42,0,0
BRDA:392,42,1,0
BRDA:395,43,0,0
BRDA:395,43,1,0
BRDA:415,44,0,0
BRDA:415,44,1,0
BRDA:415,45,0,0
BRDA:415,45,1,0
BRDA:439,46,0,0
BRDA:439,46,1,0
BRDA:442,47,0,0
BRDA:442,47,1,0
BRF:111
BRH:0
end_of_record
TN:
SF:lib/user-preferences.ts
FN:72,(anonymous_0)
FN:77,(anonymous_1)
FN:89,(anonymous_2)
FN:90,(anonymous_3)
FN:99,(anonymous_4)
FN:100,(anonymous_5)
FN:105,(anonymous_6)
FN:113,(anonymous_7)
FN:126,(anonymous_8)
FN:153,(anonymous_9)
FN:154,(anonymous_10)
FN:155,(anonymous_11)
FN:159,(anonymous_12)
FN:162,(anonymous_13)
FN:171,(anonymous_14)
FN:178,(anonymous_15)
FN:198,(anonymous_16)
FN:215,(anonymous_17)
FN:227,(anonymous_18)
FN:246,(anonymous_19)
FN:254,(anonymous_20)
FN:263,(anonymous_21)
FN:267,(anonymous_22)
FN:294,(anonymous_23)
FN:317,(anonymous_24)
FN:334,(anonymous_25)
FNF:26
FNH:8
FNDA:2,(anonymous_0)
FNDA:2,(anonymous_1)
FNDA:0,(anonymous_2)
FNDA:0,(anonymous_3)
FNDA:0,(anonymous_4)
FNDA:0,(anonymous_5)
FNDA:0,(anonymous_6)
FNDA:0,(anonymous_7)
FNDA:34,(anonymous_8)
FNDA:0,(anonymous_9)
FNDA:0,(anonymous_10)
FNDA:0,(anonymous_11)
FNDA:0,(anonymous_12)
FNDA:0,(anonymous_13)
FNDA:13,(anonymous_14)
FNDA:17,(anonymous_15)
FNDA:0,(anonymous_16)
FNDA:0,(anonymous_17)
FNDA:0,(anonymous_18)
FNDA:0,(anonymous_19)
FNDA:0,(anonymous_20)
FNDA:0,(anonymous_21)
FNDA:0,(anonymous_22)
FNDA:13,(anonymous_23)
FNDA:17,(anonymous_24)
FNDA:4,(anonymous_25)
DA:9,2
DA:10,2
DA:13,2
DA:78,2
DA:79,2
DA:81,2
DA:90,0
DA:91,0
DA:100,0
DA:102,0
DA:104,0
DA:105,0
DA:106,0
DA:107,0
DA:112,0
DA:113,0
DA:114,0
DA:117,0
DA:130,34
DA:132,32
DA:136,2
DA:137,2
DA:141,0
DA:144,0
DA:154,0
DA:155,0
DA:157,0
DA:159,0
DA:162,0
DA:175,13
DA:176,13
DA:178,13
DA:179,17
DA:180,17
DA:181,17
DA:182,17
DA:186,13
DA:187,0
DA:190,13
DA:199,0
DA:200,0
DA:201,0
DA:204,0
DA:216,0
DA:228,0
DA:230,0
DA:231,0
DA:235,0
DA:236,0
DA:237,0
DA:240,0
DA:247,0
DA:255,0
DA:265,0
DA:267,0
DA:268,0
DA:270,0
DA:274,0
DA:277,0
DA:278,0
DA:282,0
DA:313,13
DA:315,13
DA:317,13
DA:318,17
DA:319,17
DA:320,17
DA:322,17
DA:330,17
DA:334,13
DA:336,13
DA:344,2
LF:72
LH:30
BRDA:78,0,0,2
BRDA:78,0,1,0
BRDA:102,1,0,0
BRDA:102,1,1,0
BRDA:130,2,0,32
BRDA:130,2,1,2
BRDA:130,2,2,0
BRDA:130,2,3,0
BRDA:157,3,0,0
BRDA:157,3,1,0
BRDA:179,4,0,17
BRDA:179,4,1,1
BRDA:186,5,0,0
BRDA:186,5,1,13
BRDA:200,6,0,0
BRDA:200,6,1,0
BRDA:230,7,0,0
BRDA:230,7,1,0
BRDA:235,8,0,0
BRDA:235,8,1,0
BRDA:270,9,0,0
BRDA:270,9,1,0
BRDA:278,10,0,0
BRDA:278,10,1,0
BRDA:318,11,0,17
BRDA:318,11,1,1
BRF:26
BRH:8
end_of_record
TN:
SF:lib/vector-search.ts
FN:37,(anonymous_0)
FN:52,(anonymous_1)
FN:82,(anonymous_2)
FN:97,(anonymous_3)
FN:111,(anonymous_4)
FN:130,(anonymous_5)
FN:163,(anonymous_6)
FN:192,(anonymous_7)
FN:204,(anonymous_8)
FN:206,(anonymous_9)
FNF:10
FNH:0
FNDA:0,(anonymous_0)
FNDA:0,(anonymous_1)
FNDA:0,(anonymous_2)
FNDA:0,(anonymous_3)
FNDA:0,(anonymous_4)
FNDA:0,(anonymous_5)
FNDA:0,(anonymous_6)
FNDA:0,(anonymous_7)
FNDA:0,(anonymous_8)
FNDA:0,(anonymous_9)
DA:38,0
DA:39,0
DA:41,0
DA:42,0
DA:45,0
DA:61,0
DA:63,0
DA:65,0
DA:73,0
DA:74,0
DA:75,0
DA:78,0
DA:81,0
DA:82,0
DA:83,0
DA:87,0
DA:89,0
DA:90,0
DA:98,0
DA:100,0
DA:101,0
DA:106,0
DA:107,0
DA:108,0
DA:111,0
DA:122,0
DA:123,0
DA:131,0
DA:132,0
DA:138,0
DA:139,0
DA:140,0
DA:144,0
DA:146,0
DA:147,0
DA:149,0
DA:152,0
DA:154,0
DA:155,0
DA:164,0
DA:165,0
DA:168,0
DA:169,0
DA:170,0
DA:172,0
DA:173,0
DA:174,0
DA:175,0
DA:178,0
DA:179,0
DA:181,0
DA:182,0
DA:185,0
DA:196,0
DA:199,0
DA:200,0
DA:202,0
DA:203,0
DA:204,0
DA:205,0
DA:206,0
DA:208,0
DA:211,0
DA:212,0
DA:215,0
DA:220,0
LF:66
LH:0
BRDA:38,0,0,0
BRDA:38,0,1,0
BRDA:38,0,2,0
BRDA:39,1,0,0
BRDA:39,1,1,0
BRDA:41,2,0,0
BRDA:41,2,1,0
BRDA:41,3,0,0
BRDA:41,3,1,0
BRDA:54,4,0,0
BRDA:57,5,0,0
BRDA:58,6,0,0
BRDA:59,7,0,0
BRDA:60,8,0,0
BRDA:73,9,0,0
BRDA:73,9,1,0
BRDA:78,10,0,0
BRDA:78,10,1,0
BRDA:81,11,0,0
BRDA:81,11,1,0
BRDA:98,12,0,0
BRDA:98,12,1,0
BRDA:106,13,0,0
BRDA:106,13,1,0
BRDA:111,14,0,0
BRDA:111,14,1,0
BRDA:138,15,0,0
BRDA:138,15,1,0
BRDA:144,16,0,0
BRDA:144,16,1,0
BRDA:146,17,0,0
BRDA:146,17,1,0
BRDA:164,18,0,0
BRDA:164,18,1,0
BRDA:181,19,0,0
BRDA:181,19,1,0
BRDA:181,20,0,0
BRDA:181,20,1,0
BRDA:194,21,0,0
BRF:39
BRH:0
end_of_record
TN:
SF:lib/web-extraction.ts
FN:20,isValidUrl
FN:50,extractArticle
FN:67,(anonymous_2)
FN:168,sanitizeHtml
FNF:4
FNH:0
FNDA:0,isValidUrl
FNDA:0,extractArticle
FNDA:0,(anonymous_2)
FNDA:0,sanitizeHtml
DA:21,0
DA:22,0
DA:23,0
DA:25,0
DA:52,0
DA:53,0
DA:57,0
DA:59,0
DA:67,0
DA:71,0
DA:72,0
DA:75,0
DA:76,0
DA:79,0
DA:83,0
DA:84,0
DA:87,0
DA:88,0
DA:91,0
DA:92,0
DA:97,0
DA:98,0
DA:105,0
DA:109,0
DA:110,0
DA:111,0
DA:116,0
DA:117,0
DA:124,0
DA:127,0
DA:130,0
DA:132,0
DA:133,0
DA:137,0
DA:170,0
DA:173,0
DA:174,0
DA:177,0
DA:180,0
DA:182,0
LF:40
LH:0
BRDA:23,0,0,0
BRDA:23,0,1,0
BRDA:52,1,0,0
BRDA:52,1,1,0
BRDA:71,2,0,0
BRDA:71,2,1,0
BRDA:71,3,0,0
BRDA:71,3,1,0
BRDA:75,4,0,0
BRDA:75,4,1,0
BRDA:75,5,0,0
BRDA:75,5,1,0
BRDA:75,5,2,0
BRDA:83,6,0,0
BRDA:83,6,1,0
BRDA:87,7,0,0
BRDA:87,7,1,0
BRDA:91,8,0,0
BRDA:91,8,1,0
BRDA:110,9,0,0
BRDA:110,9,1,0
BRDA:132,10,0,0
BRDA:132,10,1,0
BRDA:138,11,0,0
BRDA:138,11,1,0
BRDA:139,12,0,0
BRDA:139,12,1,0
BRDA:140,13,0,0
BRDA:140,13,1,0
BRDA:141,14,0,0
BRDA:141,14,1,0
BRDA:142,15,0,0
BRDA:142,15,1,0
BRDA:143,16,0,0
BRDA:143,16,1,0
BRDA:144,17,0,0
BRDA:144,17,1,0
BRF:37
BRH:0
end_of_record
TN:
SF:lib/weight-config.ts
FN:11,(anonymous_0)
FN:49,(anonymous_1)
FN:56,(anonymous_2)
FN:181,(anonymous_3)
FN:188,(anonymous_4)
FN:195,(anonymous_5)
FN:206,(anonymous_6)
FN:217,(anonymous_7)
FN:243,(anonymous_8)
FN:270,(anonymous_9)
FN:277,(anonymous_10)
FN:294,(anonymous_11)
FN:301,(anonymous_12)
FN:310,(anonymous_13)
FNF:14
FNH:14
FNDA:2,(anonymous_0)
FNDA:10,(anonymous_1)
FNDA:10,(anonymous_2)
FNDA:3,(anonymous_3)
FNDA:1,(anonymous_4)
FNDA:3,(anonymous_5)
FNDA:2,(anonymous_6)
FNDA:8,(anonymous_7)
FNDA:5,(anonymous_8)
FNDA:4,(anonymous_9)
FNDA:1,(anonymous_10)
FNDA:1,(anonymous_11)
FNDA:1,(anonymous_12)
FNDA:4,(anonymous_13)
DA:11,2
DA:12,2
DA:13,2
DA:14,2
DA:15,2
DA:16,2
DA:17,2
DA:18,2
DA:46,2
DA:47,10
DA:50,10
DA:58,10
DA:78,10
DA:98,10
DA:118,10
DA:138,10
DA:158,10
DA:182,3
DA:189,1
DA:196,3
DA:197,3
DA:198,0
DA:200,3
DA:207,2
DA:210,2
DA:211,8
DA:212,1
DA:217,8
DA:218,2
DA:219,0
DA:223,2
DA:224,2
DA:225,0
DA:229,2
DA:230,2
DA:231,0
DA:234,2
DA:248,5
DA:249,0
DA:252,5
DA:253,2
DA:254,2
DA:255,1
DA:259,4
DA:271,4
DA:278,1
DA:280,1
DA:281,0
DA:284,1
DA:285,1
DA:288,0
DA:295,1
DA:302,1
DA:303,2
DA:311,4
DA:321,4
DA:326,2
DA:329,2
LF:58
LH:51
BRDA:11,0,0,2
BRDA:11,0,1,2
BRDA:197,1,0,0
BRDA:197,1,1,3
BRDA:211,2,0,1
BRDA:211,2,1,7
BRDA:211,3,0,8
BRDA:211,3,1,8
BRDA:218,4,0,0
BRDA:218,4,1,2
BRDA:224,5,0,0
BRDA:224,5,1,2
BRDA:230,6,0,0
BRDA:230,6,1,2
BRDA:248,7,0,0
BRDA:248,7,1,5
BRDA:248,8,0,5
BRDA:248,8,1,2
BRDA:252,9,0,2
BRDA:252,9,1,3
BRDA:254,10,0,1
BRDA:254,10,1,1
BRDA:280,11,0,0
BRDA:280,11,1,1
BRDA:284,12,0,1
BRDA:284,12,1,0
BRDA:284,13,0,1
BRDA:284,13,1,1
BRDA:321,14,0,4
BRDA:321,14,1,1
BRF:30
BRH:23
end_of_record
TN:
SF:lib/youtube-cleaning.ts
FN:58,cleanYoutubeTranscript
FN:107,(anonymous_1)
FNF:2
FNH:2
FNDA:21,cleanYoutubeTranscript
FNDA:63,(anonymous_1)
DA:4,2
DA:5,2
DA:20,2
DA:62,21
DA:64,21
DA:65,4
DA:72,17
DA:75,17
DA:88,13
DA:91,13
DA:92,1
DA:93,1
DA:102,12
DA:103,12
DA:106,12
DA:107,63
DA:110,12
DA:111,12
DA:118,12
DA:119,12
DA:123,12
DA:124,12
DA:126,12
DA:127,4
DA:132,4
DA:140,8
DA:145,8
DA:152,4
DA:153,4
DA:155,4
LF:30
LH:30
BRDA:4,0,0,2
BRDA:4,0,1,2
BRDA:64,1,0,4
BRDA:64,1,1,17
BRDA:64,2,0,21
BRDA:64,2,1,19
BRDA:91,3,0,1
BRDA:91,3,1,12
BRDA:91,4,0,13
BRDA:91,4,1,12
BRDA:103,5,0,12
BRDA:103,5,1,3
BRDA:106,6,0,9
BRDA:106,6,1,3
BRDA:118,7,0,7
BRDA:118,7,1,5
BRDA:119,8,0,1
BRDA:119,8,1,11
BRDA:126,9,0,4
BRDA:126,9,1,8
BRDA:126,10,0,12
BRDA:126,10,1,10
BRDA:152,11,0,4
BRDA:152,11,1,0
BRF:24
BRH:23
end_of_record
TN:
SF:lib/youtube.ts
FN:18,extractVideoId
FN:69,fetchTranscriptWithRetry
FN:81,(anonymous_2)
FN:125,(anonymous_3)
FN:143,(anonymous_4)
FN:162,(anonymous_5)
FN:198,formatTranscriptToMarkdown
FN:205,(anonymous_7)
FNF:8
FNH:0
FNDA:0,extractVideoId
FNDA:0,fetchTranscriptWithRetry
FNDA:0,(anonymous_2)
FNDA:0,(anonymous_3)
FNDA:0,(anonymous_4)
FNDA:0,(anonymous_5)
FNDA:0,formatTranscriptToMarkdown
FNDA:0,(anonymous_7)
DA:25,0
DA:30,0
DA:31,0
DA:32,0
DA:33,0
DA:37,0
DA:73,0
DA:75,0
DA:76,0
DA:78,0
DA:81,0
DA:89,0
DA:90,0
DA:95,0
DA:96,0
DA:102,0
DA:105,0
DA:110,0
DA:111,0
DA:117,0
DA:121,0
DA:123,0
DA:124,0
DA:125,0
DA:126,0
DA:129,0
DA:135,0
DA:140,0
DA:141,0
DA:142,0
DA:143,0
DA:144,0
DA:147,0
DA:153,0
DA:154,0
DA:160,0
DA:161,0
DA:162,0
DA:167,0
DA:203,0
DA:205,0
DA:207,0
DA:208,0
DA:209,0
DA:212,0
DA:217,0
DA:222,0
LF:47
LH:0
BRDA:32,0,0,0
BRDA:32,0,1,0
BRDA:32,1,0,0
BRDA:32,1,1,0
BRDA:71,2,0,0
BRDA:90,3,0,0
BRDA:90,3,1,0
BRDA:95,4,0,0
BRDA:95,4,1,0
BRDA:95,5,0,0
BRDA:95,5,1,0
BRDA:102,6,0,0
BRDA:102,6,1,0
BRDA:102,7,0,0
BRDA:102,7,1,0
BRDA:102,7,2,0
BRDA:110,8,0,0
BRDA:110,8,1,0
BRDA:110,9,0,0
BRDA:110,9,1,0
BRDA:117,10,0,0
BRDA:117,10,1,0
BRDA:117,11,0,0
BRDA:117,11,1,0
BRDA:117,11,2,0
BRDA:121,12,0,0
BRDA:121,12,1,0
BRDA:135,13,0,0
BRDA:135,13,1,0
BRDA:135,14,0,0
BRDA:135,14,1,0
BRDA:135,14,2,0
BRDA:135,14,3,0
BRDA:140,15,0,0
BRDA:140,15,1,0
BRDA:153,16,0,0
BRDA:153,16,1,0
BRDA:167,17,0,0
BRDA:167,17,1,0
BRDA:203,18,0,0
BRDA:203,18,1,0
BRDA:212,19,0,0
BRDA:212,19,1,0
BRDA:217,20,0,0
BRDA:217,20,1,0
BRF:45
BRH:0
end_of_record
TN:
SF:lib/extractors/domain.ts
FN:16,analyzeDomain
FN:66,detectPrimaryDomain
FN:131,detectSecondaryDomains
FN:173,calculateTechnicalDepth
FN:234,extractDomainTerms
FN:264,(anonymous_5)
FN:265,(anonymous_6)
FN:272,detectAcademicIndicators
FN:331,analyzeJargon
FN:348,(anonymous_9)
FN:358,calculateDomainConfidence
FN:388,isCommonWord
FNF:12
FNH:0
FNDA:0,analyzeDomain
FNDA:0,detectPrimaryDomain
FNDA:0,detectSecondaryDomains
FNDA:0,calculateTechnicalDepth
FNDA:0,extractDomainTerms
FNDA:0,(anonymous_5)
FNDA:0,(anonymous_6)
FNDA:0,detectAcademicIndicators
FNDA:0,analyzeJargon
FNDA:0,(anonymous_9)
FNDA:0,calculateDomainConfidence
FNDA:0,isCommonWord
DA:20,0
DA:30,0
DA:40,0
DA:41,0
DA:44,0
DA:47,0
DA:48,0
DA:49,0
DA:52,0
DA:71,0
DA:72,0
DA:76,0
DA:91,0
DA:92,0
DA:95,0
DA:96,0
DA:98,0
DA:99,0
DA:100,0
DA:101,0
DA:102,0
DA:103,0
DA:106,0
DA:110,0
DA:111,0
DA:113,0
DA:114,0
DA:115,0
DA:116,0
DA:121,0
DA:122,0
DA:125,0
DA:132,0
DA:135,0
DA:150,0
DA:152,0
DA:153,0
DA:155,0
DA:156,0
DA:157,0
DA:158,0
DA:159,0
DA:160,0
DA:161,0
DA:167,0
DA:174,0
DA:177,0
DA:198,0
DA:199,0
DA:200,0
DA:202,0
DA:203,0
DA:204,0
DA:207,0
DA:208,0
DA:209,0
DA:212,0
DA:213,0
DA:214,0
DA:218,0
DA:219,0
DA:220,0
DA:221,0
DA:222,0
DA:223,0
DA:225,0
DA:228,0
DA:235,0
DA:238,0
DA:249,0
DA:250,0
DA:251,0
DA:252,0
DA:253,0
DA:255,0
DA:256,0
DA:263,0
DA:264,0
DA:265,0
DA:278,0
DA:281,0
DA:284,0
DA:288,0
DA:293,0
DA:296,0
DA:297,0
DA:298,0
DA:301,0
DA:302,0
DA:306,0
DA:311,0
DA:312,0
DA:313,0
DA:314,0
DA:318,0
DA:320,0
DA:335,0
DA:336,0
DA:339,0
DA:340,0
DA:343,0
DA:344,0
DA:347,0
DA:348,0
DA:350,0
DA:352,0
DA:359,0
DA:361,0
DA:364,0
DA:365,0
DA:366,0
DA:367,0
DA:371,0
DA:372,0
DA:373,0
DA:374,0
DA:378,0
DA:379,0
DA:382,0
DA:389,0
DA:397,0
LF:121
LH:0
BRDA:48,0,0,0
BRDA:48,0,1,0
BRDA:71,1,0,0
BRDA:71,1,1,0
BRDA:96,2,0,0
BRDA:96,2,1,0
BRDA:102,3,0,0
BRDA:102,3,1,0
BRDA:114,4,0,0
BRDA:114,4,1,0
BRDA:121,5,0,0
BRDA:121,5,1,0
BRDA:153,6,0,0
BRDA:153,6,1,0
BRDA:157,7,0,0
BRDA:157,7,1,0
BRDA:159,8,0,0
BRDA:159,8,1,0
BRDA:204,9,0,0
BRDA:204,9,1,0
BRDA:209,10,0,0
BRDA:209,10,1,0
BRDA:214,11,0,0
BRDA:214,11,1,0
BRDA:218,12,0,0
BRDA:218,12,1,0
BRDA:220,13,0,0
BRDA:220,13,1,0
BRDA:222,14,0,0
BRDA:222,14,1,0
BRDA:251,15,0,0
BRDA:251,15,1,0
BRDA:255,16,0,0
BRDA:255,16,1,0
BRDA:255,17,0,0
BRDA:255,17,1,0
BRDA:256,18,0,0
BRDA:256,18,1,0
BRDA:281,19,0,0
BRDA:281,19,1,0
BRDA:281,19,2,0
BRDA:284,20,0,0
BRDA:284,20,1,0
BRDA:284,20,2,0
BRDA:288,21,0,0
BRDA:288,21,1,0
BRDA:288,21,2,0
BRDA:296,22,0,0
BRDA:296,22,1,0
BRDA:297,23,0,0
BRDA:297,23,1,0
BRDA:298,24,0,0
BRDA:298,24,1,0
BRDA:301,25,0,0
BRDA:301,25,1,0
BRDA:301,26,0,0
BRDA:301,26,1,0
BRDA:313,27,0,0
BRDA:313,27,1,0
BRDA:339,28,0,0
BRDA:339,28,1,0
BRDA:343,29,0,0
BRDA:343,29,1,0
BRDA:364,30,0,0
BRDA:364,30,1,0
BRDA:366,31,0,0
BRDA:366,31,1,0
BRDA:371,32,0,0
BRDA:371,32,1,0
BRDA:373,33,0,0
BRDA:373,33,1,0
BRDA:378,34,0,0
BRDA:378,34,1,0
BRDA:378,35,0,0
BRDA:378,35,1,0
BRF:75
BRH:0
end_of_record
TN:
SF:lib/extractors/emotional-tone.ts
FN:19,analyzeEmotionalTone
FN:67,detectPrimaryEmotion
FN:175,calculatePolarity
FN:224,calculateIntensity
FN:277,detectSecondaryEmotions
FN:321,(anonymous_5)
FN:323,(anonymous_6)
FN:329,detectEmotionalTransitions
FN:358,calculateEmotionalConfidence
FNF:9
FNH:0
FNDA:0,analyzeEmotionalTone
FNDA:0,detectPrimaryEmotion
FNDA:0,calculatePolarity
FNDA:0,calculateIntensity
FNDA:0,detectSecondaryEmotions
FNDA:0,(anonymous_5)
FNDA:0,(anonymous_6)
FNDA:0,detectEmotionalTransitions
FNDA:0,calculateEmotionalConfidence
DA:23,0
DA:32,0
DA:41,0
DA:49,0
DA:50,0
DA:51,0
DA:54,0
DA:72,0
DA:73,0
DA:77,0
DA:124,0
DA:131,0
DA:132,0
DA:133,0
DA:134,0
DA:139,0
DA:140,0
DA:141,0
DA:145,0
DA:146,0
DA:147,0
DA:149,0
DA:150,0
DA:151,0
DA:152,0
DA:153,0
DA:154,0
DA:155,0
DA:160,0
DA:161,0
DA:165,0
DA:166,0
DA:169,0
DA:180,0
DA:181,0
DA:185,0
DA:186,0
DA:189,0
DA:192,0
DA:193,0
DA:196,0
DA:197,0
DA:199,0
DA:200,0
DA:201,0
DA:202,0
DA:203,0
DA:204,0
DA:209,0
DA:210,0
DA:212,0
DA:213,0
DA:216,0
DA:218,0
DA:225,0
DA:228,0
DA:246,0
DA:247,0
DA:248,0
DA:250,0
DA:251,0
DA:253,0
DA:254,0
DA:256,0
DA:257,0
DA:261,0
DA:262,0
DA:265,0
DA:268,0
DA:269,0
DA:271,0
DA:282,0
DA:283,0
DA:287,0
DA:300,0
DA:301,0
DA:303,0
DA:304,0
DA:306,0
DA:307,0
DA:308,0
DA:311,0
DA:312,0
DA:320,0
DA:321,0
DA:323,0
DA:331,0
DA:332,0
DA:335,0
DA:338,0
DA:341,0
DA:342,0
DA:344,0
DA:345,0
DA:346,0
DA:347,0
DA:349,0
DA:352,0
DA:364,0
DA:367,0
DA:368,0
DA:369,0
DA:370,0
DA:371,0
DA:375,0
DA:376,0
DA:380,0
DA:381,0
DA:385,0
DA:386,0
DA:390,0
DA:391,0
DA:394,0
LF:113
LH:0
BRDA:50,0,0,0
BRDA:50,0,1,0
BRDA:72,1,0,0
BRDA:72,1,1,0
BRDA:72,2,0,0
BRDA:72,2,1,0
BRDA:72,2,2,0
BRDA:133,3,0,0
BRDA:133,3,1,0
BRDA:150,4,0,0
BRDA:150,4,1,0
BRDA:154,5,0,0
BRDA:154,5,1,0
BRDA:160,6,0,0
BRDA:160,6,1,0
BRDA:160,7,0,0
BRDA:160,7,1,0
BRDA:160,7,2,0
BRDA:165,8,0,0
BRDA:165,8,1,0
BRDA:180,9,0,0
BRDA:180,9,1,0
BRDA:192,10,0,0
BRDA:192,10,1,0
BRDA:193,11,0,0
BRDA:193,11,1,0
BRDA:201,12,0,0
BRDA:201,12,1,0
BRDA:203,13,0,0
BRDA:203,13,1,0
BRDA:210,14,0,0
BRDA:210,14,1,0
BRDA:251,15,0,0
BRDA:251,15,1,0
BRDA:254,16,0,0
BRDA:254,16,1,0
BRDA:257,17,0,0
BRDA:257,17,1,0
BRDA:268,18,0,0
BRDA:268,18,1,0
BRDA:269,19,0,0
BRDA:269,19,1,0
BRDA:282,20,0,0
BRDA:282,20,1,0
BRDA:282,21,0,0
BRDA:282,21,1,0
BRDA:304,22,0,0
BRDA:304,22,1,0
BRDA:304,23,0,0
BRDA:304,23,1,0
BRDA:308,24,0,0
BRDA:308,24,1,0
BRDA:311,25,0,0
BRDA:311,25,1,0
BRDA:331,26,0,0
BRDA:331,26,1,0
BRDA:332,27,0,0
BRDA:332,27,1,0
BRDA:338,28,0,0
BRDA:338,28,1,0
BRDA:346,29,0,0
BRDA:346,29,1,0
BRDA:346,30,0,0
BRDA:346,30,1,0
BRDA:368,31,0,0
BRDA:368,31,1,0
BRDA:370,32,0,0
BRDA:370,32,1,0
BRDA:375,33,0,0
BRDA:375,33,1,0
BRDA:380,34,0,0
BRDA:380,34,1,0
BRDA:380,35,0,0
BRDA:380,35,1,0
BRDA:385,36,0,0
BRDA:385,36,1,0
BRDA:390,37,0,0
BRDA:390,37,1,0
BRDA:390,38,0,0
BRDA:390,38,1,0
BRF:80
BRH:0
end_of_record
TN:
SF:lib/extractors/key-concepts.ts
FN:25,extractKeyConcepts
FN:72,(anonymous_1)
FN:92,extractConcepts
FN:152,extractEntities
FN:206,extractRelationships
FN:255,extractDomainTerms
FN:302,rankConcepts
FN:326,(anonymous_7)
FN:327,(anonymous_8)
FN:338,calculateConceptConfidence
FN:359,(anonymous_10)
[...]
FN:375,calculateConfidence
FN:381,(anonymous_16)
FN:382,(anonymous_17)
FN:383,(anonymous_18)
FN:384,(anonymous_19)
FNF:20
FNH:0
FNDA:0,extractStructuralPatterns
FNDA:0,detectPatterns
FNDA:0,(anonymous_2)
FNDA:0,(anonymous_3)
FNDA:0,detectHierarchyDepth
FNDA:0,detectListTypes
FNDA:0,detectTables
FNDA:0,detectCodeBlocks
FNDA:0,detectTemplateType
FNDA:0,detectIndentedCodeBlocks
FNDA:0,calculateListNesting
FNDA:0,(anonymous_11)
FNDA:0,(anonymous_12)
FNDA:0,calculateQuoteNesting
FNDA:0,(anonymous_14)
FNDA:0,calculateConfidence
FNDA:0,(anonymous_16)
FNDA:0,(anonymous_17)
FNDA:0,(anonymous_18)
FNDA:0,(anonymous_19)
DA:23,0
DA:33,0
DA:43,0
DA:46,0
DA:47,0
DA:48,0
DA:51,0
DA:66,0
DA:69,0
DA:70,0
DA:72,0
DA:73,0
DA:74,0
DA:78,0
DA:88,0
DA:89,0
DA:90,0
DA:92,0
DA:93,0
DA:106,0
DA:107,0
DA:109,0
DA:110,0
DA:122,0
DA:123,0
DA:125,0
DA:126,0
DA:138,0
DA:139,0
DA:141,0
DA:142,0
DA:154,0
DA:155,0
DA:157,0
DA:158,0
DA:170,0
DA:172,0
DA:173,0
DA:181,0
DA:189,0
DA:190,0
DA:192,0
DA:193,0
DA:197,0
DA:200,0
DA:203,0
DA:215,0
DA:218,0
DA:219,0
DA:223,0
DA:224,0
DA:228,0
DA:229,0
DA:233,0
DA:234,0
DA:237,0
DA:245,0
DA:246,0
DA:250,0
DA:251,0
DA:255,0
DA:256,0
DA:257,0
DA:258,0
DA:262,0
DA:270,0
DA:271,0
DA:275,0
DA:276,0
DA:280,0
DA:281,0
DA:282,0
DA:285,0
DA:296,0
DA:297,0
DA:301,0
DA:312,0
DA:313,0
DA:314,0
DA:318,0
DA:325,0
DA:326,0
DA:327,0
DA:329,0
DA:330,0
DA:332,0
DA:333,0
DA:334,0
DA:335,0
DA:336,0
DA:340,0
DA:347,0
DA:348,0
DA:350,0
DA:351,0
DA:352,0
DA:355,0
DA:362,0
DA:363,0
DA:365,0
DA:366,0
DA:369,0
DA:376,0
DA:378,0
DA:381,0
DA:382,0
DA:383,0
DA:384,0
DA:387,0
DA:390,0
DA:391,0
DA:392,0
DA:395,0
LF:113
LH:0
BRDA:47,0,0,0
BRDA:47,0,1,0
BRDA:69,1,0,0
BRDA:69,1,1,0
BRDA:70,2,0,0
BRDA:70,2,1,0
BRDA:72,3,0,0
BRDA:72,3,1,0
BRDA:72,4,0,0
BRDA:72,4,1,0
BRDA:73,5,0,0
BRDA:73,5,1,0
BRDA:77,6,0,0
BRDA:77,6,1,0
BRDA:88,7,0,0
BRDA:88,7,1,0
BRDA:89,8,0,0
BRDA:89,8,1,0
BRDA:90,9,0,0
BRDA:90,9,1,0
BRDA:92,10,0,0
BRDA:92,10,1,0
BRDA:106,11,0,0
BRDA:106,11,1,0
BRDA:107,12,0,0
BRDA:107,12,1,0
BRDA:109,13,0,0
BRDA:109,13,1,0
BRDA:122,14,0,0
BRDA:122,14,1,0
BRDA:125,15,0,0
BRDA:125,15,1,0
BRDA:138,16,0,0
BRDA:138,16,1,0
BRDA:139,17,0,0
BRDA:139,17,1,0
BRDA:141,18,0,0
BRDA:141,18,1,0
BRDA:154,19,0,0
BRDA:154,19,1,0
BRDA:155,20,0,0
BRDA:155,20,1,0
BRDA:157,21,0,0
BRDA:157,21,1,0
BRDA:170,22,0,0
BRDA:170,22,1,0
BRDA:172,23,0,0
BRDA:172,23,1,0
BRDA:218,24,0,0
BRDA:218,24,1,0
BRDA:223,25,0,0
BRDA:223,25,1,0
BRDA:228,26,0,0
BRDA:228,26,1,0
BRDA:233,27,0,0
BRDA:233,27,1,0
BRDA:245,28,0,0
BRDA:245,28,1,0
BRDA:250,29,0,0
BRDA:250,29,1,0
BRDA:257,30,0,0
BRDA:257,30,1,0
BRDA:270,31,0,0
BRDA:270,31,1,0
BRDA:275,32,0,0
BRDA:275,32,1,0
BRDA:280,33,0,0
BRDA:280,33,1,0
BRDA:281,34,0,0
BRDA:281,34,1,0
BRDA:296,35,0,0
BRDA:296,35,1,0
BRDA:313,36,0,0
BRDA:313,36,1,0
BRDA:330,37,0,0
BRDA:330,37,1,0
BRDA:332,38,0,0
BRDA:332,38,1,0
BRDA:332,39,0,0
BRDA:332,39,1,0
BRDA:335,40,0,0
BRDA:335,40,1,0
BRDA:335,41,0,0
BRDA:335,41,1,0
BRDA:347,42,0,0
BRDA:347,42,1,0
BRDA:348,43,0,0
BRDA:348,43,1,0
BRDA:351,44,0,0
BRDA:351,44,1,0
BRDA:362,45,0,0
BRDA:362,45,1,0
BRDA:363,46,0,0
BRDA:363,46,1,0
BRDA:366,47,0,0
BRDA:366,47,1,0
BRDA:376,48,0,0
BRDA:376,48,1,0
BRDA:381,49,0,0
BRDA:381,49,1,0
BRDA:381,50,0,0
BRDA:381,50,1,0
BRDA:382,51,0,0
BRDA:382,51,1,0
BRDA:382,52,0,0
BRDA:382,52,1,0
BRDA:383,53,0,0
BRDA:383,53,1,0
BRDA:384,54,0,0
BRDA:384,54,1,0
BRDA:387,55,0,0
BRDA:387,55,1,0
BRDA:392,56,0,0
BRDA:392,56,1,0
BRDA:392,57,0,0
BRDA:392,57,1,0
BRF:116
BRH:0
end_of_record
TN:
SF:lib/extractors/prompts/emotional.ts
FN:14,generateEmotionalPrompt
FN:59,generatePolarityPrompt
FN:89,generateIntensityPrompt
FN:137,validateEmotionalResponse
FN:184,parseEmotionalResponse
FN:209,getEmotionColor
FNF:6
FNH:0
FNDA:0,generateEmotionalPrompt
FNDA:0,generatePolarityPrompt
FNDA:0,generateIntensityPrompt
FNDA:0,validateEmotionalResponse
FNDA:0,parseEmotionalResponse
FNDA:0,getEmotionColor
DA:15,0
DA:60,0
DA:93,0
DA:113,0
DA:138,0
DA:141,0
DA:145,0
DA:148,0
DA:149,0
DA:152,0
DA:153,0
DA:155,0
DA:156,0
DA:157,0
DA:158,0
DA:163,0
DA:164,0
DA:165,0
DA:170,0
DA:171,0
DA:172,0
DA:175,0
DA:185,0
DA:187,0
DA:188,0
DA:190,0
DA:192,0
DA:193,0
DA:196,0
DA:198,0
DA:199,0
DA:210,0
DA:223,0
LF:33
LH:0
BRDA:138,0,0,0
BRDA:138,0,1,0
BRDA:138,1,0,0
BRDA:138,1,1,0
BRDA:145,2,0,0
BRDA:145,2,1,0
BRDA:148,3,0,0
BRDA:148,3,1,0
BRDA:149,4,0,0
BRDA:149,4,1,0
BRDA:149,5,0,0
BRDA:149,5,1,0
BRDA:152,6,0,0
BRDA:152,6,1,0
BRDA:153,7,0,0
BRDA:153,7,1,0
BRDA:156,8,0,0
BRDA:156,8,1,0
BRDA:157,9,0,0
BRDA:157,9,1,0
BRDA:158,10,0,0
BRDA:158,10,1,0
BRDA:158,11,0,0
BRDA:158,11,1,0
BRDA:163,12,0,0
BRDA:163,12,1,0
BRDA:164,13,0,0
BRDA:164,13,1,0
BRDA:170,14,0,0
BRDA:170,14,1,0
BRDA:171,15,0,0
BRDA:171,15,1,0
BRDA:172,16,0,0
BRDA:172,16,1,0
BRDA:172,17,0,0
BRDA:172,17,1,0
BRDA:188,18,0,0
BRDA:188,18,1,0
BRDA:192,19,0,0
BRDA:192,19,1,0
BRDA:223,20,0,0
BRDA:223,20,1,0
BRF:42
BRH:0
end_of_record
TN:
SF:lib/extractors/prompts/structural.ts
FN:12,generateStructuralPrompt
FN:53,generateTemplatePrompt
FN:84,generateHierarchyPrompt
FN:134,validateStructuralResponse
FN:161,parseStructuralResponse
FNF:5
FNH:0
FNDA:0,generateStructuralPrompt
FNDA:0,generateTemplatePrompt
FNDA:0,generateHierarchyPrompt
FNDA:0,validateStructuralResponse
FNDA:0,parseStructuralResponse
DA:13,0
DA:57,0
DA:85,0
DA:104,0
DA:135,0
DA:138,0
DA:139,0
DA:142,0
DA:143,0
DA:145,0
DA:146,0
DA:147,0
DA:148,0
DA:152,0
DA:162,0
DA:164,0
DA:165,0
DA:167,0
DA:169,0
DA:170,0
DA:173,0
DA:175,0
DA:176,0
LF:23
LH:0
BRDA:135,0,0,0
BRDA:135,0,1,0
BRDA:135,1,0,0
BRDA:135,1,1,0
BRDA:138,2,0,0
BRDA:138,2,1,0
BRDA:139,3,0,0
BRDA:139,3,1,0
BRDA:142,4,0,0
BRDA:142,4,1,0
BRDA:143,5,0,0
BRDA:143,5,1,0
BRDA:146,6,0,0
BRDA:146,6,1,0
BRDA:146,7,0,0
BRDA:146,7,1,0
BRDA:147,8,0,0
BRDA:147,8,1,0
BRDA:148,9,0,0
BRDA:148,9,1,0
BRDA:148,10,0,0
BRDA:148,10,1,0
BRDA:165,11,0,0
BRDA:165,11,1,0
BRDA:169,12,0,0
BRDA:169,12,1,0
BRF:26
BRH:0
end_of_record
TN:
SF:lib/validation/metadata-schemas.ts
FN:204,validateChunkMetadata
FN:216,validatePartialMetadata
FN:228,safeParseMetadata
FN:244,getValidationErrors
FN:245,(anonymous_4)
FN:255,(anonymous_5)
FN:256,(anonymous_6)
FN:257,(anonymous_7)
FN:258,(anonymous_8)
FN:259,(anonymous_9)
FN:260,(anonymous_10)
FN:261,(anonymous_11)
FN:262,(anonymous_12)
FNF:13
FNH:0
FNDA:0,validateChunkMetadata
FNDA:0,validatePartialMetadata
FNDA:0,safeParseMetadata
FNDA:0,getValidationErrors
FNDA:0,(anonymous_4)
FNDA:0,(anonymous_5)
FNDA:0,(anonymous_6)
FNDA:0,(anonymous_7)
FNDA:0,(anonymous_8)
FNDA:0,(anonymous_9)
FNDA:0,(anonymous_10)
FNDA:0,(anonymous_11)
FNDA:0,(anonymous_12)
DA:9,0
DA:16,0
DA:23,0
DA:31,0
DA:42,0
DA:55,0
DA:63,0
DA:71,0
DA:87,0
DA:97,0
DA:111,0
DA:133,0
DA:148,0
DA:164,0
DA:178,0
DA:190,0
DA:205,0
DA:206,0
DA:208,0
DA:209,0
DA:217,0
DA:218,0
DA:220,0
DA:221,0
DA:233,0
DA:234,0
DA:235,0
DA:237,0
DA:245,0
DA:246,0
DA:247,0
DA:254,0
DA:255,0
DA:256,0
DA:257,0
DA:258,0
DA:259,0
DA:260,0
DA:261,0
DA:262,0
LF:40
LH:0
BRDA:234,0,0,0
BRDA:234,0,1,0
BRF:2
BRH:0
end_of_record
TN:
SF:processors/base.ts
FN:67,(anonymous_0)
FN:114,(anonymous_1)
FN:150,(anonymous_2)
FN:182,(anonymous_3)
FN:203,(anonymous_4)
FN:241,(anonymous_5)
FN:247,(anonymous_6)
FN:263,(anonymous_7)
FN:279,(anonymous_8)
FN:291,(anonymous_9)
FNF:10
FNH:1
FNDA:7,(anonymous_0)
FNDA:0,(anonymous_1)
FNDA:0,(anonymous_2)
FNDA:0,(anonymous_3)
FNDA:0,(anonymous_4)
FNDA:0,(anonymous_5)
FNDA:0,(anonymous_6)
FNDA:0,(anonymous_7)
FNDA:0,(anonymous_8)
FNDA:0,(anonymous_9)
DA:73,7
DA:74,7
DA:75,7
DA:76,7
DA:121,0
DA:122,0
DA:137,0
DA:154,0
DA:155,0
DA:157,0
DA:158,0
DA:159,0
DA:161,0
DA:162,0
DA:165,0
DA:166,0
DA:170,0
DA:171,0
DA:172,0
DA:176,0
DA:177,0
DA:178,0
DA:182,0
DA:183,0
DA:187,0
DA:192,0
DA:207,0
DA:209,0
DA:213,0
DA:215,0
DA:217,0
DA:244,0
DA:246,0
DA:249,0
DA:250,0
DA:253,0
DA:254,0
DA:262,0
DA:263,0
DA:265,0
DA:270,0
DA:280,0
DA:281,0
DA:292,0
DA:296,0
DA:297,0
DA:300,0
LF:47
LH:4
BRDA:71,0,0,7
BRDA:119,1,0,0
BRDA:154,2,0,0
BRDA:154,2,1,0
BRDA:165,3,0,0
BRDA:165,3,1,0
BRDA:165,4,0,0
BRDA:165,4,1,0
BRDA:170,5,0,0
BRDA:170,5,1,0
BRDA:176,6,0,0
BRDA:176,6,1,0
BRDA:176,7,0,0
BRDA:176,7,1,0
BRDA:192,8,0,0
BRDA:192,8,1,0
BRDA:210,9,0,0
BRDA:210,9,1,0
BRDA:210,9,2,0
BRDA:227,10,0,0
BRDA:227,10,1,0
BRDA:249,11,0,0
BRDA:249,11,1,0
BRDA:263,12,0,0
BRDA:263,12,1,0
BRDA:280,13,0,0
BRDA:280,13,1,0
BRDA:281,14,0,0
BRDA:281,14,1,0
BRDA:296,15,0,0
BRDA:296,15,1,0
BRF:31
BRH:1
end_of_record
TN:
SF:processors/markdown-processor.ts
FN:41,(anonymous_0)
FN:47,(anonymous_1)
FN:68,(anonymous_2)
FN:96,(anonymous_3)
FN:102,(anonymous_4)
FN:147,(anonymous_5)
FN:153,(anonymous_6)
FN:162,(anonymous_7)
FN:170,(anonymous_8)
FN:183,(anonymous_9)
FN:220,(anonymous_10)
FN:224,(anonymous_11)
FN:225,(anonymous_12)
FN:232,(anonymous_13)
FN:234,(anonymous_14)
FN:237,(anonymous_15)
FN:243,(anonymous_16)
FNF:17
FNH:0
FNDA:0,(anonymous_0)
FNDA:0,(anonymous_1)
FNDA:0,(anonymous_2)
FNDA:0,(anonymous_3)
FNDA:0,(anonymous_4)
FNDA:0,(anonymous_5)
FNDA:0,(anonymous_6)
FNDA:0,(anonymous_7)
FNDA:0,(anonymous_8)
FNDA:0,(anonymous_9)
FNDA:0,(anonymous_10)
FNDA:0,(anonymous_11)
FNDA:0,(anonymous_12)
FNDA:0,(anonymous_13)
FNDA:0,(anonymous_14)
FNDA:0,(anonymous_15)
FNDA:0,(anonymous_16)
DA:42,0
DA:45,0
DA:46,0
DA:47,0
DA:51,0
DA:52,0
DA:55,0
DA:58,0
DA:61,0
DA:62,0
DA:65,0
DA:66,0
DA:68,0
DA:69,0
DA:70,0
DA:71,0
DA:73,0
DA:75,0
DA:87,0
DA:90,0
DA:91,0
DA:94,0
DA:95,0
DA:96,0
DA:98,0
DA:102,0
DA:148,0
DA:151,0
DA:152,0
DA:153,0
DA:157,0
DA:158,0
DA:161,0
DA:162,0
DA:166,0
DA:169,0
DA:170,0
DA:175,0
DA:178,0
DA:179,0
DA:183,0
DA:185,0
DA:188,0
DA:190,0
DA:191,0
DA:192,0
DA:197,0
DA:198,0
DA:211,0
DA:214,0
DA:215,0
DA:218,0
DA:219,0
DA:220,0
DA:223,0
DA:224,0
DA:225,0
DA:226,0
DA:231,0
DA:232,0
DA:234,0
DA:237,0
DA:239,0
DA:243,0
LF:64
LH:0
BRDA:61,0,0,0
BRDA:61,0,1,0
BRDA:73,1,0,0
BRDA:73,1,1,0
BRDA:95,2,0,0
BRDA:95,2,1,0
BRDA:102,3,0,0
BRDA:102,3,1,0
BRDA:178,4,0,0
BRDA:178,4,1,0
BRDA:185,5,0,0
BRDA:185,5,1,0
BRDA:188,6,0,0
BRDA:188,6,1,0
BRDA:197,7,0,0
BRDA:197,7,1,0
BRDA:219,8,0,0
BRDA:219,8,1,0
BRDA:226,9,0,0
BRDA:226,9,1,0
BRDA:243,10,0,0
BRDA:243,10,1,0
BRF:22
BRH:0
end_of_record
TN:
SF:processors/paste-processor.ts
FN:56,(anonymous_0)
FN:132,(anonymous_1)
FN:161,(anonymous_2)
FN:172,(anonymous_3)
FN:189,(anonymous_4)
FN:212,(anonymous_5)
FN:226,(anonymous_6)
FN:238,(anonymous_7)
FN:254,(anonymous_8)
FN:267,(anonymous_9)
FN:298,(anonymous_10)
FN:304,(anonymous_11)
FN:306,(anonymous_12)
FN:313,(anonymous_13)
FN:315,(anonymous_14)
FN:322,(anonymous_15)
FNF:16
FNH:0
FNDA:0,(anonymous_0)
FNDA:0,(anonymous_1)
FNDA:0,(anonymous_2)
FNDA:0,(anonymous_3)
FNDA:0,(anonymous_4)
FNDA:0,(anonymous_5)
FNDA:0,(anonymous_6)
FNDA:0,(anonymous_7)
FNDA:0,(anonymous_8)
FNDA:0,(anonymous_9)
FNDA:0,(anonymous_10)
FNDA:0,(anonymous_11)
FNDA:0,(anonymous_12)
FNDA:0,(anonymous_13)
FNDA:0,(anonymous_14)
FNDA:0,(anonymous_15)
DA:58,0
DA:59,0
DA:60,0
DA:63,0
DA:70,0
DA:71,0
DA:72,0
DA:73,0
DA:74,0
DA:78,0
DA:79,0
DA:80,0
DA:81,0
DA:85,0
DA:86,0
DA:87,0
DA:88,0
DA:89,0
DA:90,0
DA:94,0
DA:95,0
DA:101,0
DA:102,0
DA:108,0
DA:109,0
DA:117,0
DA:133,0
DA:136,0
DA:137,0
DA:138,0
DA:141,0
DA:144,0
DA:145,0
DA:149,0
DA:152,0
DA:154,0
DA:157,0
DA:160,0
DA:161,0
DA:165,0
DA:166,0
DA:167,0
DA:170,0
DA:171,0
DA:172,0
DA:177,0
DA:178,0
DA:182,0
DA:185,0
DA:187,0
DA:188,0
DA:189,0
DA:194,0
DA:196,0
DA:200,0
DA:203,0
DA:204,0
DA:206,0
DA:210,0
DA:211,0
DA:212,0
DA:226,0
DA:230,0
DA:234,0
DA:237,0
DA:238,0
DA:241,0
DA:245,0
DA:248,0
DA:250,0
DA:253,0
DA:254,0
DA:260,0
DA:261,0
DA:263,0
DA:264,0
DA:267,0
DA:268,0
DA:269,0
DA:270,0
DA:275,0
DA:276,0
DA:289,0
DA:292,0
DA:293,0
DA:296,0
DA:297,0
DA:298,0
DA:302,0
DA:303,0
DA:304,0
DA:305,0
DA:306,0
DA:307,0
DA:312,0
DA:313,0
DA:315,0
DA:318,0
DA:322,0
LF:99
LH:0
BRDA:59,0,0,0
BRDA:59,0,1,0
BRDA:63,1,0,0
BRDA:63,1,1,0
BRDA:63,1,2,0
BRDA:63,1,3,0
BRDA:71,2,0,0
BRDA:71,2,1,0
BRDA:72,3,0,0
BRDA:72,3,1,0
BRDA:78,4,0,0
BRDA:78,4,1,0
BRDA:85,5,0,0
BRDA:85,5,1,0
BRDA:86,6,0,0
BRDA:86,6,1,0
BRDA:87,7,0,0
BRDA:87,7,1,0
BRDA:88,8,0,0
BRDA:88,8,1,0
BRDA:89,9,0,0
BRDA:89,9,1,0
BRDA:90,10,0,0
BRDA:90,10,1,0
BRDA:94,11,0,0
BRDA:94,11,1,0
BRDA:101,12,0,0
BRDA:101,12,1,0
BRDA:108,13,0,0
BRDA:108,13,1,0
BRDA:137,14,0,0
BRDA:137,14,1,0
BRDA:152,15,0,0
BRDA:152,15,1,0
BRDA:152,15,2,0
BRDA:152,15,3,0
BRDA:165,16,0,0
BRDA:165,16,1,0
BRDA:165,17,0,0
BRDA:165,17,1,0
BRDA:187,18,0,0
BRDA:187,18,1,0
BRDA:200,19,0,0
BRDA:200,19,1,0
BRDA:203,20,0,0
BRDA:203,20,1,0
BRDA:204,21,0,0
BRDA:204,21,1,0
BRDA:210,22,0,0
BRDA:210,22,1,0
BRDA:226,23,0,0
BRDA:226,23,1,0
BRDA:248,24,0,0
BRDA:248,24,1,0
BRDA:248,25,0,0
BRDA:248,25,1,0
BRDA:260,26,0,0
BRDA:260,26,1,0
BRDA:263,27,0,0
BRDA:263,27,1,0
BRDA:275,28,0,0
BRDA:275,28,1,0
BRDA:279,29,0,0
BRDA:279,29,1,0
BRDA:280,30,0,0
BRDA:280,30,1,0
BRDA:297,31,0,0
BRDA:297,31,1,0
BRDA:302,32,0,0
BRDA:302,32,1,0
BRDA:302,33,0,0
BRDA:302,33,1,0
BRDA:305,34,0,0
BRDA:305,34,1,0
BRDA:307,35,0,0
BRDA:307,35,1,0
BRDA:322,36,0,0
BRDA:322,36,1,0
BRF:78
BRH:0
end_of_record
TN:
SF:processors/pdf-processor.ts
FN:94,(anonymous_0)
FN:125,(anonymous_1)
FN:128,(anonymous_2)
FN:161,(anonymous_3)
FN:166,(anonymous_4)
FN:196,(anonymous_5)
FN:202,(anonymous_6)
FN:222,(anonymous_7)
FN:227,(anonymous_8)
FN:261,(anonymous_9)
FN:262,(anonymous_10)
FN:279,(anonymous_11)
FN:325,(anonymous_12)
FN:339,(anonymous_13)
FN:354,(anonymous_14)
FN:376,(anonymous_15)
FNF:16
FNH:0
FNDA:0,(anonymous_0)
FNDA:0,(anonymous_1)
FNDA:0,(anonymous_2)
FNDA:0,(anonymous_3)
FNDA:0,(anonymous_4)
FNDA:0,(anonymous_5)
FNDA:0,(anonymous_6)
FNDA:0,(anonymous_7)
FNDA:0,(anonymous_8)
FNDA:0,(anonymous_9)
FNDA:0,(anonymous_10)
FNDA:0,(anonymous_11)
FNDA:0,(anonymous_12)
FNDA:0,(anonymous_13)
FNDA:0,(anonymous_14)
FNDA:0,(anonymous_15)
DA:14,1
DA:15,1
DA:21,1
DA:58,1
DA:95,0
DA:98,0
DA:100,0
DA:104,0
DA:105,0
DA:108,0
DA:109,0
DA:111,0
DA:112,0
DA:114,0
DA:117,0
DA:119,0
DA:120,0
DA:123,0
DA:126,0
DA:127,0
DA:129,0
DA:139,0
DA:140,0
DA:144,0
DA:145,0
DA:149,0
DA:150,0
DA:152,0
DA:155,0
DA:157,0
DA:158,0
DA:161,0
DA:162,0
DA:165,0
DA:166,0
DA:176,0
DA:179,0
DA:197,0
DA:198,0
DA:199,0
DA:201,0
DA:202,0
DA:203,0
DA:204,0
DA:206,0
DA:207,0
DA:211,0
DA:212,0
DA:223,0
DA:224,0
DA:227,0
DA:228,0
DA:229,0
DA:230,0
DA:231,0
DA:232,0
DA:235,0
DA:238,0
DA:240,0
DA:250,0
DA:261,0
DA:262,0
DA:263,0
DA:267,0
DA:269,0
DA:280,0
DA:281,0
DA:286,0
DA:288,0
DA:289,0
DA:290,0
DA:291,0
DA:292,0
DA:295,0
DA:298,0
DA:299,0
DA:304,0
DA:305,0
DA:307,0
DA:318,0
DA:320,0
DA:322,0
DA:323,0
DA:325,0
DA:334,0
DA:337,0
DA:339,0
DA:355,0
DA:356,0
DA:359,0
DA:366,0
DA:377,0
DA:378,0
DA:379,0
DA:380,0
DA:382,0
DA:383,0
DA:384,0
DA:385,0
DA:386,0
DA:388,0
DA:396,0
DA:397,0
DA:400,0
DA:401,0
DA:403,0
DA:406,0
DA:409,0
DA:412,0
LF:109
LH:4
BRDA:14,0,0,1
BRDA:14,0,1,1
BRDA:104,1,0,0
BRDA:104,1,1,0
BRDA:144,2,0,0
BRDA:144,2,1,0
BRDA:149,3,0,0
BRDA:149,3,1,0
BRDA:149,4,0,0
BRDA:149,4,1,0
BRDA:171,5,0,0
BRDA:171,5,1,0
BRDA:201,6,0,0
BRDA:201,6,1,0
BRDA:206,7,0,0
BRDA:206,7,1,0
BRDA:211,8,0,0
BRDA:211,8,1,0
BRDA:231,9,0,0
BRDA:231,9,1,0
BRDA:238,10,0,0
BRDA:238,10,1,0
BRDA:240,11,0,0
BRDA:240,11,1,0
BRDA:254,12,0,0
BRDA:254,12,1,0
BRDA:255,13,0,0
BRDA:255,13,1,0
BRDA:280,14,0,0
BRDA:280,14,1,0
BRDA:280,15,0,0
BRDA:280,15,1,0
BRDA:289,16,0,0
BRDA:289,16,1,0
BRDA:291,17,0,0
BRDA:291,17,1,0
BRDA:318,18,0,0
BRDA:318,18,1,0
BRDA:318,19,0,0
BRDA:318,19,1,0
BRDA:320,20,0,0
BRDA:320,20,1,0
BRDA:320,21,0,0
BRDA:320,21,1,0
BRDA:320,21,2,0
BRDA:341,22,0,0
BRDA:341,22,1,0
BRDA:342,23,0,0
BRDA:342,23,1,0
BRDA:343,24,0,0
BRDA:343,24,1,0
BRDA:384,25,0,0
BRDA:384,25,1,0
BRDA:396,26,0,0
BRDA:396,26,1,0
BRDA:400,27,0,0
BRDA:400,27,1,0
BRF:57
BRH:2
end_of_record
TN:
SF:processors/router.ts
FN:26,(anonymous_0)
FN:77,(anonymous_1)
FN:88,(anonymous_2)
FNF:3
FNH:3
FNDA:8,(anonymous_0)
FNDA:10,(anonymous_1)
FNDA:7,(anonymous_2)
DA:32,8
DA:34,8
DA:36,1
DA:37,1
DA:40,1
DA:41,1
DA:44,1
DA:45,1
DA:48,1
DA:49,1
DA:52,1
DA:53,1
DA:56,1
DA:57,1
DA:60,1
DA:61,1
DA:64,1
DA:65,1
DA:78,10
DA:79,10
DA:89,7
DA:98,7
LF:22
LH:22
BRDA:34,0,0,1
BRDA:34,0,1,1
BRDA:34,0,2,1
BRDA:34,0,3,1
BRDA:34,0,4,1
BRDA:34,0,5,1
BRDA:34,0,6,1
BRDA:34,0,7,1
BRDA:98,1,0,7
BRDA:98,1,1,0
BRF:10
BRH:9
end_of_record
TN:
SF:processors/text-processor.ts
FN:39,(anonymous_0)
FN:45,(anonymous_1)
FN:62,(anonymous_2)
FN:70,(anonymous_3)
FN:83,(anonymous_4)
FN:116,(anonymous_5)
FN:120,(anonymous_6)
FN:121,(anonymous_7)
FN:127,(anonymous_8)
FN:129,(anonymous_9)
FN:135,(anonymous_10)
FNF:11
FNH:0
FNDA:0,(anonymous_0)
FNDA:0,(anonymous_1)
FNDA:0,(anonymous_2)
FNDA:0,(anonymous_3)
FNDA:0,(anonymous_4)
FNDA:0,(anonymous_5)
FNDA:0,(anonymous_6)
FNDA:0,(anonymous_7)
FNDA:0,(anonymous_8)
FNDA:0,(anonymous_9)
FNDA:0,(anonymous_10)
DA:40,0
DA:43,0
DA:44,0
DA:45,0
DA:49,0
DA:50,0
DA:53,0
DA:54,0
DA:56,0
DA:57,0
DA:61,0
DA:62,0
DA:66,0
DA:69,0
DA:70,0
DA:75,0
DA:77,0
DA:79,0
DA:80,0
DA:83,0
DA:84,0
DA:85,0
DA:86,0
DA:91,0
DA:92,0
DA:103,0
DA:107,0
DA:110,0
DA:111,0
DA:114,0
DA:115,0
DA:116,0
DA:119,0
DA:120,0
DA:121,0
DA:122,0
DA:126,0
DA:127,0
DA:129,0
DA:131,0
DA:135,0
LF:41
LH:0
BRDA:56,0,0,0
BRDA:56,0,1,0
BRDA:75,1,0,0
BRDA:75,1,1,0
BRDA:79,2,0,0
BRDA:79,2,1,0
BRDA:91,3,0,0
BRDA:91,3,1,0
BRDA:115,4,0,0
BRDA:115,4,1,0
BRDA:122,5,0,0
BRDA:122,5,1,0
BRDA:135,6,0,0
BRDA:135,6,1,0
BRDA:144,7,0,0
BRDA:144,7,1,0
BRDA:145,8,0,0
BRDA:145,8,1,0
BRF:18
BRH:0
end_of_record
TN:
SF:processors/web-processor.ts
FN:36,(anonymous_0)
FN:59,(anonymous_1)
FN:88,(anonymous_2)
FN:116,(anonymous_3)
FN:175,(anonymous_4)
FN:224,(anonymous_5)
FNF:6
FNH:0
FNDA:0,(anonymous_0)
FNDA:0,(anonymous_1)
FNDA:0,(anonymous_2)
FNDA:0,(anonymous_3)
FNDA:0,(anonymous_4)
FNDA:0,(anonymous_5)
DA:37,0
DA:39,0
DA:41,0
DA:43,0
DA:44,0
DA:47,0
DA:48,0
DA:52,0
DA:55,0
DA:58,0
DA:59,0
DA:64,0
DA:65,0
DA:67,0
DA:70,0
DA:73,0
DA:75,0
DA:87,0
DA:89,0
DA:100,0
DA:105,0
DA:106,0
DA:107,0
DA:110,0
DA:113,0
DA:115,0
DA:116,0
DA:120,0
DA:123,0
DA:135,0
DA:136,0
DA:139,0
DA:141,0
DA:148,0
DA:155,0
DA:156,0
DA:159,0
DA:160,0
DA:164,0
DA:176,0
DA:214,0
DA:215,0
DA:218,0
DA:219,0
DA:220,0
DA:224,0
LF:46
LH:0
BRDA:37,0,0,0
BRDA:37,0,1,0
BRDA:43,1,0,0
BRDA:43,1,1,0
BRDA:47,2,0,0
BRDA:47,2,1,0
BRDA:64,3,0,0
BRDA:64,3,1,0
BRDA:80,4,0,0
BRDA:80,4,1,0
BRDA:81,5,0,0
BRDA:81,5,1,0
BRDA:82,6,0,0
BRDA:82,6,1,0
BRDA:105,7,0,0
BRDA:105,7,1,0
BRDA:106,8,0,0
BRDA:106,8,1,0
BRDA:125,9,0,0
BRDA:125,9,1,0
BRDA:126,10,0,0
BRDA:126,10,1,0
BRDA:127,11,0,0
BRDA:127,11,1,0
BRDA:128,12,0,0
BRDA:128,12,1,0
BRDA:155,13,0,0
BRDA:155,13,1,0
BRDA:159,14,0,0
BRDA:159,14,1,0
BRDA:214,15,0,0
BRDA:214,15,1,0
BRDA:219,16,0,0
BRDA:219,16,1,0
BRDA:219,17,0,0
BRDA:219,17,1,0
BRF:36
BRH:0
end_of_record
TN:
SF:processors/youtube-processor.ts
FN:33,(anonymous_0)
FN:50,(anonymous_1)
FN:154,(anonymous_2)
FN:162,(anonymous_3)
FN:204,(anonymous_4)
FN:226,(anonymous_5)
FN:230,(anonymous_6)
FN:251,(anonymous_7)
FN:265,(anonymous_8)
FNF:9
FNH:0
FNDA:0,(anonymous_0)
FNDA:0,(anonymous_1)
FNDA:0,(anonymous_2)
FNDA:0,(anonymous_3)
FNDA:0,(anonymous_4)
FNDA:0,(anonymous_5)
FNDA:0,(anonymous_6)
FNDA:0,(anonymous_7)
FNDA:0,(anonymous_8)
DA:34,0
DA:35,0
DA:36,0
DA:37,0
DA:41,0
DA:43,0
DA:44,0
DA:45,0
DA:49,0
DA:50,0
DA:54,0
DA:57,0
DA:60,0
DA:61,0
DA:63,0
DA:64,0
DA:71,0
DA:72,0
DA:73,0
DA:76,0
DA:77,0
DA:78,0
DA:83,0
DA:86,0
DA:89,0
DA:93,0
DA:95,0
DA:96,0
DA:97,0
DA:98,0
DA:100,0
DA:101,0
DA:104,0
DA:107,0
DA:110,0
DA:122,0
DA:125,0
DA:126,0
DA:127,0
DA:131,0
DA:138,0
DA:139,0
DA:143,0
DA:144,0
DA:150,0
DA:154,0
DA:163,0
DA:170,0
DA:171,0
DA:176,0
DA:177,0
DA:182,0
DA:183,0
DA:190,0
DA:205,0
DA:206,0
DA:208,0
DA:209,0
DA:210,0
DA:212,0
DA:213,0
DA:214,0
DA:219,0
DA:229,0
DA:230,0
DA:232,0
DA:233,0
DA:242,0
DA:252,0
DA:253,0
DA:254,0
DA:255,0
DA:256,0
DA:258,0
DA:266,0
LF:75
LH:0
BRDA:36,0,0,0
BRDA:36,0,1,0
BRDA:44,1,0,0
BRDA:44,1,1,0
BRDA:71,2,0,0
BRDA:71,2,1,0
BRDA:118,3,0,0
BRDA:118,3,1,0
BRDA:125,4,0,0
BRDA:125,4,1,0
BRDA:126,5,0,0
BRDA:126,5,1,0
BRDA:127,6,0,0
BRDA:127,6,1,0
BRDA:163,7,0,0
BRDA:163,7,1,0
BRDA:170,8,0,0
BRDA:170,8,1,0
BRDA:176,9,0,0
BRDA:176,9,1,0
BRDA:182,10,0,0
BRDA:182,10,1,0
BRDA:210,11,0,0
BRDA:210,11,1,0
BRDA:213,12,0,0
BRDA:213,12,1,0
BRDA:254,13,0,0
BRDA:254,13,1,0
BRF:28
BRH:0
end_of_record
